{"/home/sidd/Desktop/Coding/projects/Rootaroo_new/server/src/config/database.ts": {"path":"/home/sidd/Desktop/Coding/projects/Rootaroo_new/server/src/config/database.ts","statementMap":{"0":{"start":{"line":29,"column":0},"end":{"line":29,"column":7}},"1":{"start":{"line":1,"column":0},"end":{"line":1,"column":38}},"2":{"start":{"line":2,"column":0},"end":{"line":2,"column":28}},"3":{"start":{"line":4,"column":19},"end":{"line":4,"column":46}},"4":{"start":{"line":6,"column":18},"end":{"line":25,"column":2}},"5":{"start":{"line":27,"column":0},"end":{"line":27,"column":25}},"6":{"start":{"line":30,"column":2},"end":{"line":36,"column":3}},"7":{"start":{"line":31,"column":4},"end":{"line":31,"column":35}},"8":{"start":{"line":32,"column":4},"end":{"line":32,"column":67}},"9":{"start":{"line":34,"column":4},"end":{"line":34,"column":65}},"10":{"start":{"line":35,"column":4},"end":{"line":35,"column":16}}},"fnMap":{"0":{"name":"testDatabaseConnection","decl":{"start":{"line":29,"column":22},"end":{"line":29,"column":44}},"loc":{"start":{"line":29,"column":44},"end":{"line":37,"column":1}}}},"branchMap":{"0":{"loc":{"start":{"line":4,"column":19},"end":{"line":4,"column":46}},"type":"binary-expr","locations":[{"start":{"line":4,"column":19},"end":{"line":4,"column":40}},{"start":{"line":4,"column":44},"end":{"line":4,"column":46}}]},"1":{"loc":{"start":{"line":8,"column":6},"end":{"line":10,"column":46}},"type":"cond-expr","locations":[{"start":{"line":9,"column":6},"end":{"line":9,"column":40}},{"start":{"line":10,"column":6},"end":{"line":10,"column":46}}]},"2":{"loc":{"start":{"line":12,"column":11},"end":{"line":12,"column":62}},"type":"cond-expr","locations":[{"start":{"line":12,"column":43},"end":{"line":12,"column":54}},{"start":{"line":12,"column":57},"end":{"line":12,"column":62}}]}},"s":{"0":1,"1":1,"2":1,"3":1,"4":1,"5":1,"6":0,"7":0,"8":0,"9":0,"10":0},"f":{"0":0},"b":{"0":[1,0],"1":[1,0],"2":[0,1]}}
,"/home/sidd/Desktop/Coding/projects/Rootaroo_new/server/src/config/env.ts": {"path":"/home/sidd/Desktop/Coding/projects/Rootaroo_new/server/src/config/env.ts","statementMap":{"0":{"start":{"line":1,"column":0},"end":{"line":1,"column":28}},"1":{"start":{"line":3,"column":0},"end":{"line":3,"column":16}},"2":{"start":{"line":5,"column":13},"end":{"line":103,"column":2}},"3":{"start":{"line":111,"column":0},"end":{"line":137,"column":1}},"4":{"start":{"line":112,"column":18},"end":{"line":122,"column":19}},"5":{"start":{"line":124,"column":2},"end":{"line":128,"column":3}},"6":{"start":{"line":126,"column":4},"end":{"line":126,"column":108}},"7":{"start":{"line":127,"column":4},"end":{"line":127,"column":20}},"8":{"start":{"line":133,"column":2},"end":{"line":136,"column":3}},"9":{"start":{"line":135,"column":4},"end":{"line":135,"column":127}}},"fnMap":{},"branchMap":{"0":{"loc":{"start":{"line":6,"column":11},"end":{"line":6,"column":48}},"type":"binary-expr","locations":[{"start":{"line":6,"column":11},"end":{"line":6,"column":31}},{"start":{"line":6,"column":35},"end":{"line":6,"column":48}}]},"1":{"loc":{"start":{"line":7,"column":17},"end":{"line":7,"column":43}},"type":"binary-expr","locations":[{"start":{"line":7,"column":17},"end":{"line":7,"column":33}},{"start":{"line":7,"column":37},"end":{"line":7,"column":43}}]},"2":{"loc":{"start":{"line":11,"column":15},"end":{"line":11,"column":47}},"type":"binary-expr","locations":[{"start":{"line":11,"column":15},"end":{"line":11,"column":41}},{"start":{"line":11,"column":45},"end":{"line":11,"column":47}}]},"3":{"loc":{"start":{"line":17,"column":23},"end":{"line":17,"column":63}},"type":"binary-expr","locations":[{"start":{"line":17,"column":23},"end":{"line":17,"column":57}},{"start":{"line":17,"column":61},"end":{"line":17,"column":63}}]},"4":{"loc":{"start":{"line":21,"column":10},"end":{"line":21,"column":44}},"type":"binary-expr","locations":[{"start":{"line":21,"column":10},"end":{"line":21,"column":29}},{"start":{"line":21,"column":33},"end":{"line":21,"column":44}}]},"5":{"loc":{"start":{"line":22,"column":19},"end":{"line":22,"column":48}},"type":"binary-expr","locations":[{"start":{"line":22,"column":19},"end":{"line":22,"column":38}},{"start":{"line":22,"column":42},"end":{"line":22,"column":48}}]},"6":{"loc":{"start":{"line":23,"column":10},"end":{"line":23,"column":39}},"type":"binary-expr","locations":[{"start":{"line":23,"column":10},"end":{"line":23,"column":29}},{"start":{"line":23,"column":33},"end":{"line":23,"column":39}}]},"7":{"loc":{"start":{"line":24,"column":14},"end":{"line":24,"column":43}},"type":"binary-expr","locations":[{"start":{"line":24,"column":14},"end":{"line":24,"column":37}},{"start":{"line":24,"column":41},"end":{"line":24,"column":43}}]},"8":{"loc":{"start":{"line":25,"column":10},"end":{"line":25,"column":47}},"type":"binary-expr","locations":[{"start":{"line":25,"column":10},"end":{"line":25,"column":29}},{"start":{"line":25,"column":33},"end":{"line":25,"column":47}}]},"9":{"loc":{"start":{"line":29,"column":10},"end":{"line":29,"column":47}},"type":"binary-expr","locations":[{"start":{"line":29,"column":10},"end":{"line":29,"column":32}},{"start":{"line":29,"column":36},"end":{"line":29,"column":47}}]},"10":{"loc":{"start":{"line":30,"column":19},"end":{"line":30,"column":51}},"type":"binary-expr","locations":[{"start":{"line":30,"column":19},"end":{"line":30,"column":41}},{"start":{"line":30,"column":45},"end":{"line":30,"column":51}}]},"11":{"loc":{"start":{"line":34,"column":14},"end":{"line":34,"column":53}},"type":"binary-expr","locations":[{"start":{"line":34,"column":14},"end":{"line":34,"column":40}},{"start":{"line":34,"column":44},"end":{"line":34,"column":53}}]},"12":{"loc":{"start":{"line":38,"column":18},"end":{"line":38,"column":70}},"type":"binary-expr","locations":[{"start":{"line":38,"column":18},"end":{"line":38,"column":47}},{"start":{"line":38,"column":51},"end":{"line":38,"column":70}}]},"13":{"loc":{"start":{"line":39,"column":19},"end":{"line":39,"column":73}},"type":"binary-expr","locations":[{"start":{"line":39,"column":19},"end":{"line":39,"column":49}},{"start":{"line":39,"column":53},"end":{"line":39,"column":73}}]},"14":{"loc":{"start":{"line":40,"column":18},"end":{"line":40,"column":56}},"type":"binary-expr","locations":[{"start":{"line":40,"column":18},"end":{"line":40,"column":47}},{"start":{"line":40,"column":51},"end":{"line":40,"column":56}}]},"15":{"loc":{"start":{"line":41,"column":19},"end":{"line":41,"column":58}},"type":"binary-expr","locations":[{"start":{"line":41,"column":19},"end":{"line":41,"column":49}},{"start":{"line":41,"column":53},"end":{"line":41,"column":58}}]},"16":{"loc":{"start":{"line":47,"column":20},"end":{"line":47,"column":78}},"type":"binary-expr","locations":[{"start":{"line":47,"column":20},"end":{"line":47,"column":50}},{"start":{"line":47,"column":54},"end":{"line":47,"column":78}}]},"17":{"loc":{"start":{"line":50,"column":14},"end":{"line":50,"column":48}},"type":"binary-expr","locations":[{"start":{"line":50,"column":14},"end":{"line":50,"column":42}},{"start":{"line":50,"column":46},"end":{"line":50,"column":48}}]},"18":{"loc":{"start":{"line":51,"column":18},"end":{"line":51,"column":56}},"type":"binary-expr","locations":[{"start":{"line":51,"column":18},"end":{"line":51,"column":50}},{"start":{"line":51,"column":54},"end":{"line":51,"column":56}}]},"19":{"loc":{"start":{"line":52,"column":17},"end":{"line":52,"column":54}},"type":"binary-expr","locations":[{"start":{"line":52,"column":17},"end":{"line":52,"column":48}},{"start":{"line":52,"column":52},"end":{"line":52,"column":54}}]},"20":{"loc":{"start":{"line":56,"column":14},"end":{"line":56,"column":63}},"type":"binary-expr","locations":[{"start":{"line":56,"column":14},"end":{"line":56,"column":41}},{"start":{"line":56,"column":45},"end":{"line":56,"column":63}}]},"21":{"loc":{"start":{"line":63,"column":16},"end":{"line":63,"column":52}},"type":"binary-expr","locations":[{"start":{"line":63,"column":16},"end":{"line":63,"column":46}},{"start":{"line":63,"column":50},"end":{"line":63,"column":52}}]},"22":{"loc":{"start":{"line":64,"column":15},"end":{"line":64,"column":50}},"type":"binary-expr","locations":[{"start":{"line":64,"column":15},"end":{"line":64,"column":44}},{"start":{"line":64,"column":48},"end":{"line":64,"column":50}}]},"23":{"loc":{"start":{"line":65,"column":16},"end":{"line":65,"column":53}},"type":"binary-expr","locations":[{"start":{"line":65,"column":16},"end":{"line":65,"column":47}},{"start":{"line":65,"column":51},"end":{"line":65,"column":53}}]},"24":{"loc":{"start":{"line":74,"column":14},"end":{"line":74,"column":43}},"type":"binary-expr","locations":[{"start":{"line":74,"column":14},"end":{"line":74,"column":37}},{"start":{"line":74,"column":41},"end":{"line":74,"column":43}}]},"25":{"loc":{"start":{"line":75,"column":17},"end":{"line":75,"column":61}},"type":"binary-expr","locations":[{"start":{"line":75,"column":17},"end":{"line":75,"column":45}},{"start":{"line":75,"column":49},"end":{"line":75,"column":61}}]},"26":{"loc":{"start":{"line":76,"column":21},"end":{"line":76,"column":69}},"type":"binary-expr","locations":[{"start":{"line":76,"column":21},"end":{"line":76,"column":53}},{"start":{"line":76,"column":57},"end":{"line":76,"column":69}}]},"27":{"loc":{"start":{"line":77,"column":12},"end":{"line":77,"column":51}},"type":"binary-expr","locations":[{"start":{"line":77,"column":12},"end":{"line":77,"column":33}},{"start":{"line":77,"column":37},"end":{"line":77,"column":51}}]},"28":{"loc":{"start":{"line":78,"column":12},"end":{"line":78,"column":48}},"type":"binary-expr","locations":[{"start":{"line":78,"column":12},"end":{"line":78,"column":33}},{"start":{"line":78,"column":37},"end":{"line":78,"column":48}}]},"29":{"loc":{"start":{"line":83,"column":10},"end":{"line":83,"column":37}},"type":"binary-expr","locations":[{"start":{"line":83,"column":10},"end":{"line":83,"column":31}},{"start":{"line":83,"column":35},"end":{"line":83,"column":37}}]},"30":{"loc":{"start":{"line":84,"column":19},"end":{"line":84,"column":49}},"type":"binary-expr","locations":[{"start":{"line":84,"column":19},"end":{"line":84,"column":40}},{"start":{"line":84,"column":44},"end":{"line":84,"column":49}}]},"31":{"loc":{"start":{"line":85,"column":10},"end":{"line":85,"column":37}},"type":"binary-expr","locations":[{"start":{"line":85,"column":10},"end":{"line":85,"column":31}},{"start":{"line":85,"column":35},"end":{"line":85,"column":37}}]},"32":{"loc":{"start":{"line":86,"column":10},"end":{"line":86,"column":37}},"type":"binary-expr","locations":[{"start":{"line":86,"column":10},"end":{"line":86,"column":31}},{"start":{"line":86,"column":35},"end":{"line":86,"column":37}}]},"33":{"loc":{"start":{"line":87,"column":10},"end":{"line":87,"column":58}},"type":"binary-expr","locations":[{"start":{"line":87,"column":10},"end":{"line":87,"column":32}},{"start":{"line":87,"column":36},"end":{"line":87,"column":58}}]},"34":{"loc":{"start":{"line":92,"column":14},"end":{"line":92,"column":43}},"type":"binary-expr","locations":[{"start":{"line":92,"column":14},"end":{"line":92,"column":37}},{"start":{"line":92,"column":41},"end":{"line":92,"column":43}}]},"35":{"loc":{"start":{"line":97,"column":15},"end":{"line":97,"column":46}},"type":"binary-expr","locations":[{"start":{"line":97,"column":15},"end":{"line":97,"column":40}},{"start":{"line":97,"column":44},"end":{"line":97,"column":46}}]},"36":{"loc":{"start":{"line":99,"column":13},"end":{"line":99,"column":41}},"type":"binary-expr","locations":[{"start":{"line":99,"column":13},"end":{"line":99,"column":35}},{"start":{"line":99,"column":39},"end":{"line":99,"column":41}}]},"37":{"loc":{"start":{"line":100,"column":16},"end":{"line":100,"column":67}},"type":"binary-expr","locations":[{"start":{"line":100,"column":16},"end":{"line":100,"column":40}},{"start":{"line":100,"column":44},"end":{"line":100,"column":67}}]},"38":{"loc":{"start":{"line":101,"column":12},"end":{"line":101,"column":44}},"type":"binary-expr","locations":[{"start":{"line":101,"column":12},"end":{"line":101,"column":33}},{"start":{"line":101,"column":37},"end":{"line":101,"column":44}}]},"39":{"loc":{"start":{"line":102,"column":13},"end":{"line":102,"column":50}},"type":"binary-expr","locations":[{"start":{"line":102,"column":13},"end":{"line":102,"column":35}},{"start":{"line":102,"column":39},"end":{"line":102,"column":50}}]},"40":{"loc":{"start":{"line":111,"column":0},"end":{"line":137,"column":1}},"type":"if","locations":[{"start":{"line":111,"column":0},"end":{"line":137,"column":1}}]},"41":{"loc":{"start":{"line":113,"column":4},"end":{"line":113,"column":57}},"type":"binary-expr","locations":[{"start":{"line":113,"column":4},"end":{"line":113,"column":34}},{"start":{"line":113,"column":38},"end":{"line":113,"column":57}}]},"42":{"loc":{"start":{"line":114,"column":4},"end":{"line":114,"column":59}},"type":"binary-expr","locations":[{"start":{"line":114,"column":4},"end":{"line":114,"column":35}},{"start":{"line":114,"column":39},"end":{"line":114,"column":59}}]},"43":{"loc":{"start":{"line":115,"column":4},"end":{"line":115,"column":55}},"type":"binary-expr","locations":[{"start":{"line":115,"column":4},"end":{"line":115,"column":33}},{"start":{"line":115,"column":37},"end":{"line":115,"column":55}}]},"44":{"loc":{"start":{"line":116,"column":4},"end":{"line":116,"column":63}},"type":"binary-expr","locations":[{"start":{"line":116,"column":4},"end":{"line":116,"column":37}},{"start":{"line":116,"column":41},"end":{"line":116,"column":63}}]},"45":{"loc":{"start":{"line":117,"column":4},"end":{"line":117,"column":41}},"type":"binary-expr","locations":[{"start":{"line":117,"column":4},"end":{"line":117,"column":26}},{"start":{"line":117,"column":30},"end":{"line":117,"column":41}}]},"46":{"loc":{"start":{"line":118,"column":4},"end":{"line":118,"column":59}},"type":"binary-expr","locations":[{"start":{"line":118,"column":4},"end":{"line":118,"column":35}},{"start":{"line":118,"column":39},"end":{"line":118,"column":59}}]},"47":{"loc":{"start":{"line":120,"column":4},"end":{"line":120,"column":89}},"type":"binary-expr","locations":[{"start":{"line":120,"column":4},"end":{"line":120,"column":38}},{"start":{"line":120,"column":42},"end":{"line":120,"column":69}},{"start":{"line":120,"column":73},"end":{"line":120,"column":89}}]},"48":{"loc":{"start":{"line":121,"column":4},"end":{"line":121,"column":105}},"type":"binary-expr","locations":[{"start":{"line":121,"column":4},"end":{"line":121,"column":38}},{"start":{"line":121,"column":42},"end":{"line":121,"column":77}},{"start":{"line":121,"column":81},"end":{"line":121,"column":105}}]},"49":{"loc":{"start":{"line":124,"column":2},"end":{"line":128,"column":3}},"type":"if","locations":[{"start":{"line":124,"column":2},"end":{"line":128,"column":3}}]},"50":{"loc":{"start":{"line":133,"column":2},"end":{"line":136,"column":3}},"type":"if","locations":[{"start":{"line":133,"column":2},"end":{"line":136,"column":3}}]}},"s":{"0":13,"1":13,"2":13,"3":13,"4":0,"5":0,"6":0,"7":0,"8":0,"9":0},"f":{},"b":{"0":[13,0],"1":[13,0],"2":[13,13],"3":[13,13],"4":[13,0],"5":[13,0],"6":[13,0],"7":[13,13],"8":[13,0],"9":[13,0],"10":[13,0],"11":[13,13],"12":[13,0],"13":[13,0],"14":[13,0],"15":[13,0],"16":[13,13],"17":[13,0],"18":[13,0],"19":[13,0],"20":[13,13],"21":[13,13],"22":[13,13],"23":[13,13],"24":[13,13],"25":[13,0],"26":[13,0],"27":[13,0],"28":[13,0],"29":[13,0],"30":[13,0],"31":[13,0],"32":[13,0],"33":[13,0],"34":[13,13],"35":[13,13],"36":[13,13],"37":[13,0],"38":[13,0],"39":[13,13],"40":[0],"41":[0,0],"42":[0,0],"43":[0,0],"44":[0,0],"45":[0,0],"46":[0,0],"47":[0,0,0],"48":[0,0,0],"49":[0],"50":[0]}}
,"/home/sidd/Desktop/Coding/projects/Rootaroo_new/server/src/config/redis.ts": {"path":"/home/sidd/Desktop/Coding/projects/Rootaroo_new/server/src/config/redis.ts","statementMap":{"0":{"start":{"line":1,"column":0},"end":{"line":1,"column":28}},"1":{"start":{"line":2,"column":0},"end":{"line":2,"column":28}},"2":{"start":{"line":4,"column":14},"end":{"line":21,"column":2}},"3":{"start":{"line":15,"column":4},"end":{"line":15,"column":41}},"4":{"start":{"line":23,"column":20},"end":{"line":23,"column":25}},"5":{"start":{"line":25,"column":0},"end":{"line":28,"column":3}},"6":{"start":{"line":26,"column":2},"end":{"line":26,"column":24}},"7":{"start":{"line":27,"column":2},"end":{"line":27,"column":49}},"8":{"start":{"line":30,"column":0},"end":{"line":37,"column":3}},"9":{"start":{"line":33,"column":2},"end":{"line":36,"column":3}},"10":{"start":{"line":34,"column":4},"end":{"line":34,"column":99}},"11":{"start":{"line":35,"column":4},"end":{"line":35,"column":25}},"12":{"start":{"line":39,"column":0},"end":{"line":39,"column":21}}},"fnMap":{"0":{"name":"(anonymous_1)","decl":{"start":{"line":14,"column":2},"end":{"line":14,"column":15}},"loc":{"start":{"line":14,"column":21},"end":{"line":16,"column":3}}},"1":{"name":"(anonymous_2)","decl":{"start":{"line":25,"column":20},"end":{"line":25,"column":23}},"loc":{"start":{"line":25,"column":25},"end":{"line":28,"column":1}}},"2":{"name":"(anonymous_3)","decl":{"start":{"line":30,"column":18},"end":{"line":30,"column":19}},"loc":{"start":{"line":30,"column":26},"end":{"line":37,"column":1}}}},"branchMap":{"0":{"loc":{"start":{"line":33,"column":2},"end":{"line":36,"column":3}},"type":"if","locations":[{"start":{"line":33,"column":2},"end":{"line":36,"column":3}}]}},"s":{"0":0,"1":0,"2":0,"3":0,"4":0,"5":0,"6":0,"7":0,"8":0,"9":0,"10":0,"11":0,"12":0},"f":{"0":0,"1":0,"2":0},"b":{"0":[0]}}
,"/home/sidd/Desktop/Coding/projects/Rootaroo_new/server/src/config/s3.ts": {"path":"/home/sidd/Desktop/Coding/projects/Rootaroo_new/server/src/config/s3.ts","statementMap":{"0":{"start":{"line":1,"column":0},"end":{"line":1,"column":62}},"1":{"start":{"line":2,"column":0},"end":{"line":2,"column":28}},"2":{"start":{"line":4,"column":33},"end":{"line":12,"column":2}},"3":{"start":{"line":14,"column":13},"end":{"line":14,"column":47}},"4":{"start":{"line":15,"column":13},"end":{"line":15,"column":39}}},"fnMap":{},"branchMap":{"0":{"loc":{"start":{"line":5,"column":10},"end":{"line":5,"column":33}},"type":"binary-expr","locations":[{"start":{"line":5,"column":10},"end":{"line":5,"column":23}},{"start":{"line":5,"column":27},"end":{"line":5,"column":33}}]},"1":{"loc":{"start":{"line":6,"column":12},"end":{"line":6,"column":40}},"type":"binary-expr","locations":[{"start":{"line":6,"column":12},"end":{"line":6,"column":27}},{"start":{"line":6,"column":31},"end":{"line":6,"column":40}}]}},"s":{"0":4,"1":4,"2":4,"3":4,"4":4},"f":{},"b":{"0":[4,0],"1":[4,4]}}
,"/home/sidd/Desktop/Coding/projects/Rootaroo_new/server/src/config/swagger.ts": {"path":"/home/sidd/Desktop/Coding/projects/Rootaroo_new/server/src/config/swagger.ts","statementMap":{"0":{"start":{"line":1,"column":0},"end":{"line":1,"column":41}},"1":{"start":{"line":3,"column":38},"end":{"line":25,"column":2}},"2":{"start":{"line":27,"column":13},"end":{"line":27,"column":49}}},"fnMap":{},"branchMap":{},"s":{"0":0,"1":0,"2":0},"f":{},"b":{}}
,"/home/sidd/Desktop/Coding/projects/Rootaroo_new/server/src/jobs/calendar-sync.ts": {"path":"/home/sidd/Desktop/Coding/projects/Rootaroo_new/server/src/jobs/calendar-sync.ts","statementMap":{"0":{"start":{"line":11,"column":0},"end":{"line":11,"column":16}},"1":{"start":{"line":1,"column":0},"end":{"line":1,"column":29}},"2":{"start":{"line":2,"column":0},"end":{"line":2,"column":55}},"3":{"start":{"line":3,"column":0},"end":{"line":3,"column":63}},"4":{"start":{"line":4,"column":0},"end":{"line":4,"column":44}},"5":{"start":{"line":12,"column":2},"end":{"line":24,"column":5}},"6":{"start":{"line":13,"column":19},"end":{"line":13,"column":105}},"7":{"start":{"line":14,"column":4},"end":{"line":20,"column":5}},"8":{"start":{"line":15,"column":6},"end":{"line":19,"column":7}},"9":{"start":{"line":16,"column":8},"end":{"line":16,"column":45}},"10":{"start":{"line":18,"column":8},"end":{"line":18,"column":78}},"11":{"start":{"line":21,"column":4},"end":{"line":23,"column":5}},"12":{"start":{"line":22,"column":6},"end":{"line":22,"column":90}},"13":{"start":{"line":26,"column":2},"end":{"line":26,"column":77}}},"fnMap":{"0":{"name":"startCalendarSyncJob","decl":{"start":{"line":11,"column":16},"end":{"line":11,"column":36}},"loc":{"start":{"line":11,"column":36},"end":{"line":27,"column":1}}},"1":{"name":"(anonymous_2)","decl":{"start":{"line":12,"column":32},"end":{"line":12,"column":37}},"loc":{"start":{"line":12,"column":43},"end":{"line":24,"column":3}}}},"branchMap":{"0":{"loc":{"start":{"line":21,"column":4},"end":{"line":23,"column":5}},"type":"if","locations":[{"start":{"line":21,"column":4},"end":{"line":23,"column":5}}]}},"s":{"0":0,"1":0,"2":0,"3":0,"4":0,"5":0,"6":0,"7":0,"8":0,"9":0,"10":0,"11":0,"12":0,"13":0},"f":{"0":0,"1":0},"b":{"0":[0]}}
,"/home/sidd/Desktop/Coding/projects/Rootaroo_new/server/src/jobs/event-reminder.ts": {"path":"/home/sidd/Desktop/Coding/projects/Rootaroo_new/server/src/jobs/event-reminder.ts","statementMap":{"0":{"start":{"line":12,"column":0},"end":{"line":12,"column":16}},"1":{"start":{"line":1,"column":0},"end":{"line":1,"column":29}},"2":{"start":{"line":2,"column":0},"end":{"line":2,"column":44}},"3":{"start":{"line":3,"column":0},"end":{"line":3,"column":67}},"4":{"start":{"line":13,"column":2},"end":{"line":22,"column":5}},"5":{"start":{"line":14,"column":4},"end":{"line":21,"column":5}},"6":{"start":{"line":15,"column":19},"end":{"line":15,"column":47}},"7":{"start":{"line":16,"column":6},"end":{"line":18,"column":7}},"8":{"start":{"line":17,"column":8},"end":{"line":17,"column":84}},"9":{"start":{"line":20,"column":6},"end":{"line":20,"column":52}},"10":{"start":{"line":24,"column":2},"end":{"line":24,"column":78}}},"fnMap":{"0":{"name":"startEventReminderJob","decl":{"start":{"line":12,"column":16},"end":{"line":12,"column":37}},"loc":{"start":{"line":12,"column":37},"end":{"line":25,"column":1}}},"1":{"name":"(anonymous_2)","decl":{"start":{"line":13,"column":32},"end":{"line":13,"column":37}},"loc":{"start":{"line":13,"column":43},"end":{"line":22,"column":3}}}},"branchMap":{"0":{"loc":{"start":{"line":16,"column":6},"end":{"line":18,"column":7}},"type":"if","locations":[{"start":{"line":16,"column":6},"end":{"line":18,"column":7}}]}},"s":{"0":0,"1":0,"2":0,"3":0,"4":0,"5":0,"6":0,"7":0,"8":0,"9":0,"10":0},"f":{"0":0,"1":0},"b":{"0":[0]}}
,"/home/sidd/Desktop/Coding/projects/Rootaroo_new/server/src/jobs/grocery-archive.ts": {"path":"/home/sidd/Desktop/Coding/projects/Rootaroo_new/server/src/jobs/grocery-archive.ts","statementMap":{"0":{"start":{"line":10,"column":0},"end":{"line":10,"column":16}},"1":{"start":{"line":1,"column":0},"end":{"line":1,"column":29}},"2":{"start":{"line":2,"column":0},"end":{"line":2,"column":31}},"3":{"start":{"line":3,"column":0},"end":{"line":3,"column":49}},"4":{"start":{"line":4,"column":0},"end":{"line":4,"column":44}},"5":{"start":{"line":11,"column":2},"end":{"line":32,"column":5}},"6":{"start":{"line":12,"column":19},"end":{"line":12,"column":61}},"7":{"start":{"line":14,"column":4},"end":{"line":31,"column":5}},"8":{"start":{"line":15,"column":22},"end":{"line":23,"column":null}},"9":{"start":{"line":26,"column":6},"end":{"line":28,"column":7}},"10":{"start":{"line":27,"column":8},"end":{"line":27,"column":85}},"11":{"start":{"line":30,"column":6},"end":{"line":30,"column":50}},"12":{"start":{"line":34,"column":2},"end":{"line":34,"column":70}}},"fnMap":{"0":{"name":"startGroceryArchiveJob","decl":{"start":{"line":10,"column":16},"end":{"line":10,"column":38}},"loc":{"start":{"line":10,"column":38},"end":{"line":35,"column":1}}},"1":{"name":"(anonymous_2)","decl":{"start":{"line":11,"column":29},"end":{"line":11,"column":34}},"loc":{"start":{"line":11,"column":40},"end":{"line":32,"column":3}}}},"branchMap":{"0":{"loc":{"start":{"line":26,"column":6},"end":{"line":28,"column":7}},"type":"if","locations":[{"start":{"line":26,"column":6},"end":{"line":28,"column":7}}]}},"s":{"0":0,"1":0,"2":0,"3":0,"4":0,"5":0,"6":0,"7":0,"8":0,"9":0,"10":0,"11":0,"12":0},"f":{"0":0,"1":0},"b":{"0":[0]}}
,"/home/sidd/Desktop/Coding/projects/Rootaroo_new/server/src/jobs/overdue-points.ts": {"path":"/home/sidd/Desktop/Coding/projects/Rootaroo_new/server/src/jobs/overdue-points.ts","statementMap":{"0":{"start":{"line":15,"column":0},"end":{"line":15,"column":16}},"1":{"start":{"line":1,"column":0},"end":{"line":1,"column":29}},"2":{"start":{"line":2,"column":0},"end":{"line":2,"column":31}},"3":{"start":{"line":3,"column":0},"end":{"line":3,"column":42}},"4":{"start":{"line":4,"column":0},"end":{"line":4,"column":44}},"5":{"start":{"line":16,"column":2},"end":{"line":45,"column":5}},"6":{"start":{"line":17,"column":4},"end":{"line":44,"column":5}},"7":{"start":{"line":18,"column":18},"end":{"line":18,"column":28}},"8":{"start":{"line":24,"column":25},"end":{"line":30,"column":8}},"9":{"start":{"line":32,"column":18},"end":{"line":32,"column":19}},"10":{"start":{"line":33,"column":6},"end":{"line":37,"column":7}},"11":{"start":{"line":34,"column":24},"end":{"line":34,"column":64}},"12":{"start":{"line":35,"column":8},"end":{"line":35,"column":68}},"13":{"start":{"line":36,"column":8},"end":{"line":36,"column":16}},"14":{"start":{"line":39,"column":6},"end":{"line":41,"column":7}},"15":{"start":{"line":40,"column":8},"end":{"line":40,"column":84}},"16":{"start":{"line":43,"column":6},"end":{"line":43,"column":52}},"17":{"start":{"line":47,"column":2},"end":{"line":47,"column":72}}},"fnMap":{"0":{"name":"startOverduePointsReductionJob","decl":{"start":{"line":15,"column":16},"end":{"line":15,"column":46}},"loc":{"start":{"line":15,"column":46},"end":{"line":48,"column":1}}},"1":{"name":"(anonymous_2)","decl":{"start":{"line":16,"column":29},"end":{"line":16,"column":34}},"loc":{"start":{"line":16,"column":40},"end":{"line":45,"column":3}}}},"branchMap":{"0":{"loc":{"start":{"line":39,"column":6},"end":{"line":41,"column":7}},"type":"if","locations":[{"start":{"line":39,"column":6},"end":{"line":41,"column":7}}]}},"s":{"0":0,"1":0,"2":0,"3":0,"4":0,"5":0,"6":0,"7":0,"8":0,"9":0,"10":0,"11":0,"12":0,"13":0,"14":0,"15":0,"16":0,"17":0},"f":{"0":0,"1":0},"b":{"0":[0]}}
,"/home/sidd/Desktop/Coding/projects/Rootaroo_new/server/src/jobs/ping-expiry.ts": {"path":"/home/sidd/Desktop/Coding/projects/Rootaroo_new/server/src/jobs/ping-expiry.ts","statementMap":{"0":{"start":{"line":14,"column":0},"end":{"line":14,"column":16}},"1":{"start":{"line":1,"column":0},"end":{"line":1,"column":29}},"2":{"start":{"line":2,"column":0},"end":{"line":2,"column":31}},"3":{"start":{"line":3,"column":0},"end":{"line":3,"column":49}},"4":{"start":{"line":4,"column":0},"end":{"line":4,"column":44}},"5":{"start":{"line":6,"column":23},"end":{"line":6,"column":42}},"6":{"start":{"line":15,"column":2},"end":{"line":33,"column":5}},"7":{"start":{"line":16,"column":4},"end":{"line":32,"column":5}},"8":{"start":{"line":17,"column":22},"end":{"line":24,"column":null}},"9":{"start":{"line":27,"column":6},"end":{"line":29,"column":7}},"10":{"start":{"line":28,"column":8},"end":{"line":28,"column":87}},"11":{"start":{"line":31,"column":6},"end":{"line":31,"column":49}},"12":{"start":{"line":35,"column":2},"end":{"line":35,"column":69}}},"fnMap":{"0":{"name":"startPingExpiryJob","decl":{"start":{"line":14,"column":16},"end":{"line":14,"column":34}},"loc":{"start":{"line":14,"column":34},"end":{"line":36,"column":1}}},"1":{"name":"(anonymous_2)","decl":{"start":{"line":15,"column":29},"end":{"line":15,"column":34}},"loc":{"start":{"line":15,"column":40},"end":{"line":33,"column":3}}}},"branchMap":{"0":{"loc":{"start":{"line":27,"column":6},"end":{"line":29,"column":7}},"type":"if","locations":[{"start":{"line":27,"column":6},"end":{"line":29,"column":7}}]}},"s":{"0":0,"1":0,"2":0,"3":0,"4":0,"5":0,"6":0,"7":0,"8":0,"9":0,"10":0,"11":0,"12":0},"f":{"0":0,"1":0},"b":{"0":[0]}}
,"/home/sidd/Desktop/Coding/projects/Rootaroo_new/server/src/jobs/purge-scheduled-deletions.ts": {"path":"/home/sidd/Desktop/Coding/projects/Rootaroo_new/server/src/jobs/purge-scheduled-deletions.ts","statementMap":{"0":{"start":{"line":13,"column":0},"end":{"line":13,"column":16}},"1":{"start":{"line":1,"column":0},"end":{"line":1,"column":29}},"2":{"start":{"line":2,"column":0},"end":{"line":2,"column":70}},"3":{"start":{"line":3,"column":0},"end":{"line":3,"column":77}},"4":{"start":{"line":4,"column":0},"end":{"line":4,"column":44}},"5":{"start":{"line":14,"column":2},"end":{"line":32,"column":5}},"6":{"start":{"line":15,"column":4},"end":{"line":22,"column":5}},"7":{"start":{"line":16,"column":25},"end":{"line":16,"column":62}},"8":{"start":{"line":17,"column":6},"end":{"line":19,"column":7}},"9":{"start":{"line":18,"column":8},"end":{"line":18,"column":109}},"10":{"start":{"line":21,"column":6},"end":{"line":21,"column":85}},"11":{"start":{"line":24,"column":4},"end":{"line":31,"column":5}},"12":{"start":{"line":25,"column":23},"end":{"line":25,"column":58}},"13":{"start":{"line":26,"column":6},"end":{"line":28,"column":7}},"14":{"start":{"line":27,"column":8},"end":{"line":27,"column":105}},"15":{"start":{"line":30,"column":6},"end":{"line":30,"column":83}},"16":{"start":{"line":34,"column":2},"end":{"line":34,"column":73}}},"fnMap":{"0":{"name":"startPurgeScheduledDeletionsJob","decl":{"start":{"line":13,"column":16},"end":{"line":13,"column":47}},"loc":{"start":{"line":13,"column":47},"end":{"line":35,"column":1}}},"1":{"name":"(anonymous_2)","decl":{"start":{"line":14,"column":29},"end":{"line":14,"column":34}},"loc":{"start":{"line":14,"column":40},"end":{"line":32,"column":3}}}},"branchMap":{"0":{"loc":{"start":{"line":17,"column":6},"end":{"line":19,"column":7}},"type":"if","locations":[{"start":{"line":17,"column":6},"end":{"line":19,"column":7}}]},"1":{"loc":{"start":{"line":26,"column":6},"end":{"line":28,"column":7}},"type":"if","locations":[{"start":{"line":26,"column":6},"end":{"line":28,"column":7}}]}},"s":{"0":0,"1":0,"2":0,"3":0,"4":0,"5":0,"6":0,"7":0,"8":0,"9":0,"10":0,"11":0,"12":0,"13":0,"14":0,"15":0,"16":0},"f":{"0":0,"1":0},"b":{"0":[0],"1":[0]}}
,"/home/sidd/Desktop/Coding/projects/Rootaroo_new/server/src/modules/admin/controller.ts": {"path":"/home/sidd/Desktop/Coding/projects/Rootaroo_new/server/src/modules/admin/controller.ts","statementMap":{"0":{"start":{"line":7,"column":0},"end":{"line":7,"column":7}},"1":{"start":{"line":19,"column":0},"end":{"line":19,"column":7}},"2":{"start":{"line":26,"column":0},"end":{"line":26,"column":7}},"3":{"start":{"line":2,"column":0},"end":{"line":2,"column":57}},"4":{"start":{"line":5,"column":55},"end":{"line":5,"column":90}},"5":{"start":{"line":8,"column":2},"end":{"line":16,"column":26}},"6":{"start":{"line":9,"column":19},"end":{"line":9,"column":57}},"7":{"start":{"line":10,"column":4},"end":{"line":13,"column":5}},"8":{"start":{"line":11,"column":6},"end":{"line":11,"column":79}},"9":{"start":{"line":12,"column":6},"end":{"line":12,"column":13}},"10":{"start":{"line":14,"column":19},"end":{"line":14,"column":112}},"11":{"start":{"line":15,"column":4},"end":{"line":15,"column":58}},"12":{"start":{"line":16,"column":16},"end":{"line":16,"column":24}},"13":{"start":{"line":20,"column":2},"end":{"line":23,"column":26}},"14":{"start":{"line":21,"column":19},"end":{"line":21,"column":100}},"15":{"start":{"line":22,"column":4},"end":{"line":22,"column":58}},"16":{"start":{"line":23,"column":16},"end":{"line":23,"column":24}},"17":{"start":{"line":27,"column":2},"end":{"line":30,"column":26}},"18":{"start":{"line":28,"column":19},"end":{"line":28,"column":99}},"19":{"start":{"line":29,"column":4},"end":{"line":29,"column":58}},"20":{"start":{"line":30,"column":16},"end":{"line":30,"column":24}}},"fnMap":{"0":{"name":"listRequests","decl":{"start":{"line":7,"column":22},"end":{"line":7,"column":34}},"loc":{"start":{"line":7,"column":82},"end":{"line":17,"column":1}}},"1":{"name":"approveRequest","decl":{"start":{"line":19,"column":22},"end":{"line":19,"column":36}},"loc":{"start":{"line":19,"column":84},"end":{"line":24,"column":1}}},"2":{"name":"rejectRequest","decl":{"start":{"line":26,"column":22},"end":{"line":26,"column":35}},"loc":{"start":{"line":26,"column":83},"end":{"line":31,"column":1}}}},"branchMap":{"0":{"loc":{"start":{"line":10,"column":4},"end":{"line":13,"column":5}},"type":"if","locations":[{"start":{"line":10,"column":4},"end":{"line":13,"column":5}}]},"1":{"loc":{"start":{"line":10,"column":8},"end":{"line":10,"column":82}},"type":"binary-expr","locations":[{"start":{"line":10,"column":8},"end":{"line":10,"column":14}},{"start":{"line":10,"column":18},"end":{"line":10,"column":82}}]}},"s":{"0":0,"1":0,"2":0,"3":0,"4":0,"5":0,"6":0,"7":0,"8":0,"9":0,"10":0,"11":0,"12":0,"13":0,"14":0,"15":0,"16":0,"17":0,"18":0,"19":0,"20":0},"f":{"0":0,"1":0,"2":0},"b":{"0":[0],"1":[0,0]}}
,"/home/sidd/Desktop/Coding/projects/Rootaroo_new/server/src/modules/admin/routes.ts": {"path":"/home/sidd/Desktop/Coding/projects/Rootaroo_new/server/src/modules/admin/routes.ts","statementMap":{"0":{"start":{"line":1,"column":0},"end":{"line":1,"column":33}},"1":{"start":{"line":2,"column":0},"end":{"line":2,"column":73}},"2":{"start":{"line":3,"column":0},"end":{"line":3,"column":60}},"3":{"start":{"line":4,"column":0},"end":{"line":4,"column":57}},"4":{"start":{"line":5,"column":0},"end":{"line":5,"column":37}},"5":{"start":{"line":7,"column":15},"end":{"line":7,"column":23}},"6":{"start":{"line":10,"column":0},"end":{"line":10,"column":31}},"7":{"start":{"line":26,"column":0},"end":{"line":26,"column":43}},"8":{"start":{"line":63,"column":0},"end":{"line":63,"column":95}},"9":{"start":{"line":64,"column":0},"end":{"line":64,"column":93}},"10":{"start":{"line":66,"column":0},"end":{"line":66,"column":22}}},"fnMap":{},"branchMap":{},"s":{"0":0,"1":0,"2":0,"3":0,"4":0,"5":0,"6":0,"7":0,"8":0,"9":0,"10":0},"f":{},"b":{}}
,"/home/sidd/Desktop/Coding/projects/Rootaroo_new/server/src/modules/admin/validation.ts": {"path":"/home/sidd/Desktop/Coding/projects/Rootaroo_new/server/src/modules/admin/validation.ts","statementMap":{"0":{"start":{"line":1,"column":0},"end":{"line":1,"column":24}},"1":{"start":{"line":4,"column":13},"end":{"line":8,"column":2}}},"fnMap":{},"branchMap":{},"s":{"0":0,"1":0},"f":{},"b":{}}
,"/home/sidd/Desktop/Coding/projects/Rootaroo_new/server/src/modules/auth/controller.ts": {"path":"/home/sidd/Desktop/Coding/projects/Rootaroo_new/server/src/modules/auth/controller.ts","statementMap":{"0":{"start":{"line":7,"column":0},"end":{"line":7,"column":7}},"1":{"start":{"line":14,"column":0},"end":{"line":14,"column":7}},"2":{"start":{"line":21,"column":0},"end":{"line":21,"column":7}},"3":{"start":{"line":28,"column":0},"end":{"line":28,"column":7}},"4":{"start":{"line":35,"column":0},"end":{"line":35,"column":7}},"5":{"start":{"line":43,"column":0},"end":{"line":43,"column":7}},"6":{"start":{"line":51,"column":0},"end":{"line":51,"column":7}},"7":{"start":{"line":58,"column":0},"end":{"line":58,"column":7}},"8":{"start":{"line":65,"column":0},"end":{"line":65,"column":7}},"9":{"start":{"line":73,"column":0},"end":{"line":73,"column":7}},"10":{"start":{"line":81,"column":0},"end":{"line":81,"column":7}},"11":{"start":{"line":88,"column":0},"end":{"line":88,"column":7}},"12":{"start":{"line":95,"column":0},"end":{"line":95,"column":7}},"13":{"start":{"line":102,"column":0},"end":{"line":102,"column":7}},"14":{"start":{"line":110,"column":0},"end":{"line":110,"column":7}},"15":{"start":{"line":118,"column":0},"end":{"line":118,"column":7}},"16":{"start":{"line":126,"column":0},"end":{"line":126,"column":7}},"17":{"start":{"line":140,"column":0},"end":{"line":140,"column":7}},"18":{"start":{"line":148,"column":0},"end":{"line":148,"column":7}},"19":{"start":{"line":155,"column":0},"end":{"line":155,"column":7}},"20":{"start":{"line":163,"column":0},"end":{"line":163,"column":7}},"21":{"start":{"line":3,"column":0},"end":{"line":3,"column":41}},"22":{"start":{"line":4,"column":0},"end":{"line":4,"column":53}},"23":{"start":{"line":8,"column":2},"end":{"line":11,"column":26}},"24":{"start":{"line":9,"column":33},"end":{"line":9,"column":69}},"25":{"start":{"line":10,"column":4},"end":{"line":10,"column":58}},"26":{"start":{"line":11,"column":16},"end":{"line":11,"column":24}},"27":{"start":{"line":15,"column":2},"end":{"line":18,"column":26}},"28":{"start":{"line":16,"column":33},"end":{"line":16,"column":66}},"29":{"start":{"line":17,"column":4},"end":{"line":17,"column":58}},"30":{"start":{"line":18,"column":16},"end":{"line":18,"column":24}},"31":{"start":{"line":22,"column":2},"end":{"line":25,"column":26}},"32":{"start":{"line":23,"column":31},"end":{"line":23,"column":79}},"33":{"start":{"line":24,"column":4},"end":{"line":24,"column":58}},"34":{"start":{"line":25,"column":16},"end":{"line":25,"column":24}},"35":{"start":{"line":29,"column":2},"end":{"line":32,"column":26}},"36":{"start":{"line":30,"column":4},"end":{"line":30,"column":52}},"37":{"start":{"line":31,"column":4},"end":{"line":31,"column":90}},"38":{"start":{"line":32,"column":16},"end":{"line":32,"column":24}},"39":{"start":{"line":36,"column":2},"end":{"line":40,"column":26}},"40":{"start":{"line":37,"column":17},"end":{"line":37,"column":44}},"41":{"start":{"line":38,"column":17},"end":{"line":38,"column":64}},"42":{"start":{"line":39,"column":4},"end":{"line":39,"column":56}},"43":{"start":{"line":40,"column":16},"end":{"line":40,"column":24}},"44":{"start":{"line":44,"column":2},"end":{"line":48,"column":26}},"45":{"start":{"line":45,"column":17},"end":{"line":45,"column":44}},"46":{"start":{"line":46,"column":17},"end":{"line":46,"column":77}},"47":{"start":{"line":47,"column":4},"end":{"line":47,"column":56}},"48":{"start":{"line":48,"column":16},"end":{"line":48,"column":24}},"49":{"start":{"line":52,"column":2},"end":{"line":55,"column":26}},"50":{"start":{"line":53,"column":19},"end":{"line":53,"column":57}},"51":{"start":{"line":54,"column":4},"end":{"line":54,"column":58}},"52":{"start":{"line":55,"column":16},"end":{"line":55,"column":24}},"53":{"start":{"line":59,"column":2},"end":{"line":62,"column":26}},"54":{"start":{"line":60,"column":19},"end":{"line":60,"column":56}},"55":{"start":{"line":61,"column":4},"end":{"line":61,"column":58}},"56":{"start":{"line":62,"column":16},"end":{"line":62,"column":24}},"57":{"start":{"line":66,"column":2},"end":{"line":70,"column":26}},"58":{"start":{"line":67,"column":17},"end":{"line":67,"column":44}},"59":{"start":{"line":68,"column":4},"end":{"line":68,"column":58}},"60":{"start":{"line":69,"column":4},"end":{"line":69,"column":89}},"61":{"start":{"line":70,"column":16},"end":{"line":70,"column":24}},"62":{"start":{"line":74,"column":2},"end":{"line":78,"column":26}},"63":{"start":{"line":75,"column":17},"end":{"line":75,"column":44}},"64":{"start":{"line":76,"column":4},"end":{"line":76,"column":63}},"65":{"start":{"line":77,"column":4},"end":{"line":77,"column":94}},"66":{"start":{"line":78,"column":16},"end":{"line":78,"column":24}},"67":{"start":{"line":82,"column":2},"end":{"line":85,"column":26}},"68":{"start":{"line":83,"column":4},"end":{"line":83,"column":47}},"69":{"start":{"line":84,"column":4},"end":{"line":84,"column":115}},"70":{"start":{"line":85,"column":16},"end":{"line":85,"column":24}},"71":{"start":{"line":89,"column":2},"end":{"line":92,"column":26}},"72":{"start":{"line":90,"column":4},"end":{"line":90,"column":46}},"73":{"start":{"line":91,"column":4},"end":{"line":91,"column":94}},"74":{"start":{"line":92,"column":16},"end":{"line":92,"column":24}},"75":{"start":{"line":96,"column":2},"end":{"line":99,"column":26}},"76":{"start":{"line":97,"column":4},"end":{"line":97,"column":47}},"77":{"start":{"line":98,"column":4},"end":{"line":98,"column":67}},"78":{"start":{"line":99,"column":16},"end":{"line":99,"column":24}},"79":{"start":{"line":103,"column":2},"end":{"line":107,"column":26}},"80":{"start":{"line":104,"column":17},"end":{"line":104,"column":44}},"81":{"start":{"line":105,"column":4},"end":{"line":105,"column":84}},"82":{"start":{"line":106,"column":4},"end":{"line":106,"column":108}},"83":{"start":{"line":107,"column":16},"end":{"line":107,"column":24}},"84":{"start":{"line":111,"column":2},"end":{"line":115,"column":26}},"85":{"start":{"line":112,"column":17},"end":{"line":112,"column":44}},"86":{"start":{"line":113,"column":4},"end":{"line":113,"column":56}},"87":{"start":{"line":114,"column":4},"end":{"line":114,"column":85}},"88":{"start":{"line":115,"column":16},"end":{"line":115,"column":24}},"89":{"start":{"line":119,"column":2},"end":{"line":123,"column":26}},"90":{"start":{"line":120,"column":17},"end":{"line":120,"column":44}},"91":{"start":{"line":121,"column":4},"end":{"line":121,"column":83}},"92":{"start":{"line":122,"column":4},"end":{"line":122,"column":82}},"93":{"start":{"line":123,"column":16},"end":{"line":123,"column":24}},"94":{"start":{"line":127,"column":2},"end":{"line":137,"column":26}},"95":{"start":{"line":128,"column":17},"end":{"line":128,"column":44}},"96":{"start":{"line":129,"column":17},"end":{"line":129,"column":25}},"97":{"start":{"line":130,"column":4},"end":{"line":133,"column":5}},"98":{"start":{"line":131,"column":6},"end":{"line":131,"column":75}},"99":{"start":{"line":132,"column":6},"end":{"line":132,"column":13}},"100":{"start":{"line":134,"column":19},"end":{"line":134,"column":112}},"101":{"start":{"line":135,"column":17},"end":{"line":135,"column":94}},"102":{"start":{"line":136,"column":4},"end":{"line":136,"column":87}},"103":{"start":{"line":137,"column":16},"end":{"line":137,"column":24}},"104":{"start":{"line":141,"column":2},"end":{"line":145,"column":26}},"105":{"start":{"line":142,"column":17},"end":{"line":142,"column":44}},"106":{"start":{"line":143,"column":4},"end":{"line":143,"column":67}},"107":{"start":{"line":144,"column":4},"end":{"line":144,"column":97}},"108":{"start":{"line":145,"column":16},"end":{"line":145,"column":24}},"109":{"start":{"line":149,"column":2},"end":{"line":152,"column":26}},"110":{"start":{"line":150,"column":19},"end":{"line":150,"column":60}},"111":{"start":{"line":151,"column":4},"end":{"line":151,"column":58}},"112":{"start":{"line":152,"column":16},"end":{"line":152,"column":24}},"113":{"start":{"line":156,"column":2},"end":{"line":160,"column":26}},"114":{"start":{"line":157,"column":17},"end":{"line":157,"column":44}},"115":{"start":{"line":158,"column":17},"end":{"line":158,"column":76}},"116":{"start":{"line":159,"column":4},"end":{"line":159,"column":81}},"117":{"start":{"line":160,"column":16},"end":{"line":160,"column":24}},"118":{"start":{"line":164,"column":2},"end":{"line":168,"column":26}},"119":{"start":{"line":165,"column":17},"end":{"line":165,"column":44}},"120":{"start":{"line":166,"column":19},"end":{"line":166,"column":80}},"121":{"start":{"line":167,"column":4},"end":{"line":167,"column":58}},"122":{"start":{"line":168,"column":16},"end":{"line":168,"column":24}}},"fnMap":{"0":{"name":"register","decl":{"start":{"line":7,"column":22},"end":{"line":7,"column":30}},"loc":{"start":{"line":7,"column":78},"end":{"line":12,"column":1}}},"1":{"name":"login","decl":{"start":{"line":14,"column":22},"end":{"line":14,"column":27}},"loc":{"start":{"line":14,"column":75},"end":{"line":19,"column":1}}},"2":{"name":"refresh","decl":{"start":{"line":21,"column":22},"end":{"line":21,"column":29}},"loc":{"start":{"line":21,"column":77},"end":{"line":26,"column":1}}},"3":{"name":"logout","decl":{"start":{"line":28,"column":22},"end":{"line":28,"column":28}},"loc":{"start":{"line":28,"column":76},"end":{"line":33,"column":1}}},"4":{"name":"me","decl":{"start":{"line":35,"column":22},"end":{"line":35,"column":24}},"loc":{"start":{"line":35,"column":72},"end":{"line":41,"column":1}}},"5":{"name":"updateProfile","decl":{"start":{"line":43,"column":22},"end":{"line":43,"column":35}},"loc":{"start":{"line":43,"column":83},"end":{"line":49,"column":1}}},"6":{"name":"googleAuth","decl":{"start":{"line":51,"column":22},"end":{"line":51,"column":32}},"loc":{"start":{"line":51,"column":80},"end":{"line":56,"column":1}}},"7":{"name":"appleAuth","decl":{"start":{"line":58,"column":22},"end":{"line":58,"column":31}},"loc":{"start":{"line":58,"column":79},"end":{"line":63,"column":1}}},"8":{"name":"sendVerification","decl":{"start":{"line":65,"column":22},"end":{"line":65,"column":38}},"loc":{"start":{"line":65,"column":86},"end":{"line":71,"column":1}}},"9":{"name":"verifyEmail","decl":{"start":{"line":73,"column":22},"end":{"line":73,"column":33}},"loc":{"start":{"line":73,"column":81},"end":{"line":79,"column":1}}},"10":{"name":"forgotPassword","decl":{"start":{"line":81,"column":22},"end":{"line":81,"column":36}},"loc":{"start":{"line":81,"column":84},"end":{"line":86,"column":1}}},"11":{"name":"resetPassword","decl":{"start":{"line":88,"column":22},"end":{"line":88,"column":35}},"loc":{"start":{"line":88,"column":83},"end":{"line":93,"column":1}}},"12":{"name":"checkResetCode","decl":{"start":{"line":95,"column":22},"end":{"line":95,"column":36}},"loc":{"start":{"line":95,"column":84},"end":{"line":100,"column":1}}},"13":{"name":"scheduleDeletion","decl":{"start":{"line":102,"column":22},"end":{"line":102,"column":38}},"loc":{"start":{"line":102,"column":86},"end":{"line":108,"column":1}}},"14":{"name":"cancelDeletion","decl":{"start":{"line":110,"column":22},"end":{"line":110,"column":36}},"loc":{"start":{"line":110,"column":84},"end":{"line":116,"column":1}}},"15":{"name":"confirmDeletion","decl":{"start":{"line":118,"column":22},"end":{"line":118,"column":37}},"loc":{"start":{"line":118,"column":85},"end":{"line":124,"column":1}}},"16":{"name":"uploadAvatarCtrl","decl":{"start":{"line":126,"column":22},"end":{"line":126,"column":38}},"loc":{"start":{"line":126,"column":86},"end":{"line":138,"column":1}}},"17":{"name":"cancelPendingRegistration","decl":{"start":{"line":140,"column":22},"end":{"line":140,"column":47}},"loc":{"start":{"line":140,"column":95},"end":{"line":146,"column":1}}},"18":{"name":"registerPhone","decl":{"start":{"line":148,"column":22},"end":{"line":148,"column":35}},"loc":{"start":{"line":148,"column":83},"end":{"line":153,"column":1}}},"19":{"name":"sendPhoneOtp","decl":{"start":{"line":155,"column":22},"end":{"line":155,"column":34}},"loc":{"start":{"line":155,"column":82},"end":{"line":161,"column":1}}},"20":{"name":"verifyPhoneOtp","decl":{"start":{"line":163,"column":22},"end":{"line":163,"column":36}},"loc":{"start":{"line":163,"column":84},"end":{"line":169,"column":1}}}},"branchMap":{"0":{"loc":{"start":{"line":130,"column":4},"end":{"line":133,"column":5}},"type":"if","locations":[{"start":{"line":130,"column":4},"end":{"line":133,"column":5}}]}},"s":{"0":0,"1":0,"2":0,"3":0,"4":0,"5":0,"6":0,"7":0,"8":0,"9":0,"10":0,"11":0,"12":0,"13":0,"14":0,"15":0,"16":0,"17":0,"18":0,"19":0,"20":0,"21":0,"22":0,"23":0,"24":0,"25":0,"26":0,"27":0,"28":0,"29":0,"30":0,"31":0,"32":0,"33":0,"34":0,"35":0,"36":0,"37":0,"38":0,"39":0,"40":0,"41":0,"42":0,"43":0,"44":0,"45":0,"46":0,"47":0,"48":0,"49":0,"50":0,"51":0,"52":0,"53":0,"54":0,"55":0,"56":0,"57":0,"58":0,"59":0,"60":0,"61":0,"62":0,"63":0,"64":0,"65":0,"66":0,"67":0,"68":0,"69":0,"70":0,"71":0,"72":0,"73":0,"74":0,"75":0,"76":0,"77":0,"78":0,"79":0,"80":0,"81":0,"82":0,"83":0,"84":0,"85":0,"86":0,"87":0,"88":0,"89":0,"90":0,"91":0,"92":0,"93":0,"94":0,"95":0,"96":0,"97":0,"98":0,"99":0,"100":0,"101":0,"102":0,"103":0,"104":0,"105":0,"106":0,"107":0,"108":0,"109":0,"110":0,"111":0,"112":0,"113":0,"114":0,"115":0,"116":0,"117":0,"118":0,"119":0,"120":0,"121":0,"122":0},"f":{"0":0,"1":0,"2":0,"3":0,"4":0,"5":0,"6":0,"7":0,"8":0,"9":0,"10":0,"11":0,"12":0,"13":0,"14":0,"15":0,"16":0,"17":0,"18":0,"19":0,"20":0},"b":{"0":[0]}}
,"/home/sidd/Desktop/Coding/projects/Rootaroo_new/server/src/modules/auth/routes.ts": {"path":"/home/sidd/Desktop/Coding/projects/Rootaroo_new/server/src/modules/auth/routes.ts","statementMap":{"0":{"start":{"line":1,"column":0},"end":{"line":1,"column":33}},"1":{"start":{"line":2,"column":0},"end":{"line":2,"column":60}},"2":{"start":{"line":3,"column":0},"end":{"line":3,"column":60}},"3":{"start":{"line":4,"column":0},"end":{"line":4,"column":62}},"4":{"start":{"line":5,"column":0},"end":{"line":5,"column":315}},"5":{"start":{"line":6,"column":0},"end":{"line":6,"column":37}},"6":{"start":{"line":8,"column":15},"end":{"line":8,"column":23}},"7":{"start":{"line":34,"column":0},"end":{"line":34,"column":66}},"8":{"start":{"line":48,"column":0},"end":{"line":48,"column":57}},"9":{"start":{"line":74,"column":0},"end":{"line":74,"column":68}},"10":{"start":{"line":98,"column":0},"end":{"line":98,"column":65}},"11":{"start":{"line":100,"column":0},"end":{"line":100,"column":63}},"12":{"start":{"line":101,"column":0},"end":{"line":101,"column":60}},"13":{"start":{"line":103,"column":0},"end":{"line":103,"column":82}},"14":{"start":{"line":104,"column":0},"end":{"line":104,"column":80}},"15":{"start":{"line":105,"column":0},"end":{"line":105,"column":86}},"16":{"start":{"line":125,"column":0},"end":{"line":125,"column":85}},"17":{"start":{"line":148,"column":0},"end":{"line":148,"column":82}},"18":{"start":{"line":170,"column":0},"end":{"line":170,"column":86}},"19":{"start":{"line":174,"column":0},"end":{"line":174,"column":41}},"20":{"start":{"line":198,"column":0},"end":{"line":198,"column":90}},"21":{"start":{"line":200,"column":0},"end":{"line":200,"column":74}},"22":{"start":{"line":214,"column":0},"end":{"line":214,"column":71}},"23":{"start":{"line":238,"column":0},"end":{"line":238,"column":90}},"24":{"start":{"line":240,"column":0},"end":{"line":240,"column":85}},"25":{"start":{"line":241,"column":0},"end":{"line":241,"column":113}},"26":{"start":{"line":242,"column":0},"end":{"line":242,"column":75}},"27":{"start":{"line":243,"column":0},"end":{"line":243,"column":111}},"28":{"start":{"line":245,"column":0},"end":{"line":245,"column":22}}},"fnMap":{},"branchMap":{},"s":{"0":0,"1":0,"2":0,"3":0,"4":0,"5":0,"6":0,"7":0,"8":0,"9":0,"10":0,"11":0,"12":0,"13":0,"14":0,"15":0,"16":0,"17":0,"18":0,"19":0,"20":0,"21":0,"22":0,"23":0,"24":0,"25":0,"26":0,"27":0,"28":0},"f":{},"b":{}}
,"/home/sidd/Desktop/Coding/projects/Rootaroo_new/server/src/modules/auth/service.ts": {"path":"/home/sidd/Desktop/Coding/projects/Rootaroo_new/server/src/modules/auth/service.ts","statementMap":{"0":{"start":{"line":101,"column":0},"end":{"line":101,"column":7}},"1":{"start":{"line":139,"column":0},"end":{"line":139,"column":7}},"2":{"start":{"line":162,"column":0},"end":{"line":162,"column":7}},"3":{"start":{"line":166,"column":0},"end":{"line":166,"column":7}},"4":{"start":{"line":170,"column":0},"end":{"line":170,"column":7}},"5":{"start":{"line":176,"column":0},"end":{"line":176,"column":7}},"6":{"start":{"line":208,"column":0},"end":{"line":208,"column":7}},"7":{"start":{"line":293,"column":0},"end":{"line":293,"column":7}},"8":{"start":{"line":366,"column":0},"end":{"line":366,"column":7}},"9":{"start":{"line":421,"column":0},"end":{"line":421,"column":7}},"10":{"start":{"line":443,"column":0},"end":{"line":443,"column":7}},"11":{"start":{"line":519,"column":0},"end":{"line":519,"column":7}},"12":{"start":{"line":526,"column":0},"end":{"line":526,"column":7}},"13":{"start":{"line":557,"column":0},"end":{"line":557,"column":7}},"14":{"start":{"line":572,"column":0},"end":{"line":572,"column":7}},"15":{"start":{"line":580,"column":0},"end":{"line":580,"column":7}},"16":{"start":{"line":624,"column":0},"end":{"line":624,"column":7}},"17":{"start":{"line":636,"column":0},"end":{"line":636,"column":7}},"18":{"start":{"line":706,"column":0},"end":{"line":706,"column":7}},"19":{"start":{"line":765,"column":0},"end":{"line":765,"column":7}},"20":{"start":{"line":800,"column":0},"end":{"line":800,"column":7}},"21":{"start":{"line":1,"column":0},"end":{"line":1,"column":28}},"22":{"start":{"line":2,"column":0},"end":{"line":2,"column":31}},"23":{"start":{"line":3,"column":0},"end":{"line":3,"column":35}},"24":{"start":{"line":4,"column":0},"end":{"line":4,"column":36}},"25":{"start":{"line":5,"column":0},"end":{"line":5,"column":31}},"26":{"start":{"line":6,"column":0},"end":{"line":6,"column":39}},"27":{"start":{"line":7,"column":0},"end":{"line":7,"column":112}},"28":{"start":{"line":8,"column":0},"end":{"line":8,"column":54}},"29":{"start":{"line":9,"column":0},"end":{"line":9,"column":53}},"30":{"start":{"line":10,"column":0},"end":{"line":10,"column":49}},"31":{"start":{"line":11,"column":0},"end":{"line":11,"column":53}},"32":{"start":{"line":12,"column":0},"end":{"line":12,"column":71}},"33":{"start":{"line":13,"column":0},"end":{"line":13,"column":102}},"34":{"start":{"line":24,"column":2},"end":{"line":40,"column":4}},"35":{"start":{"line":44,"column":2},"end":{"line":48,"column":4}},"36":{"start":{"line":52,"column":16},"end":{"line":52,"column":24}},"37":{"start":{"line":54,"column":16},"end":{"line":54,"column":63}},"38":{"start":{"line":55,"column":2},"end":{"line":64,"column":3}},"39":{"start":{"line":56,"column":19},"end":{"line":60,"column":6}},"40":{"start":{"line":61,"column":4},"end":{"line":63,"column":7}},"41":{"start":{"line":62,"column":48},"end":{"line":62,"column":52}},"42":{"start":{"line":66,"column":2},"end":{"line":71,"column":5}},"43":{"start":{"line":72,"column":2},"end":{"line":72,"column":15}},"44":{"start":{"line":76,"column":17},"end":{"line":79,"column":4}},"45":{"start":{"line":81,"column":2},"end":{"line":83,"column":3}},"46":{"start":{"line":82,"column":4},"end":{"line":82,"column":57}},"47":{"start":{"line":85,"column":2},"end":{"line":88,"column":3}},"48":{"start":{"line":86,"column":4},"end":{"line":86,"column":27}},"49":{"start":{"line":87,"column":4},"end":{"line":87,"column":79}},"50":{"start":{"line":91,"column":2},"end":{"line":91,"column":25}},"51":{"start":{"line":92,"column":15},"end":{"line":92,"column":26}},"52":{"start":{"line":93,"column":22},"end":{"line":93,"column":47}},"53":{"start":{"line":94,"column":23},"end":{"line":94,"column":58}},"54":{"start":{"line":96,"column":2},"end":{"line":96,"column":39}},"55":{"start":{"line":102,"column":30},"end":{"line":102,"column":34}},"56":{"start":{"line":103,"column":22},"end":{"line":103,"column":69}},"57":{"start":{"line":105,"column":19},"end":{"line":105,"column":80}},"58":{"start":{"line":106,"column":2},"end":{"line":108,"column":3}},"59":{"start":{"line":107,"column":4},"end":{"line":107,"column":73}},"60":{"start":{"line":111,"column":2},"end":{"line":117,"column":3}},"61":{"start":{"line":112,"column":4},"end":{"line":112,"column":39}},"62":{"start":{"line":113,"column":26},"end":{"line":113,"column":66}},"63":{"start":{"line":114,"column":4},"end":{"line":116,"column":5}},"64":{"start":{"line":115,"column":6},"end":{"line":115,"column":82}},"65":{"start":{"line":119,"column":23},"end":{"line":119,"column":54}},"66":{"start":{"line":120,"column":15},"end":{"line":128,"column":4}},"67":{"start":{"line":130,"column":22},"end":{"line":130,"column":47}},"68":{"start":{"line":131,"column":23},"end":{"line":131,"column":58}},"69":{"start":{"line":134,"column":15},"end":{"line":134,"column":46}},"70":{"start":{"line":136,"column":2},"end":{"line":136,"column":109}},"71":{"start":{"line":140,"column":30},"end":{"line":140,"column":34}},"72":{"start":{"line":142,"column":15},"end":{"line":142,"column":76}},"73":{"start":{"line":143,"column":2},"end":{"line":145,"column":3}},"74":{"start":{"line":144,"column":4},"end":{"line":144,"column":61}},"75":{"start":{"line":147,"column":16},"end":{"line":147,"column":65}},"76":{"start":{"line":148,"column":2},"end":{"line":150,"column":3}},"77":{"start":{"line":149,"column":4},"end":{"line":149,"column":61}},"78":{"start":{"line":153,"column":2},"end":{"line":153,"column":32}},"79":{"start":{"line":154,"column":2},"end":{"line":154,"column":20}},"80":{"start":{"line":156,"column":22},"end":{"line":156,"column":47}},"81":{"start":{"line":157,"column":23},"end":{"line":157,"column":58}},"82":{"start":{"line":159,"column":2},"end":{"line":159,"column":85}},"83":{"start":{"line":163,"column":2},"end":{"line":163,"column":42}},"84":{"start":{"line":167,"column":2},"end":{"line":167,"column":65}},"85":{"start":{"line":171,"column":15},"end":{"line":171,"column":42}},"86":{"start":{"line":172,"column":2},"end":{"line":172,"column":45}},"87":{"start":{"line":172,"column":13},"end":{"line":172,"column":45}},"88":{"start":{"line":173,"column":2},"end":{"line":173,"column":36}},"89":{"start":{"line":180,"column":15},"end":{"line":180,"column":42}},"90":{"start":{"line":181,"column":2},"end":{"line":181,"column":45}},"91":{"start":{"line":181,"column":13},"end":{"line":181,"column":45}},"92":{"start":{"line":183,"column":2},"end":{"line":183,"column":74}},"93":{"start":{"line":183,"column":38},"end":{"line":183,"column":74}},"94":{"start":{"line":184,"column":2},"end":{"line":184,"column":68}},"95":{"start":{"line":184,"column":36},"end":{"line":184,"column":68}},"96":{"start":{"line":185,"column":2},"end":{"line":185,"column":74}},"97":{"start":{"line":185,"column":38},"end":{"line":185,"column":74}},"98":{"start":{"line":186,"column":2},"end":{"line":186,"column":83}},"99":{"start":{"line":186,"column":41},"end":{"line":186,"column":83}},"100":{"start":{"line":187,"column":2},"end":{"line":187,"column":74}},"101":{"start":{"line":187,"column":38},"end":{"line":187,"column":74}},"102":{"start":{"line":188,"column":2},"end":{"line":188,"column":74}},"103":{"start":{"line":188,"column":38},"end":{"line":188,"column":74}},"104":{"start":{"line":189,"column":2},"end":{"line":198,"column":3}},"105":{"start":{"line":190,"column":23},"end":{"line":190,"column":69}},"106":{"start":{"line":191,"column":4},"end":{"line":196,"column":5}},"107":{"start":{"line":192,"column":28},"end":{"line":192,"column":80}},"108":{"start":{"line":193,"column":6},"end":{"line":195,"column":7}},"109":{"start":{"line":194,"column":8},"end":{"line":194,"column":84}},"110":{"start":{"line":197,"column":4},"end":{"line":197,"column":28}},"111":{"start":{"line":199,"column":2},"end":{"line":199,"column":80}},"112":{"start":{"line":199,"column":40},"end":{"line":199,"column":80}},"113":{"start":{"line":200,"column":2},"end":{"line":200,"column":86}},"114":{"start":{"line":200,"column":42},"end":{"line":200,"column":86}},"115":{"start":{"line":202,"column":2},"end":{"line":202,"column":20}},"116":{"start":{"line":203,"column":2},"end":{"line":203,"column":36}},"117":{"start":{"line":209,"column":22},"end":{"line":209,"column":26}},"118":{"start":{"line":219,"column":25},"end":{"line":223,"column":4}},"119":{"start":{"line":225,"column":2},"end":{"line":227,"column":3}},"120":{"start":{"line":226,"column":4},"end":{"line":226,"column":67}},"121":{"start":{"line":229,"column":18},"end":{"line":229,"column":null}},"122":{"start":{"line":233,"column":2},"end":{"line":235,"column":3}},"123":{"start":{"line":234,"column":4},"end":{"line":234,"column":75}},"124":{"start":{"line":237,"column":19},"end":{"line":237,"column":30}},"125":{"start":{"line":238,"column":16},"end":{"line":238,"column":43}},"126":{"start":{"line":239,"column":24},"end":{"line":239,"column":57}},"127":{"start":{"line":240,"column":22},"end":{"line":240,"column":57}},"128":{"start":{"line":241,"column":20},"end":{"line":241,"column":35}},"129":{"start":{"line":244,"column":13},"end":{"line":246,"column":4}},"130":{"start":{"line":248,"column":2},"end":{"line":281,"column":3}},"131":{"start":{"line":250,"column":4},"end":{"line":250,"column":34}},"132":{"start":{"line":251,"column":4},"end":{"line":251,"column":22}},"133":{"start":{"line":252,"column":9},"end":{"line":281,"column":3}},"134":{"start":{"line":259,"column":4},"end":{"line":261,"column":5}},"135":{"start":{"line":260,"column":6},"end":{"line":260,"column":154}},"136":{"start":{"line":262,"column":4},"end":{"line":262,"column":29}},"137":{"start":{"line":263,"column":4},"end":{"line":263,"column":27}},"138":{"start":{"line":264,"column":4},"end":{"line":264,"column":34}},"139":{"start":{"line":265,"column":4},"end":{"line":265,"column":22}},"140":{"start":{"line":267,"column":4},"end":{"line":269,"column":5}},"141":{"start":{"line":268,"column":6},"end":{"line":268,"column":87}},"142":{"start":{"line":271,"column":4},"end":{"line":280,"column":7}},"143":{"start":{"line":283,"column":22},"end":{"line":283,"column":47}},"144":{"start":{"line":284,"column":23},"end":{"line":284,"column":58}},"145":{"start":{"line":286,"column":2},"end":{"line":286,"column":85}},"146":{"start":{"line":291,"column":19},"end":{"line":291,"column":85}},"147":{"start":{"line":294,"column":49},"end":{"line":294,"column":53}},"148":{"start":{"line":301,"column":2},"end":{"line":309,"column":3}},"149":{"start":{"line":302,"column":19},"end":{"line":305,"column":6}},"150":{"start":{"line":306,"column":4},"end":{"line":306,"column":29}},"151":{"start":{"line":308,"column":4},"end":{"line":308,"column":66}},"152":{"start":{"line":311,"column":18},"end":{"line":311,"column":39}},"153":{"start":{"line":312,"column":17},"end":{"line":312,"column":68}},"154":{"start":{"line":313,"column":2},"end":{"line":315,"column":3}},"155":{"start":{"line":314,"column":4},"end":{"line":314,"column":79}},"156":{"start":{"line":316,"column":29},"end":{"line":316,"column":83}},"157":{"start":{"line":317,"column":24},"end":{"line":317,"column":84}},"158":{"start":{"line":320,"column":13},"end":{"line":322,"column":4}},"159":{"start":{"line":324,"column":2},"end":{"line":356,"column":3}},"160":{"start":{"line":326,"column":4},"end":{"line":326,"column":34}},"161":{"start":{"line":327,"column":4},"end":{"line":327,"column":22}},"162":{"start":{"line":328,"column":9},"end":{"line":356,"column":3}},"163":{"start":{"line":333,"column":4},"end":{"line":335,"column":5}},"164":{"start":{"line":334,"column":6},"end":{"line":334,"column":124}},"165":{"start":{"line":336,"column":4},"end":{"line":336,"column":27}},"166":{"start":{"line":337,"column":4},"end":{"line":337,"column":27}},"167":{"start":{"line":338,"column":4},"end":{"line":338,"column":34}},"168":{"start":{"line":339,"column":4},"end":{"line":339,"column":22}},"169":{"start":{"line":341,"column":4},"end":{"line":343,"column":5}},"170":{"start":{"line":342,"column":6},"end":{"line":342,"column":81}},"171":{"start":{"line":347,"column":4},"end":{"line":355,"column":7}},"172":{"start":{"line":358,"column":22},"end":{"line":358,"column":47}},"173":{"start":{"line":359,"column":23},"end":{"line":359,"column":58}},"174":{"start":{"line":361,"column":2},"end":{"line":361,"column":85}},"175":{"start":{"line":367,"column":15},"end":{"line":367,"column":42}},"176":{"start":{"line":368,"column":2},"end":{"line":368,"column":45}},"177":{"start":{"line":368,"column":13},"end":{"line":368,"column":45}},"178":{"start":{"line":369,"column":2},"end":{"line":369,"column":73}},"179":{"start":{"line":369,"column":23},"end":{"line":369,"column":73}},"180":{"start":{"line":372,"column":2},"end":{"line":375,"column":4}},"181":{"start":{"line":378,"column":15},"end":{"line":378,"column":52}},"182":{"start":{"line":380,"column":2},"end":{"line":385,"column":5}},"183":{"start":{"line":388,"column":22},"end":{"line":388,"column":33}},"184":{"start":{"line":393,"column":2},"end":{"line":400,"column":3}},"185":{"start":{"line":394,"column":4},"end":{"line":397,"column":5}},"186":{"start":{"line":395,"column":6},"end":{"line":395,"column":79}},"187":{"start":{"line":396,"column":6},"end":{"line":396,"column":18}},"188":{"start":{"line":398,"column":4},"end":{"line":398,"column":107}},"189":{"start":{"line":399,"column":4},"end":{"line":399,"column":21}},"190":{"start":{"line":407,"column":2},"end":{"line":416,"column":3}},"191":{"start":{"line":408,"column":4},"end":{"line":413,"column":7}},"192":{"start":{"line":415,"column":4},"end":{"line":415,"column":85}},"193":{"start":{"line":418,"column":2},"end":{"line":418,"column":19}},"194":{"start":{"line":422,"column":23},"end":{"line":429,"column":4}},"195":{"start":{"line":431,"column":2},"end":{"line":433,"column":3}},"196":{"start":{"line":432,"column":4},"end":{"line":432,"column":68}},"197":{"start":{"line":435,"column":2},"end":{"line":435,"column":39}},"198":{"start":{"line":436,"column":2},"end":{"line":436,"column":28}},"199":{"start":{"line":438,"column":2},"end":{"line":438,"column":69}},"200":{"start":{"line":444,"column":15},"end":{"line":444,"column":81}},"201":{"start":{"line":446,"column":2},"end":{"line":446,"column":20}},"202":{"start":{"line":446,"column":13},"end":{"line":446,"column":20}},"203":{"start":{"line":449,"column":2},"end":{"line":452,"column":4}},"204":{"start":{"line":456,"column":15},"end":{"line":456,"column":52}},"205":{"start":{"line":458,"column":2},"end":{"line":463,"column":5}},"206":{"start":{"line":466,"column":22},"end":{"line":466,"column":33}},"207":{"start":{"line":468,"column":2},"end":{"line":475,"column":3}},"208":{"start":{"line":469,"column":4},"end":{"line":473,"column":5}},"209":{"start":{"line":470,"column":6},"end":{"line":470,"column":75}},"210":{"start":{"line":472,"column":6},"end":{"line":472,"column":106}},"211":{"start":{"line":474,"column":4},"end":{"line":474,"column":11}},"212":{"start":{"line":480,"column":2},"end":{"line":489,"column":3}},"213":{"start":{"line":481,"column":4},"end":{"line":486,"column":7}},"214":{"start":{"line":488,"column":4},"end":{"line":488,"column":81}},"215":{"start":{"line":500,"column":15},"end":{"line":500,"column":76}},"216":{"start":{"line":501,"column":2},"end":{"line":501,"column":25}},"217":{"start":{"line":501,"column":13},"end":{"line":501,"column":25}},"218":{"start":{"line":503,"column":17},"end":{"line":506,"column":4}},"219":{"start":{"line":507,"column":2},"end":{"line":507,"column":27}},"220":{"start":{"line":507,"column":15},"end":{"line":507,"column":27}},"221":{"start":{"line":508,"column":2},"end":{"line":508,"column":55}},"222":{"start":{"line":508,"column":43},"end":{"line":508,"column":55}},"223":{"start":{"line":510,"column":2},"end":{"line":514,"column":3}},"224":{"start":{"line":511,"column":4},"end":{"line":511,"column":25}},"225":{"start":{"line":512,"column":4},"end":{"line":512,"column":24}},"226":{"start":{"line":513,"column":4},"end":{"line":513,"column":16}},"227":{"start":{"line":516,"column":2},"end":{"line":516,"column":16}},"228":{"start":{"line":520,"column":17},"end":{"line":520,"column":69}},"229":{"start":{"line":521,"column":2},"end":{"line":523,"column":3}},"230":{"start":{"line":522,"column":4},"end":{"line":522,"column":61}},"231":{"start":{"line":527,"column":17},"end":{"line":527,"column":69}},"232":{"start":{"line":529,"column":2},"end":{"line":531,"column":3}},"233":{"start":{"line":530,"column":4},"end":{"line":530,"column":61}},"234":{"start":{"line":533,"column":23},"end":{"line":533,"column":59}},"235":{"start":{"line":534,"column":2},"end":{"line":534,"column":72}},"236":{"start":{"line":535,"column":2},"end":{"line":535,"column":46}},"237":{"start":{"line":539,"column":2},"end":{"line":539,"column":67}},"238":{"start":{"line":548,"column":38},"end":{"line":548,"column":44}},"239":{"start":{"line":551,"column":21},"end":{"line":551,"column":93}},"240":{"start":{"line":552,"column":2},"end":{"line":554,"column":3}},"241":{"start":{"line":553,"column":4},"end":{"line":553,"column":75}},"242":{"start":{"line":558,"column":15},"end":{"line":558,"column":42}},"243":{"start":{"line":559,"column":2},"end":{"line":559,"column":45}},"244":{"start":{"line":559,"column":13},"end":{"line":559,"column":45}},"245":{"start":{"line":561,"column":2},"end":{"line":566,"column":3}},"246":{"start":{"line":562,"column":18},"end":{"line":562,"column":72}},"247":{"start":{"line":563,"column":4},"end":{"line":563,"column":60}},"248":{"start":{"line":563,"column":16},"end":{"line":563,"column":60}},"249":{"start":{"line":565,"column":4},"end":{"line":565,"column":59}},"250":{"start":{"line":568,"column":2},"end":{"line":568,"column":77}},"251":{"start":{"line":569,"column":2},"end":{"line":569,"column":20}},"252":{"start":{"line":573,"column":15},"end":{"line":573,"column":42}},"253":{"start":{"line":574,"column":2},"end":{"line":574,"column":45}},"254":{"start":{"line":574,"column":13},"end":{"line":574,"column":45}},"255":{"start":{"line":576,"column":2},"end":{"line":576,"column":34}},"256":{"start":{"line":577,"column":2},"end":{"line":577,"column":20}},"257":{"start":{"line":581,"column":15},"end":{"line":581,"column":42}},"258":{"start":{"line":582,"column":2},"end":{"line":582,"column":45}},"259":{"start":{"line":582,"column":13},"end":{"line":582,"column":45}},"260":{"start":{"line":584,"column":2},"end":{"line":589,"column":3}},"261":{"start":{"line":585,"column":18},"end":{"line":585,"column":72}},"262":{"start":{"line":586,"column":4},"end":{"line":586,"column":60}},"263":{"start":{"line":586,"column":16},"end":{"line":586,"column":60}},"264":{"start":{"line":588,"column":4},"end":{"line":588,"column":59}},"265":{"start":{"line":593,"column":2},"end":{"line":595,"column":3}},"266":{"start":{"line":594,"column":4},"end":{"line":594,"column":118}},"267":{"start":{"line":597,"column":2},"end":{"line":597,"column":35}},"268":{"start":{"line":602,"column":2},"end":{"line":602,"column":61}},"269":{"start":{"line":609,"column":2},"end":{"line":613,"column":5}},"270":{"start":{"line":616,"column":2},"end":{"line":616,"column":23}},"271":{"start":{"line":625,"column":14},"end":{"line":627,"column":4}},"272":{"start":{"line":628,"column":2},"end":{"line":630,"column":3}},"273":{"start":{"line":629,"column":4},"end":{"line":629,"column":37}},"274":{"start":{"line":631,"column":2},"end":{"line":631,"column":20}},"275":{"start":{"line":637,"column":15},"end":{"line":637,"column":42}},"276":{"start":{"line":638,"column":2},"end":{"line":638,"column":45}},"277":{"start":{"line":638,"column":13},"end":{"line":638,"column":45}},"278":{"start":{"line":645,"column":2},"end":{"line":647,"column":3}},"279":{"start":{"line":646,"column":4},"end":{"line":646,"column":75}},"280":{"start":{"line":650,"column":2},"end":{"line":650,"column":52}},"281":{"start":{"line":653,"column":2},"end":{"line":653,"column":38}},"282":{"start":{"line":659,"column":2},"end":{"line":659,"column":38}},"283":{"start":{"line":669,"column":21},"end":{"line":669,"column":42}},"284":{"start":{"line":672,"column":2},"end":{"line":675,"column":4}},"285":{"start":{"line":677,"column":15},"end":{"line":677,"column":52}},"286":{"start":{"line":678,"column":2},"end":{"line":684,"column":5}},"287":{"start":{"line":686,"column":2},"end":{"line":693,"column":3}},"288":{"start":{"line":687,"column":4},"end":{"line":690,"column":5}},"289":{"start":{"line":688,"column":6},"end":{"line":688,"column":65}},"290":{"start":{"line":689,"column":6},"end":{"line":689,"column":18}},"291":{"start":{"line":691,"column":4},"end":{"line":691,"column":94}},"292":{"start":{"line":692,"column":4},"end":{"line":692,"column":21}},"293":{"start":{"line":695,"column":2},"end":{"line":695,"column":102}},"294":{"start":{"line":696,"column":2},"end":{"line":696,"column":19}},"295":{"start":{"line":707,"column":16},"end":{"line":707,"column":42}},"296":{"start":{"line":708,"column":2},"end":{"line":708,"column":72}},"297":{"start":{"line":708,"column":24},"end":{"line":708,"column":72}},"298":{"start":{"line":718,"column":26},"end":{"line":718,"column":66}},"299":{"start":{"line":719,"column":2},"end":{"line":725,"column":3}},"300":{"start":{"line":720,"column":4},"end":{"line":724,"column":6}},"301":{"start":{"line":731,"column":16},"end":{"line":731,"column":72}},"302":{"start":{"line":732,"column":13},"end":{"line":732,"column":53}},"303":{"start":{"line":733,"column":2},"end":{"line":735,"column":3}},"304":{"start":{"line":734,"column":4},"end":{"line":734,"column":97}},"305":{"start":{"line":736,"column":2},"end":{"line":754,"column":3}},"306":{"start":{"line":737,"column":4},"end":{"line":753,"column":7}},"307":{"start":{"line":756,"column":22},"end":{"line":756,"column":47}},"308":{"start":{"line":757,"column":23},"end":{"line":757,"column":58}},"309":{"start":{"line":759,"column":2},"end":{"line":762,"column":4}},"310":{"start":{"line":766,"column":16},"end":{"line":766,"column":42}},"311":{"start":{"line":767,"column":13},"end":{"line":769,"column":46}},"312":{"start":{"line":771,"column":2},"end":{"line":773,"column":3}},"313":{"start":{"line":772,"column":4},"end":{"line":772,"column":65}},"314":{"start":{"line":780,"column":2},"end":{"line":795,"column":3}},"315":{"start":{"line":781,"column":18},"end":{"line":781,"column":74}},"316":{"start":{"line":782,"column":4},"end":{"line":782,"column":52}},"317":{"start":{"line":783,"column":4},"end":{"line":794,"column":5}},"318":{"start":{"line":784,"column":6},"end":{"line":793,"column":9}},"319":{"start":{"line":797,"column":2},"end":{"line":797,"column":48}},"320":{"start":{"line":801,"column":16},"end":{"line":801,"column":42}},"321":{"start":{"line":803,"column":17},"end":{"line":810,"column":4}},"322":{"start":{"line":811,"column":2},"end":{"line":813,"column":3}},"323":{"start":{"line":812,"column":4},"end":{"line":812,"column":68}},"324":{"start":{"line":814,"column":2},"end":{"line":818,"column":3}},"325":{"start":{"line":815,"column":4},"end":{"line":815,"column":25}},"326":{"start":{"line":816,"column":4},"end":{"line":816,"column":24}},"327":{"start":{"line":817,"column":4},"end":{"line":817,"column":68}},"328":{"start":{"line":819,"column":2},"end":{"line":819,"column":33}},"329":{"start":{"line":820,"column":2},"end":{"line":820,"column":22}},"330":{"start":{"line":822,"column":26},"end":{"line":822,"column":30}},"331":{"start":{"line":823,"column":2},"end":{"line":829,"column":3}},"332":{"start":{"line":824,"column":4},"end":{"line":824,"column":39}},"333":{"start":{"line":825,"column":9},"end":{"line":829,"column":3}},"334":{"start":{"line":826,"column":4},"end":{"line":826,"column":46}},"335":{"start":{"line":828,"column":4},"end":{"line":828,"column":52}},"336":{"start":{"line":831,"column":2},"end":{"line":831,"column":45}},"337":{"start":{"line":831,"column":13},"end":{"line":831,"column":45}},"338":{"start":{"line":833,"column":2},"end":{"line":833,"column":21}},"339":{"start":{"line":834,"column":2},"end":{"line":834,"column":30}},"340":{"start":{"line":835,"column":2},"end":{"line":835,"column":20}},"341":{"start":{"line":838,"column":22},"end":{"line":838,"column":47}},"342":{"start":{"line":839,"column":23},"end":{"line":839,"column":58}},"343":{"start":{"line":841,"column":2},"end":{"line":841,"column":85}}},"fnMap":{"0":{"name":"toUserResponse","decl":{"start":{"line":23,"column":15},"end":{"line":23,"column":29}},"loc":{"start":{"line":23,"column":40},"end":{"line":41,"column":1}}},"1":{"name":"generateAccessToken","decl":{"start":{"line":43,"column":9},"end":{"line":43,"column":28}},"loc":{"start":{"line":43,"column":39},"end":{"line":49,"column":1}}},"2":{"name":"generateRefreshToken","decl":{"start":{"line":51,"column":15},"end":{"line":51,"column":35}},"loc":{"start":{"line":51,"column":50},"end":{"line":73,"column":1}}},"3":{"name":"(anonymous_4)","decl":{"start":{"line":62,"column":41},"end":{"line":62,"column":42}},"loc":{"start":{"line":62,"column":48},"end":{"line":62,"column":52}}},"4":{"name":"rotateRefreshToken","decl":{"start":{"line":75,"column":15},"end":{"line":75,"column":33}},"loc":{"start":{"line":75,"column":50},"end":{"line":97,"column":1}}},"5":{"name":"register","decl":{"start":{"line":101,"column":22},"end":{"line":101,"column":30}},"loc":{"start":{"line":101,"column":49},"end":{"line":137,"column":1}}},"6":{"name":"login","decl":{"start":{"line":139,"column":22},"end":{"line":139,"column":27}},"loc":{"start":{"line":139,"column":43},"end":{"line":160,"column":1}}},"7":{"name":"refresh","decl":{"start":{"line":162,"column":22},"end":{"line":162,"column":29}},"loc":{"start":{"line":162,"column":50},"end":{"line":164,"column":1}}},"8":{"name":"logout","decl":{"start":{"line":166,"column":22},"end":{"line":166,"column":28}},"loc":{"start":{"line":166,"column":49},"end":{"line":168,"column":1}}},"9":{"name":"getProfile","decl":{"start":{"line":170,"column":22},"end":{"line":170,"column":32}},"loc":{"start":{"line":170,"column":47},"end":{"line":174,"column":1}}},"10":{"name":"updateProfile","decl":{"start":{"line":176,"column":22},"end":{"line":176,"column":35}},"loc":{"start":{"line":178,"column":25},"end":{"line":204,"column":1}}},"11":{"name":"googleAuth","decl":{"start":{"line":208,"column":22},"end":{"line":208,"column":32}},"loc":{"start":{"line":208,"column":53},"end":{"line":287,"column":1}}},"12":{"name":"appleAuth","decl":{"start":{"line":293,"column":22},"end":{"line":293,"column":31}},"loc":{"start":{"line":293,"column":51},"end":{"line":362,"column":1}}},"13":{"name":"sendVerification","decl":{"start":{"line":366,"column":22},"end":{"line":366,"column":38}},"loc":{"start":{"line":366,"column":53},"end":{"line":419,"column":1}}},"14":{"name":"verifyEmail","decl":{"start":{"line":421,"column":22},"end":{"line":421,"column":33}},"loc":{"start":{"line":421,"column":71},"end":{"line":439,"column":1}}},"15":{"name":"forgotPassword","decl":{"start":{"line":443,"column":22},"end":{"line":443,"column":36}},"loc":{"start":{"line":443,"column":61},"end":{"line":490,"column":1}}},"16":{"name":"findActivePasswordReset","decl":{"start":{"line":499,"column":15},"end":{"line":499,"column":38}},"loc":{"start":{"line":499,"column":66},"end":{"line":517,"column":1}}},"17":{"name":"checkResetCode","decl":{"start":{"line":519,"column":22},"end":{"line":519,"column":36}},"loc":{"start":{"line":519,"column":61},"end":{"line":524,"column":1}}},"18":{"name":"resetPassword","decl":{"start":{"line":526,"column":22},"end":{"line":526,"column":35}},"loc":{"start":{"line":526,"column":59},"end":{"line":540,"column":1}}},"19":{"name":"assertRecentTokenForPasswordlessAccount","decl":{"start":{"line":550,"column":9},"end":{"line":550,"column":48}},"loc":{"start":{"line":550,"column":71},"end":{"line":555,"column":1}}},"20":{"name":"scheduleDeletion","decl":{"start":{"line":557,"column":22},"end":{"line":557,"column":38}},"loc":{"start":{"line":557,"column":105},"end":{"line":570,"column":1}}},"21":{"name":"cancelDeletion","decl":{"start":{"line":572,"column":22},"end":{"line":572,"column":36}},"loc":{"start":{"line":572,"column":51},"end":{"line":578,"column":1}}},"22":{"name":"confirmDeletion","decl":{"start":{"line":580,"column":22},"end":{"line":580,"column":37}},"loc":{"start":{"line":580,"column":104},"end":{"line":598,"column":1}}},"23":{"name":"finalizeUserDeletion","decl":{"start":{"line":600,"column":15},"end":{"line":600,"column":35}},"loc":{"start":{"line":600,"column":46},"end":{"line":617,"column":1}}},"24":{"name":"finalizeDueAccountDeletions","decl":{"start":{"line":624,"column":22},"end":{"line":624,"column":49}},"loc":{"start":{"line":624,"column":49},"end":{"line":632,"column":1}}},"25":{"name":"cancelPendingRegistration","decl":{"start":{"line":636,"column":22},"end":{"line":636,"column":47}},"loc":{"start":{"line":636,"column":62},"end":{"line":654,"column":1}}},"26":{"name":"normalizePhone","decl":{"start":{"line":658,"column":9},"end":{"line":658,"column":23}},"loc":{"start":{"line":658,"column":37},"end":{"line":660,"column":1}}},"27":{"name":"issuePhoneOtp","decl":{"start":{"line":668,"column":15},"end":{"line":668,"column":28}},"loc":{"start":{"line":668,"column":65},"end":{"line":697,"column":1}}},"28":{"name":"registerPhone","decl":{"start":{"line":706,"column":22},"end":{"line":706,"column":35}},"loc":{"start":{"line":706,"column":59},"end":{"line":763,"column":1}}},"29":{"name":"sendPhoneOtp","decl":{"start":{"line":765,"column":22},"end":{"line":765,"column":34}},"loc":{"start":{"line":765,"column":74},"end":{"line":798,"column":1}}},"30":{"name":"verifyPhoneOtp","decl":{"start":{"line
[...]
,"/home/sidd/Desktop/Coding/projects/Rootaroo_new/server/src/shared/utils/household.ts": {"path":"/home/sidd/Desktop/Coding/projects/Rootaroo_new/server/src/shared/utils/household.ts","statementMap":{"0":{"start":{"line":13,"column":0},"end":{"line":13,"column":7}},"1":{"start":{"line":32,"column":0},"end":{"line":32,"column":7}},"2":{"start":{"line":1,"column":0},"end":{"line":1,"column":56}},"3":{"start":{"line":2,"column":0},"end":{"line":2,"column":42}},"4":{"start":{"line":17,"column":21},"end":{"line":17,"column":73}},"5":{"start":{"line":18,"column":2},"end":{"line":20,"column":3}},"6":{"start":{"line":19,"column":4},"end":{"line":19,"column":43}},"7":{"start":{"line":21,"column":2},"end":{"line":21,"column":32}},"8":{"start":{"line":33,"column":21},"end":{"line":33,"column":86}},"9":{"start":{"line":34,"column":2},"end":{"line":34,"column":38}}},"fnMap":{"0":{"name":"getUserHousehold","decl":{"start":{"line":13,"column":22},"end":{"line":13,"column":38}},"loc":{"start":{"line":15,"column":60},"end":{"line":22,"column":1}}},"1":{"name":"isCurrentHouseholdAdmin","decl":{"start":{"line":32,"column":22},"end":{"line":32,"column":45}},"loc":{"start":{"line":32,"column":81},"end":{"line":35,"column":1}}}},"branchMap":{"0":{"loc":{"start":{"line":15,"column":2},"end":{"line":15,"column":60}},"type":"default-arg","locations":[{"start":{"line":15,"column":17},"end":{"line":15,"column":60}}]},"1":{"loc":{"start":{"line":18,"column":2},"end":{"line":20,"column":3}},"type":"if","locations":[{"start":{"line":18,"column":2},"end":{"line":20,"column":3}}]}},"s":{"0":14,"1":14,"2":14,"3":14,"4":207,"5":207,"6":11,"7":196,"8":13,"9":13},"f":{"0":207,"1":13},"b":{"0":[30],"1":[11]}}
,"/home/sidd/Desktop/Coding/projects/Rootaroo_new/server/src/shared/utils/logger.ts": {"path":"/home/sidd/Desktop/Coding/projects/Rootaroo_new/server/src/shared/utils/logger.ts","statementMap":{"0":{"start":{"line":1,"column":0},"end":{"line":1,"column":30}},"1":{"start":{"line":2,"column":0},"end":{"line":2,"column":39}},"2":{"start":{"line":4,"column":15},"end":{"line":21,"column":2}},"3":{"start":{"line":13,"column":12},"end":{"line":13,"column":85}},"4":{"start":{"line":23,"column":0},"end":{"line":23,"column":22}}},"fnMap":{"0":{"name":"(anonymous_1)","decl":{"start":{"line":12,"column":32},"end":{"line":12,"column":33}},"loc":{"start":{"line":12,"column":73},"end":{"line":14,"column":11}}}},"branchMap":{"0":{"loc":{"start":{"line":9,"column":4},"end":{"line":16,"column":29}},"type":"cond-expr","locations":[{"start":{"line":10,"column":8},"end":{"line":14,"column":null}},{"start":{"line":16,"column":8},"end":{"line":16,"column":29}}]},"1":{"loc":{"start":{"line":13,"column":57},"end":{"line":13,"column":82}},"type":"cond-expr","locations":[{"start":{"line":13,"column":65},"end":{"line":13,"column":77}},{"start":{"line":13,"column":80},"end":{"line":13,"column":82}}]}},"s":{"0":12,"1":12,"2":12,"3":0,"4":12},"f":{"0":0},"b":{"0":[0,12],"1":[0,0]}}
,"/home/sidd/Desktop/Coding/projects/Rootaroo_new/server/src/shared/utils/mailer.ts": {"path":"/home/sidd/Desktop/Coding/projects/Rootaroo_new/server/src/shared/utils/mailer.ts","statementMap":{"0":{"start":{"line":13,"column":0},"end":{"line":13,"column":16}},"1":{"start":{"line":47,"column":0},"end":{"line":47,"column":7}},"2":{"start":{"line":1,"column":0},"end":{"line":1,"column":36}},"3":{"start":{"line":3,"column":0},"end":{"line":3,"column":39}},"4":{"start":{"line":5,"column":38},"end":{"line":5,"column":42}},"5":{"start":{"line":6,"column":19},"end":{"line":6,"column":24}},"6":{"start":{"line":38,"column":9},"end":{"line":38,"column":21}},"7":{"start":{"line":14,"column":2},"end":{"line":16,"column":3}},"8":{"start":{"line":15,"column":4},"end":{"line":15,"column":16}},"9":{"start":{"line":18,"column":2},"end":{"line":33,"column":3}},"10":{"start":{"line":19,"column":4},"end":{"line":31,"column":7}},"11":{"start":{"line":32,"column":4},"end":{"line":32,"column":24}},"12":{"start":{"line":35,"column":2},"end":{"line":35,"column":21}},"13":{"start":{"line":48,"column":2},"end":{"line":51,"column":3}},"14":{"start":{"line":49,"column":4},"end":{"line":49,"column":97}},"15":{"start":{"line":50,"column":4},"end":{"line":50,"column":11}},"16":{"start":{"line":53,"column":22},"end":{"line":53,"column":33}},"17":{"start":{"line":54,"column":2},"end":{"line":57,"column":3}},"18":{"start":{"line":55,"column":4},"end":{"line":55,"column":103}},"19":{"start":{"line":56,"column":4},"end":{"line":56,"column":11}},"20":{"start":{"line":59,"column":2},"end":{"line":64,"column":5}}},"fnMap":{"0":{"name":"getMailer","decl":{"start":{"line":13,"column":16},"end":{"line":13,"column":25}},"loc":{"start":{"line":13,"column":25},"end":{"line":36,"column":1}}},"1":{"name":"sendAdminAlertEmail","decl":{"start":{"line":47,"column":22},"end":{"line":47,"column":41}},"loc":{"start":{"line":47,"column":71},"end":{"line":65,"column":1}}}},"branchMap":{"0":{"loc":{"start":{"line":14,"column":2},"end":{"line":16,"column":3}},"type":"if","locations":[{"start":{"line":14,"column":2},"end":{"line":16,"column":3}}]},"1":{"loc":{"start":{"line":18,"column":2},"end":{"line":33,"column":3}},"type":"if","locations":[{"start":{"line":18,"column":2},"end":{"line":33,"column":3}}]},"2":{"loc":{"start":{"line":22,"column":12},"end":{"line":22,"column":84}},"type":"cond-expr","locations":[{"start":{"line":22,"column":28},"end":{"line":22,"column":72}},{"start":{"line":22,"column":75},"end":{"line":22,"column":84}}]},"3":{"loc":{"start":{"line":48,"column":2},"end":{"line":51,"column":3}},"type":"if","locations":[{"start":{"line":48,"column":2},"end":{"line":51,"column":3}}]},"4":{"loc":{"start":{"line":54,"column":2},"end":{"line":57,"column":3}},"type":"if","locations":[{"start":{"line":54,"column":2},"end":{"line":57,"column":3}}]}},"s":{"0":1,"1":1,"2":1,"3":1,"4":1,"5":1,"6":1,"7":4,"8":0,"9":4,"10":4,"11":4,"12":4,"13":0,"14":0,"15":0,"16":0,"17":0,"18":0,"19":0,"20":0},"f":{"0":4,"1":0},"b":{"0":[0],"1":[4],"2":[4,0],"3":[0],"4":[0]}}
,"/home/sidd/Desktop/Coding/projects/Rootaroo_new/server/src/shared/utils/otp.ts": {"path":"/home/sidd/Desktop/Coding/projects/Rootaroo_new/server/src/shared/utils/otp.ts","statementMap":{"0":{"start":{"line":8,"column":0},"end":{"line":8,"column":16}},"1":{"start":{"line":1,"column":0},"end":{"line":1,"column":36}},"2":{"start":{"line":9,"column":2},"end":{"line":9,"column":57}},"3":{"start":{"line":12,"column":13},"end":{"line":12,"column":34}}},"fnMap":{"0":{"name":"hashOtpCode","decl":{"start":{"line":8,"column":16},"end":{"line":8,"column":27}},"loc":{"start":{"line":8,"column":40},"end":{"line":10,"column":1}}}},"branchMap":{},"s":{"0":1,"1":1,"2":16,"3":1},"f":{"0":16},"b":{}}
,"/home/sidd/Desktop/Coding/projects/Rootaroo_new/server/src/shared/utils/s3.ts": {"path":"/home/sidd/Desktop/Coding/projects/Rootaroo_new/server/src/shared/utils/s3.ts","statementMap":{"0":{"start":{"line":10,"column":0},"end":{"line":10,"column":7}},"1":{"start":{"line":30,"column":0},"end":{"line":30,"column":7}},"2":{"start":{"line":41,"column":0},"end":{"line":41,"column":7}},"3":{"start":{"line":1,"column":0},"end":{"line":1,"column":75}},"4":{"start":{"line":2,"column":0},"end":{"line":2,"column":46}},"5":{"start":{"line":3,"column":0},"end":{"line":3,"column":72}},"6":{"start":{"line":4,"column":0},"end":{"line":4,"column":36}},"7":{"start":{"line":5,"column":0},"end":{"line":5,"column":54}},"8":{"start":{"line":6,"column":0},"end":{"line":6,"column":30}},"9":{"start":{"line":8,"column":31},"end":{"line":8,"column":35}},"10":{"start":{"line":16,"column":14},"end":{"line":16,"column":95}},"11":{"start":{"line":17,"column":2},"end":{"line":27,"column":3}},"12":{"start":{"line":18,"column":19},"end":{"line":21,"column":6}},"13":{"start":{"line":22,"column":4},"end":{"line":22,"column":24}},"14":{"start":{"line":23,"column":4},"end":{"line":23,"column":19}},"15":{"start":{"line":25,"column":4},"end":{"line":25,"column":66}},"16":{"start":{"line":26,"column":4},"end":{"line":26,"column":16}},"17":{"start":{"line":31,"column":2},"end":{"line":31,"column":80}},"18":{"start":{"line":42,"column":2},"end":{"line":42,"column":24}},"19":{"start":{"line":42,"column":12},"end":{"line":42,"column":24}},"20":{"start":{"line":43,"column":2},"end":{"line":43,"column":44}},"21":{"start":{"line":43,"column":33},"end":{"line":43,"column":44}},"22":{"start":{"line":44,"column":2},"end":{"line":46,"column":5}}},"fnMap":{"0":{"name":"uploadBuffer","decl":{"start":{"line":10,"column":22},"end":{"line":10,"column":34}},"loc":{"start":{"line":14,"column":20},"end":{"line":28,"column":1}}},"1":{"name":"deleteObject","decl":{"start":{"line":30,"column":22},"end":{"line":30,"column":34}},"loc":{"start":{"line":30,"column":46},"end":{"line":32,"column":1}}},"2":{"name":"getSignedUrl","decl":{"start":{"line":41,"column":22},"end":{"line":41,"column":34}},"loc":{"start":{"line":41,"column":65},"end":{"line":47,"column":1}}}},"branchMap":{"0":{"loc":{"start":{"line":16,"column":42},"end":{"line":16,"column":93}},"type":"cond-expr","locations":[{"start":{"line":16,"column":54},"end":{"line":16,"column":88}},{"start":{"line":16,"column":91},"end":{"line":16,"column":93}}]},"1":{"loc":{"start":{"line":42,"column":2},"end":{"line":42,"column":24}},"type":"if","locations":[{"start":{"line":42,"column":2},"end":{"line":42,"column":24}}]},"2":{"loc":{"start":{"line":43,"column":2},"end":{"line":43,"column":44}},"type":"if","locations":[{"start":{"line":43,"column":2},"end":{"line":43,"column":44}}]}},"s":{"0":4,"1":4,"2":4,"3":4,"4":4,"5":4,"6":4,"7":4,"8":4,"9":4,"10":0,"11":0,"12":0,"13":0,"14":0,"15":0,"16":0,"17":0,"18":55,"19":52,"20":3,"21":3,"22":0},"f":{"0":0,"1":0,"2":55},"b":{"0":[0,0],"1":[52],"2":[3]}}
,"/home/sidd/Desktop/Coding/projects/Rootaroo_new/server/src/shared/utils/sms.ts": {"path":"/home/sidd/Desktop/Coding/projects/Rootaroo_new/server/src/shared/utils/sms.ts","statementMap":{"0":{"start":{"line":4,"column":0},"end":{"line":4,"column":7}},"1":{"start":{"line":1,"column":0},"end":{"line":1,"column":54}},"2":{"start":{"line":2,"column":0},"end":{"line":2,"column":39}},"3":{"start":{"line":5,"column":17},"end":{"line":5,"column":34}},"4":{"start":{"line":6,"column":2},"end":{"line":8,"column":3}},"5":{"start":{"line":7,"column":4},"end":{"line":7,"column":95}},"6":{"start":{"line":10,"column":2},"end":{"line":14,"column":5}}},"fnMap":{"0":{"name":"sendSms","decl":{"start":{"line":4,"column":22},"end":{"line":4,"column":29}},"loc":{"start":{"line":4,"column":66},"end":{"line":15,"column":1}}}},"branchMap":{"0":{"loc":{"start":{"line":6,"column":2},"end":{"line":8,"column":3}},"type":"if","locations":[{"start":{"line":6,"column":2},"end":{"line":8,"column":3}}]}},"s":{"0":0,"1":0,"2":0,"3":0,"4":0,"5":0,"6":0},"f":{"0":0},"b":{"0":[0]}}
,"/home/sidd/Desktop/Coding/projects/Rootaroo_new/server/src/shared/utils/socket.ts": {"path":"/home/sidd/Desktop/Coding/projects/Rootaroo_new/server/src/shared/utils/socket.ts","statementMap":{"0":{"start":{"line":5,"column":0},"end":{"line":5,"column":16}},"1":{"start":{"line":9,"column":0},"end":{"line":9,"column":16}},"2":{"start":{"line":3,"column":32},"end":{"line":3,"column":36}},"3":{"start":{"line":6,"column":2},"end":{"line":6,"column":16}},"4":{"start":{"line":10,"column":2},"end":{"line":12,"column":3}},"5":{"start":{"line":11,"column":4},"end":{"line":11,"column":79}},"6":{"start":{"line":13,"column":2},"end":{"line":13,"column":12}}},"fnMap":{"0":{"name":"setIO","decl":{"start":{"line":5,"column":16},"end":{"line":5,"column":21}},"loc":{"start":{"line":5,"column":46},"end":{"line":7,"column":1}}},"1":{"name":"getIO","decl":{"start":{"line":9,"column":16},"end":{"line":9,"column":21}},"loc":{"start":{"line":9,"column":21},"end":{"line":14,"column":1}}}},"branchMap":{"0":{"loc":{"start":{"line":10,"column":2},"end":{"line":12,"column":3}},"type":"if","locations":[{"start":{"line":10,"column":2},"end":{"line":12,"column":3}}]}},"s":{"0":6,"1":6,"2":6,"3":0,"4":8,"5":8,"6":0},"f":{"0":0,"1":8},"b":{"0":[8]}}
,"/home/sidd/Desktop/Coding/projects/Rootaroo_new/server/src/socket/chatSocket.ts": {"path":"/home/sidd/Desktop/Coding/projects/Rootaroo_new/server/src/socket/chatSocket.ts","statementMap":{"0":{"start":{"line":15,"column":0},"end":{"line":15,"column":16}},"1":{"start":{"line":2,"column":0},"end":{"line":2,"column":null}},"2":{"start":{"line":6,"column":0},"end":{"line":6,"column":44}},"3":{"start":{"line":16,"column":2},"end":{"line":60,"column":5}},"4":{"start":{"line":18,"column":4},"end":{"line":25,"column":7}},"5":{"start":{"line":19,"column":6},"end":{"line":19,"column":77}},"6":{"start":{"line":19,"column":70},"end":{"line":19,"column":77}},"7":{"start":{"line":20,"column":6},"end":{"line":20,"column":68}},"8":{"start":{"line":20,"column":61},"end":{"line":20,"column":68}},"9":{"start":{"line":22,"column":6},"end":{"line":24,"column":9}},"10":{"start":{"line":27,"column":4},"end":{"line":34,"column":7}},"11":{"start":{"line":28,"column":6},"end":{"line":28,"column":77}},"12":{"start":{"line":28,"column":70},"end":{"line":28,"column":77}},"13":{"start":{"line":29,"column":6},"end":{"line":29,"column":68}},"14":{"start":{"line":29,"column":61},"end":{"line":29,"column":68}},"15":{"start":{"line":31,"column":6},"end":{"line":33,"column":9}},"16":{"start":{"line":37,"column":4},"end":{"line":49,"column":6}},"17":{"start":{"line":40,"column":8},"end":{"line":40,"column":79}},"18":{"start":{"line":40,"column":72},"end":{"line":40,"column":79}},"19":{"start":{"line":41,"column":8},"end":{"line":41,"column":75}},"20":{"start":{"line":41,"column":68},"end":{"line":41,"column":75}},"21":{"start":{"line":42,"column":8},"end":{"line":42,"column":70}},"22":{"start":{"line":42,"column":63},"end":{"line":42,"column":70}},"23":{"start":{"line":44,"column":8},"end":{"line":47,"column":11}},"24":{"start":{"line":52,"column":4},"end":{"line":59,"column":7}},"25":{"start":{"line":53,"column":6},"end":{"line":53,"column":77}},"26":{"start":{"line":53,"column":70},"end":{"line":53,"column":77}},"27":{"start":{"line":54,"column":6},"end":{"line":54,"column":68}},"28":{"start":{"line":54,"column":61},"end":{"line":54,"column":68}},"29":{"start":{"line":56,"column":6},"end":{"line":58,"column":9}},"30":{"start":{"line":62,"column":2},"end":{"line":62,"column":87}}},"fnMap":{"0":{"name":"registerChatSocket","decl":{"start":{"line":15,"column":16},"end":{"line":15,"column":34}},"loc":{"start":{"line":15,"column":53},"end":{"line":63,"column":1}}},"1":{"name":"(anonymous_2)","decl":{"start":{"line":16,"column":22},"end":{"line":16,"column":23}},"loc":{"start":{"line":16,"column":54},"end":{"line":60,"column":3}}},"2":{"name":"(anonymous_3)","decl":{"start":{"line":18,"column":29},"end":{"line":18,"column":30}},"loc":{"start":{"line":18,"column":63},"end":{"line":25,"column":5}}},"3":{"name":"(anonymous_4)","decl":{"start":{"line":27,"column":34},"end":{"line":27,"column":35}},"loc":{"start":{"line":27,"column":68},"end":{"line":34,"column":5}}},"4":{"name":"(anonymous_5)","decl":{"start":{"line":39,"column":6},"end":{"line":39,"column":7}},"loc":{"start":{"line":39,"column":59},"end":{"line":48,"column":7}}},"5":{"name":"(anonymous_6)","decl":{"start":{"line":52,"column":33},"end":{"line":52,"column":34}},"loc":{"start":{"line":52,"column":67},"end":{"line":59,"column":5}}}},"branchMap":{"0":{"loc":{"start":{"line":19,"column":6},"end":{"line":19,"column":77}},"type":"if","locations":[{"start":{"line":19,"column":6},"end":{"line":19,"column":77}}]},"1":{"loc":{"start":{"line":19,"column":10},"end":{"line":19,"column":68}},"type":"binary-expr","locations":[{"start":{"line":19,"column":10},"end":{"line":19,"column":28}},{"start":{"line":19,"column":32},"end":{"line":19,"column":68}}]},"2":{"loc":{"start":{"line":20,"column":6},"end":{"line":20,"column":68}},"type":"if","locations":[{"start":{"line":20,"column":6},"end":{"line":20,"column":68}}]},"3":{"loc":{"start":{"line":28,"column":6},"end":{"line":28,"column":77}},"type":"if","locations":[{"start":{"line":28,"column":6},"end":{"line":28,"column":77}}]},"4":{"loc":{"start":{"line":28,"column":10},"end":{"line":28,"column":68}},"type":"binary-expr","locations":[{"start":{"line":28,"column":10},"end":{"line":28,"column":28}},{"start":{"line":28,"column":32},"end":{"line":28,"column":68}}]},"5":{"loc":{"start":{"line":29,"column":6},"end":{"line":29,"column":68}},"type":"if","locations":[{"start":{"line":29,"column":6},"end":{"line":29,"column":68}}]},"6":{"loc":{"start":{"line":40,"column":8},"end":{"line":40,"column":79}},"type":"if","locations":[{"start":{"line":40,"column":8},"end":{"line":40,"column":79}}]},"7":{"loc":{"start":{"line":40,"column":12},"end":{"line":40,"column":70}},"type":"binary-expr","locations":[{"start":{"line":40,"column":12},"end":{"line":40,"column":30}},{"start":{"line":40,"column":34},"end":{"line":40,"column":70}}]},"8":{"loc":{"start":{"line":41,"column":8},"end":{"line":41,"column":75}},"type":"if","locations":[{"start":{"line":41,"column":8},"end":{"line":41,"column":75}}]},"9":{"loc":{"start":{"line":41,"column":12},"end":{"line":41,"column":66}},"type":"binary-expr","locations":[{"start":{"line":41,"column":12},"end":{"line":41,"column":28}},{"start":{"line":41,"column":32},"end":{"line":41,"column":66}}]},"10":{"loc":{"start":{"line":42,"column":8},"end":{"line":42,"column":70}},"type":"if","locations":[{"start":{"line":42,"column":8},"end":{"line":42,"column":70}}]},"11":{"loc":{"start":{"line":53,"column":6},"end":{"line":53,"column":77}},"type":"if","locations":[{"start":{"line":53,"column":6},"end":{"line":53,"column":77}}]},"12":{"loc":{"start":{"line":53,"column":10},"end":{"line":53,"column":68}},"type":"binary-expr","locations":[{"start":{"line":53,"column":10},"end":{"line":53,"column":28}},{"start":{"line":53,"column":32},"end":{"line":53,"column":68}}]},"13":{"loc":{"start":{"line":54,"column":6},"end":{"line":54,"column":68}},"type":"if","locations":[{"start":{"line":54,"column":6},"end":{"line":54,"column":68}}]}},"s":{"0":0,"1":0,"2":0,"3":0,"4":0,"5":0,"6":0,"7":0,"8":0,"9":0,"10":0,"11":0,"12":0,"13":0,"14":0,"15":0,"16":0,"17":0,"18":0,"19":0,"20":0,"21":0,"22":0,"23":0,"24":0,"25":0,"26":0,"27":0,"28":0,"29":0,"30":0},"f":{"0":0,"1":0,"2":0,"3":0,"4":0,"5":0},"b":{"0":[0],"1":[0,0],"2":[0],"3":[0],"4":[0,0],"5":[0],"6":[0],"7":[0,0],"8":[0],"9":[0,0],"10":[0],"11":[0],"12":[0,0],"13":[0]}}
}
