TN:
SF:src/config/database.ts
FN:29,testDatabaseConnection
FNF:1
FNH:0
FNDA:0,testDatabaseConnection
DA:1,1
DA:2,1
DA:4,1
DA:6,1
DA:27,1
DA:29,1
DA:30,0
DA:31,0
DA:32,0
DA:34,0
DA:35,0
LF:11
LH:6
BRDA:4,0,0,1
BRDA:4,0,1,0
BRDA:8,1,0,1
BRDA:8,1,1,0
BRDA:12,2,0,0
BRDA:12,2,1,1
BRF:6
BRH:3
end_of_record
TN:
SF:src/config/env.ts
FNF:0
FNH:0
DA:1,13
DA:3,13
DA:5,13
DA:111,13
DA:112,0
DA:124,0
DA:126,0
DA:127,0
DA:133,0
DA:135,0
LF:10
LH:4
BRDA:6,0,0,13
BRDA:6,0,1,0
BRDA:7,1,0,13
BRDA:7,1,1,0
BRDA:11,2,0,13
BRDA:11,2,1,13
BRDA:17,3,0,13
BRDA:17,3,1,13
BRDA:21,4,0,13
BRDA:21,4,1,0
BRDA:22,5,0,13
BRDA:22,5,1,0
BRDA:23,6,0,13
BRDA:23,6,1,0
BRDA:24,7,0,13
BRDA:24,7,1,13
BRDA:25,8,0,13
BRDA:25,8,1,0
BRDA:29,9,0,13
BRDA:29,9,1,0
BRDA:30,10,0,13
BRDA:30,10,1,0
BRDA:34,11,0,13
BRDA:34,11,1,13
BRDA:38,12,0,13
BRDA:38,12,1,0
BRDA:39,13,0,13
BRDA:39,13,1,0
BRDA:40,14,0,13
BRDA:40,14,1,0
BRDA:41,15,0,13
BRDA:41,15,1,0
BRDA:47,16,0,13
BRDA:47,16,1,13
BRDA:50,17,0,13
BRDA:50,17,1,0
BRDA:51,18,0,13
BRDA:51,18,1,0
BRDA:52,19,0,13
BRDA:52,19,1,0
BRDA:56,20,0,13
BRDA:56,20,1,13
BRDA:63,21,0,13
BRDA:63,21,1,13
BRDA:64,22,0,13
BRDA:64,22,1,13
BRDA:65,23,0,13
BRDA:65,23,1,13
BRDA:74,24,0,13
BRDA:74,24,1,13
BRDA:75,25,0,13
BRDA:75,25,1,0
BRDA:76,26,0,13
BRDA:76,26,1,0
BRDA:77,27,0,13
BRDA:77,27,1,0
BRDA:78,28,0,13
BRDA:78,28,1,0
BRDA:83,29,0,13
BRDA:83,29,1,0
BRDA:84,30,0,13
BRDA:84,30,1,0
BRDA:85,31,0,13
BRDA:85,31,1,0
BRDA:86,32,0,13
BRDA:86,32,1,0
BRDA:87,33,0,13
BRDA:87,33,1,0
BRDA:92,34,0,13
BRDA:92,34,1,13
BRDA:97,35,0,13
BRDA:97,35,1,13
BRDA:99,36,0,13
BRDA:99,36,1,13
BRDA:100,37,0,13
BRDA:100,37,1,0
BRDA:101,38,0,13
BRDA:101,38,1,0
BRDA:102,39,0,13
BRDA:102,39,1,13
BRDA:111,40,0,0
BRDA:113,41,0,0
BRDA:113,41,1,0
BRDA:114,42,0,0
BRDA:114,42,1,0
BRDA:115,43,0,0
BRDA:115,43,1,0
BRDA:116,44,0,0
BRDA:116,44,1,0
BRDA:117,45,0,0
BRDA:117,45,1,0
BRDA:118,46,0,0
BRDA:118,46,1,0
BRDA:120,47,0,0
BRDA:120,47,1,0
BRDA:120,47,2,0
BRDA:121,48,0,0
BRDA:121,48,1,0
BRDA:121,48,2,0
BRDA:124,49,0,0
BRDA:133,50,0,0
BRF:101
BRH:54
end_of_record
TN:
SF:src/config/redis.ts
FN:14,(anonymous_1)
FN:25,(anonymous_2)
FN:30,(anonymous_3)
FNF:3
FNH:0
FNDA:0,(anonymous_1)
FNDA:0,(anonymous_2)
FNDA:0,(anonymous_3)
DA:1,0
DA:2,0
DA:4,0
DA:15,0
DA:23,0
DA:25,0
DA:26,0
DA:27,0
DA:30,0
DA:33,0
DA:34,0
DA:35,0
DA:39,0
LF:13
LH:0
BRDA:33,0,0,0
BRF:1
BRH:0
end_of_record
TN:
SF:src/config/s3.ts
FNF:0
FNH:0
DA:1,4
DA:2,4
DA:4,4
DA:14,4
DA:15,4
LF:5
LH:5
BRDA:5,0,0,4
BRDA:5,0,1,0
BRDA:6,1,0,4
BRDA:6,1,1,4
BRF:4
BRH:3
end_of_record
TN:
SF:src/config/swagger.ts
FNF:0
FNH:0
DA:1,0
DA:3,0
DA:27,0
LF:3
LH:0
BRF:0
BRH:0
end_of_record
TN:
SF:src/jobs/calendar-sync.ts
FN:11,startCalendarSyncJob
FN:12,(anonymous_2)
FNF:2
FNH:0
FNDA:0,startCalendarSyncJob
FNDA:0,(anonymous_2)
DA:1,0
DA:2,0
DA:3,0
DA:4,0
DA:11,0
DA:12,0
DA:13,0
DA:14,0
DA:15,0
DA:16,0
DA:18,0
DA:21,0
DA:22,0
DA:26,0
LF:14
LH:0
BRDA:21,0,0,0
BRF:1
BRH:0
end_of_record
TN:
SF:src/jobs/event-reminder.ts
FN:12,startEventReminderJob
FN:13,(anonymous_2)
FNF:2
FNH:0
FNDA:0,startEventReminderJob
FNDA:0,(anonymous_2)
DA:1,0
DA:2,0
DA:3,0
DA:12,0
DA:13,0
DA:14,0
DA:15,0
DA:16,0
DA:17,0
DA:20,0
DA:24,0
LF:11
LH:0
BRDA:16,0,0,0
BRF:1
BRH:0
end_of_record
TN:
SF:src/jobs/grocery-archive.ts
FN:10,startGroceryArchiveJob
FN:11,(anonymous_2)
FNF:2
FNH:0
FNDA:0,startGroceryArchiveJob
FNDA:0,(anonymous_2)
DA:1,0
DA:2,0
DA:3,0
DA:4,0
DA:10,0
DA:11,0
DA:12,0
DA:14,0
DA:15,0
DA:26,0
DA:27,0
DA:30,0
DA:34,0
LF:13
LH:0
BRDA:26,0,0,0
BRF:1
BRH:0
end_of_record
TN:
SF:src/jobs/overdue-points.ts
FN:15,startOverduePointsReductionJob
FN:16,(anonymous_2)
FNF:2
FNH:0
FNDA:0,startOverduePointsReductionJob
FNDA:0,(anonymous_2)
DA:1,0
DA:2,0
DA:3,0
DA:4,0
DA:15,0
DA:16,0
DA:17,0
DA:18,0
DA:24,0
DA:32,0
DA:33,0
DA:34,0
DA:35,0
DA:36,0
DA:39,0
DA:40,0
DA:43,0
DA:47,0
LF:18
LH:0
BRDA:39,0,0,0
BRF:1
BRH:0
end_of_record
TN:
SF:src/jobs/ping-expiry.ts
FN:14,startPingExpiryJob
FN:15,(anonymous_2)
FNF:2
FNH:0
FNDA:0,startPingExpiryJob
FNDA:0,(anonymous_2)
DA:1,0
DA:2,0
DA:3,0
DA:4,0
DA:6,0
DA:14,0
DA:15,0
DA:16,0
DA:17,0
DA:27,0
DA:28,0
DA:31,0
DA:35,0
LF:13
LH:0
BRDA:27,0,0,0
BRF:1
BRH:0
end_of_record
TN:
SF:src/jobs/purge-scheduled-deletions.ts
FN:13,startPurgeScheduledDeletionsJob
FN:14,(anonymous_2)
FNF:2
FNH:0
FNDA:0,startPurgeScheduledDeletionsJob
FNDA:0,(anonymous_2)
DA:1,0
DA:2,0
DA:3,0
DA:4,0
DA:13,0
DA:14,0
DA:15,0
DA:16,0
DA:17,0
DA:18,0
DA:21,0
DA:24,0
DA:25,0
DA:26,0
DA:27,0
DA:30,0
DA:34,0
LF:17
LH:0
BRDA:17,0,0,0
BRDA:26,1,0,0
BRF:2
BRH:0
end_of_record
TN:
SF:src/modules/admin/controller.ts
FN:7,listRequests
FN:19,approveRequest
FN:26,rejectRequest
FNF:3
FNH:0
FNDA:0,listRequests
FNDA:0,approveRequest
FNDA:0,rejectRequest
DA:2,0
DA:5,0
DA:7,0
DA:8,0
DA:9,0
DA:10,0
DA:11,0
DA:12,0
DA:14,0
DA:15,0
DA:16,0
DA:19,0
DA:20,0
DA:21,0
DA:22,0
DA:23,0
DA:26,0
DA:27,0
DA:28,0
DA:29,0
DA:30,0
LF:21
LH:0
BRDA:10,0,0,0
BRDA:10,1,0,0
BRDA:10,1,1,0
BRF:3
BRH:0
end_of_record
TN:
SF:src/modules/admin/routes.ts
FNF:0
FNH:0
DA:1,0
DA:2,0
DA:3,0
DA:4,0
DA:5,0
DA:7,0
DA:10,0
DA:26,0
DA:63,0
DA:64,0
DA:66,0
LF:11
LH:0
BRF:0
BRH:0
end_of_record
TN:
SF:src/modules/admin/validation.ts
FNF:0
FNH:0
DA:1,0
DA:4,0
LF:2
LH:0
BRF:0
BRH:0
end_of_record
TN:
SF:src/modules/auth/controller.ts
FN:7,register
FN:14,login
FN:21,refresh
FN:28,logout
FN:35,me
FN:43,updateProfile
FN:51,googleAuth
FN:58,appleAuth
FN:65,sendVerification
FN:73,verifyEmail
FN:81,forgotPassword
FN:88,resetPassword
FN:95,checkResetCode
FN:102,scheduleDeletion
FN:110,cancelDeletion
FN:118,confirmDeletion
FN:126,uploadAvatarCtrl
FN:140,cancelPendingRegistration
FN:148,registerPhone
FN:155,sendPhoneOtp
FN:163,verifyPhoneOtp
FNF:21
FNH:0
FNDA:0,register
FNDA:0,login
FNDA:0,refresh
FNDA:0,logout
FNDA:0,me
FNDA:0,updateProfile
FNDA:0,googleAuth
FNDA:0,appleAuth
FNDA:0,sendVerification
FNDA:0,verifyEmail
FNDA:0,forgotPassword
FNDA:0,resetPassword
FNDA:0,checkResetCode
FNDA:0,scheduleDeletion
FNDA:0,cancelDeletion
FNDA:0,confirmDeletion
FNDA:0,uploadAvatarCtrl
FNDA:0,cancelPendingRegistration
FNDA:0,registerPhone
FNDA:0,sendPhoneOtp
FNDA:0,verifyPhoneOtp
DA:3,0
DA:4,0
DA:7,0
DA:8,0
DA:9,0
DA:10,0
DA:11,0
DA:14,0
DA:15,0
DA:16,0
DA:17,0
DA:18,0
DA:21,0
DA:22,0
DA:23,0
DA:24,0
DA:25,0
DA:28,0
DA:29,0
DA:30,0
DA:31,0
DA:32,0
DA:35,0
DA:36,0
DA:37,0
DA:38,0
DA:39,0
DA:40,0
DA:43,0
DA:44,0
DA:45,0
DA:46,0
DA:47,0
DA:48,0
DA:51,0
DA:52,0
DA:53,0
DA:54,0
DA:55,0
DA:58,0
DA:59,0
DA:60,0
DA:61,0
DA:62,0
DA:65,0
DA:66,0
DA:67,0
DA:68,0
DA:69,0
DA:70,0
DA:73,0
DA:74,0
DA:75,0
DA:76,0
DA:77,0
DA:78,0
DA:81,0
DA:82,0
DA:83,0
DA:84,0
DA:85,0
DA:88,0
DA:89,0
DA:90,0
DA:91,0
DA:92,0
DA:95,0
DA:96,0
DA:97,0
DA:98,0
DA:99,0
DA:102,0
DA:103,0
DA:104,0
DA:105,0
DA:106,0
DA:107,0
DA:110,0
DA:111,0
DA:112,0
DA:113,0
DA:114,0
DA:115,0
DA:118,0
DA:119,0
DA:120,0
DA:121,0
DA:122,0
DA:123,0
DA:126,0
DA:127,0
DA:128,0
DA:129,0
DA:130,0
DA:131,0
DA:132,0
DA:134,0
DA:135,0
DA:136,0
DA:137,0
DA:140,0
DA:141,0
DA:142,0
DA:143,0
DA:144,0
DA:145,0
DA:148,0
DA:149,0
DA:150,0
DA:151,0
DA:152,0
DA:155,0
DA:156,0
DA:157,0
DA:158,0
DA:159,0
DA:160,0
DA:163,0
DA:164,0
DA:165,0
DA:166,0
DA:167,0
DA:168,0
LF:123
LH:0
BRDA:130,0,0,0
BRF:1
BRH:0
end_of_record
TN:
SF:src/modules/auth/routes.ts
FNF:0
FNH:0
DA:1,0
DA:2,0
DA:3,0
DA:4,0
DA:5,0
DA:6,0
DA:8,0
DA:34,0
DA:48,0
DA:74,0
DA:98,0
DA:100,0
DA:101,0
DA:103,0
DA:104,0
DA:105,0
DA:125,0
DA:148,0
DA:170,0
DA:174,0
DA:198,0
DA:200,0
DA:214,0
DA:238,0
DA:240,0
DA:241,0
DA:242,0
DA:243,0
DA:245,0
LF:29
LH:0
BRF:0
BRH:0
end_of_record
TN:
SF:src/modules/auth/service.ts
FN:23,toUserResponse
FN:43,generateAccessToken
FN:51,generateRefreshToken
FN:62,(anonymous_4)
FN:75,rotateRefreshToken
FN:101,register
FN:139,login
FN:162,refresh
FN:166,logout
FN:170,getProfile
FN:176,updateProfile
FN:208,googleAuth
FN:293,appleAuth
FN:366,sendVerification
FN:421,verifyEmail
FN:443,forgotPassword
FN:499,findActivePasswordReset
FN:519,checkResetCode
FN:526,resetPassword
FN:550,assertRecentTokenForPasswordlessAccount
FN:557,scheduleDeletion
FN:572,cancelDeletion
FN:580,confirmDeletion
FN:600,finalizeUserDeletion
FN:624,finalizeDueAccountDeletions
FN:636,cancelPendingRegistration
FN:658,normalizePhone
FN:668,issuePhoneOtp
FN:706,registerPhone
FN:765,sendPhoneOtp
FN:800,verifyPhoneOtp
FNF:31
FNH:23
FNDA:13,toUserResponse
FNDA:11,generateAccessToken
FNDA:11,generateRefreshToken
FNDA:0,(anonymous_4)
FNDA:0,rotateRefreshToken
FNDA:3,register
FNDA:0,login
FNDA:0,refresh
FNDA:0,logout
FNDA:0,getProfile
FNDA:3,updateProfile
FNDA:7,googleAuth
FNDA:8,appleAuth
FNDA:5,sendVerification
FNDA:2,verifyEmail
FNDA:2,forgotPassword
FNDA:7,findActivePasswordReset
FNDA:2,checkResetCode
FNDA:5,resetPassword
FNDA:2,assertRecentTokenForPasswordlessAccount
FNDA:5,scheduleDeletion
FNDA:1,cancelDeletion
FNDA:3,confirmDeletion
FNDA:2,finalizeUserDeletion
FNDA:0,finalizeDueAccountDeletions
FNDA:0,cancelPendingRegistration
FNDA:22,normalizePhone
FNDA:3,issuePhoneOtp
FNDA:3,registerPhone
FNDA:4,sendPhoneOtp
FNDA:4,verifyPhoneOtp
DA:1,1
DA:2,1
DA:3,1
DA:4,1
DA:5,1
DA:6,1
DA:7,1
DA:8,1
DA:9,1
DA:10,1
DA:11,1
DA:12,1
DA:13,1
DA:24,13
DA:44,11
DA:52,11
DA:54,11
DA:55,11
DA:56,0
DA:61,0
DA:62,0
DA:66,11
DA:72,11
DA:76,0
DA:81,0
DA:82,0
DA:85,0
DA:86,0
DA:87,0
DA:91,0
DA:92,0
DA:93,0
DA:94,0
DA:96,0
DA:101,1
DA:102,3
DA:103,3
DA:105,3
DA:106,3
DA:107,0
DA:111,3
DA:112,2
DA:113,2
DA:114,2
DA:115,1
DA:119,2
DA:120,2
DA:130,2
DA:131,2
DA:134,2
DA:136,2
DA:139,1
DA:140,0
DA:142,0
DA:143,0
DA:144,0
DA:147,0
DA:148,0
DA:149,0
DA:153,0
DA:154,0
DA:156,0
DA:157,0
DA:159,0
DA:162,1
DA:163,0
DA:166,1
DA:167,0
DA:170,1
DA:171,0
DA:172,0
DA:173,0
DA:176,1
DA:180,3
DA:181,3
DA:183,3
DA:184,3
DA:185,3
DA:186,3
DA:187,3
DA:188,3
DA:189,3
DA:190,3
DA:191,3
DA:192,2
DA:193,2
DA:194,1
DA:197,2
DA:199,2
DA:200,2
DA:202,2
DA:203,2
DA:208,1
DA:209,7
DA:219,7
DA:225,7
DA:226,1
DA:229,6
DA:233,6
DA:234,1
DA:237,5
DA:238,5
DA:239,5
DA:240,5
DA:241,5
DA:244,5
DA:248,5
DA:250,1
DA:251,1
DA:252,4
DA:259,2
DA:260,1
DA:262,1
DA:263,1
DA:264,1
DA:265,1
DA:267,2
DA:268,1
DA:271,1
DA:283,3
DA:284,3
DA:286,3
DA:291,1
DA:293,1
DA:294,8
DA:301,8
DA:302,8
DA:306,7
DA:308,1
DA:311,7
DA:312,7
DA:313,7
DA:314,1
DA:316,6
DA:317,6
DA:320,6
DA:324,6
DA:326,1
DA:327,1
DA:328,5
DA:333,2
DA:334,1
DA:336,1
DA:337,1
DA:338,1
DA:339,1
DA:341,3
DA:342,1
DA:347,2
DA:358,4
DA:359,4
DA:361,4
DA:366,1
DA:367,5
DA:368,5
DA:369,4
DA:372,3
DA:378,3
DA:380,3
DA:388,3
DA:393,3
DA:394,3
DA:395,3
DA:396,3
DA:398,0
DA:399,0
DA:407,0
DA:408,0
DA:415,0
DA:418,0
DA:421,1
DA:422,2
DA:431,2
DA:432,1
DA:435,1
DA:436,1
DA:438,1
DA:443,1
DA:444,2
DA:446,2
DA:449,1
DA:456,1
DA:458,1
DA:466,1
DA:468,1
DA:469,1
DA:470,1
DA:472,0
DA:474,1
DA:480,0
DA:481,0
DA:488,0
DA:500,7
DA:501,7
DA:503,6
DA:507,6
DA:508,4
DA:510,3
DA:511,1
DA:512,1
DA:513,1
DA:516,2
DA:519,1
DA:520,2
DA:521,2
DA:522,1
DA:526,1
DA:527,5
DA:529,5
DA:530,4
DA:533,1
DA:534,1
DA:535,1
DA:539,1
DA:548,1
DA:551,2
DA:552,2
DA:553,1
DA:557,1
DA:558,5
DA:559,5
DA:561,4
DA:562,2
DA:563,2
DA:565,2
DA:568,2
DA:569,2
DA:572,1
DA:573,1
DA:574,1
DA:576,1
DA:577,1
DA:580,1
DA:581,3
DA:582,3
DA:584,3
DA:585,3
DA:586,3
DA:588,0
DA:593,3
DA:594,1
DA:597,2
DA:602,2
DA:609,2
DA:616,2
DA:624,1
DA:625,0
DA:628,0
DA:629,0
DA:631,0
DA:636,1
DA:637,0
DA:638,0
DA:645,0
DA:646,0
DA:650,0
DA:653,0
DA:659,22
DA:669,3
DA:672,3
DA:677,3
DA:678,3
DA:686,3
DA:687,1
DA:688,1
DA:689,1
DA:691,0
DA:692,0
DA:695,2
DA:696,2
DA:706,1
DA:707,3
DA:708,3
DA:718,3
DA:719,3
DA:720,2
DA:731,1
DA:732,1
DA:733,1
DA:734,0
DA:736,1
DA:737,1
DA:756,1
DA:757,1
DA:759,1
DA:765,1
DA:766,4
DA:767,4
DA:771,4
DA:772,1
DA:780,3
DA:781,1
DA:782,1
DA:783,1
DA:784,1
DA:797,3
DA:800,1
DA:801,4
DA:803,4
DA:811,4
DA:812,2
DA:814,2
DA:815,1
DA:816,1
DA:817,1
DA:819,1
DA:820,1
DA:822,1
DA:823,1
DA:824,1
DA:825,0
DA:826,0
DA:828,0
DA:831,1
DA:833,1
DA:834,1
DA:835,1
DA:838,1
DA:839,1
DA:841,1
LF:320
LH:261
BRDA:55,0,0,0
BRDA:81,1,0,0
BRDA:81,2,0,0
BRDA:81,2,1,0
BRDA:85,3,0,0
BRDA:103,4,0,3
BRDA:103,4,1,3
BRDA:106,5,0,0
BRDA:111,6,0,2
BRDA:114,7,0,1
BRDA:125,8,0,2
BRDA:125,8,1,1
BRDA:143,9,0,0
BRDA:148,10,0,0
BRDA:172,11,0,0
BRDA:181,12,0,0
BRDA:183,13,0,0
BRDA:184,14,0,0
BRDA:185,15,0,0
BRDA:186,16,0,0
BRDA:187,17,0,1
BRDA:188,18,0,1
BRDA:189,19,0,3
BRDA:190,20,0,3
BRDA:190,20,1,0
BRDA:191,21,0,2
BRDA:191,22,0,3
BRDA:191,22,1,3
BRDA:193,23,0,1
BRDA:193,24,0,2
BRDA:193,24,1,1
BRDA:199,25,0,0
BRDA:200,26,0,0
BRDA:225,27,0,1
BRDA:233,28,0,1
BRDA:240,29,0,5
BRDA:240,29,1,0
BRDA:248,30,0,1
BRDA:248,30,1,4
BRDA:248,31,0,5
BRDA:248,31,1,3
BRDA:252,32,0,2
BRDA:252,32,1,2
BRDA:259,33,0,1
BRDA:267,34,0,1
BRDA:276,35,0,1
BRDA:276,35,1,1
BRDA:313,36,0,1
BRDA:317,37,0,6
BRDA:317,37,1,2
BRDA:324,38,0,1
BRDA:324,38,1,5
BRDA:324,39,0,6
BRDA:324,39,1,3
BRDA:328,40,0,2
BRDA:328,40,1,3
BRDA:333,41,0,1
BRDA:341,42,0,1
BRDA:351,43,0,2
BRDA:351,43,1,1
BRDA:368,44,0,1
BRDA:369,45,0,1
BRDA:393,46,0,3
BRDA:394,47,0,3
BRDA:431,48,0,1
BRDA:446,49,0,1
BRDA:468,50,0,1
BRDA:469,51,0,1
BRDA:469,51,1,0
BRDA:501,52,0,1
BRDA:507,53,0,2
BRDA:508,54,0,1
BRDA:510,55,0,1
BRDA:521,56,0,1
BRDA:529,57,0,4
BRDA:551,58,0,2
BRDA:551,58,1,0
BRDA:552,59,0,1
BRDA:559,60,0,1
BRDA:561,61,0,2
BRDA:561,61,1,2
BRDA:563,62,0,1
BRDA:574,63,0,0
BRDA:582,64,0,0
BRDA:584,65,0,3
BRDA:584,65,1,0
BRDA:586,66,0,0
BRDA:593,67,0,1
BRDA:593,68,0,3
BRDA:593,68,1,2
BRDA:638,69,0,0
BRDA:645,70,0,0
BRDA:645,71,0,0
BRDA:645,71,1,0
BRDA:645,71,2,0
BRDA:645,71,3,0
BRDA:686,72,0,1
BRDA:686,73,0,3
BRDA:686,73,1,2
BRDA:686,73,2,2
BRDA:687,74,0,1
BRDA:708,75,0,0
BRDA:719,76,0,2
BRDA:721,77,0,1
BRDA:721,77,1,1
BRDA:733,78,0,0
BRDA:733,79,0,1
BRDA:733,79,1,0
BRDA:736,80,0,1
BRDA:745,81,0,1
BRDA:745,81,1,1
BRDA:746,82,0,1
BRDA:746,82,1,1
BRDA:747,83,0,1
BRDA:747,83,1,1
BRDA:748,84,0,1
BRDA:748,84,1,1
BRDA:749,85,0,1
BRDA:749,85,1,1
BRDA:750,86,0,1
BRDA:750,86,1,1
BRDA:751,87,0,1
BRDA:751,87,1,1
BRDA:767,88,0,3
BRDA:767,88,1,1
BRDA:771,89,0,1
BRDA:771,90,0,4
BRDA:771,90,1,3
BRDA:771,90,2,3
BRDA:771,90,3,3
BRDA:780,91,0,1
BRDA:780,92,0,3
BRDA:780,92,1,1
BRDA:783,93,0,1
BRDA:797,94,0,3
BRDA:797,94,1,0
BRDA:811,95,0,2
BRDA:811,96,0,4
BRDA:811,96,1,3
BRDA:814,97,0,1
BRDA:823,98,0,1
BRDA:823,98,1,0
BRDA:825,99,0,0
BRDA:825,99,1,0
BRDA:831,100,0,0
BRF:145
BRH:107
end_of_record
TN:
SF:src/modules/auth/validation.ts
FN:13,(anonymous_0)
FN:17,(anonymous_1)
FNF:2
FNH:0
FNDA:0,(anonymous_0)
FNDA:0,(anonymous_1)
DA:1,0
DA:4,0
DA:13,0
DA:17,0
DA:23,0
DA:30,0
DA:36,0
DA:50,0
DA:56,0
DA:63,0
DA:69,0
DA:75,0
DA:83,0
DA:90,0
DA:96,0
DA:102,0
DA:108,0
DA:115,0
LF:18
LH:0
BRDA:13,0,0,0
BRDA:13,0,1,0
BRDA:13,1,0,0
BRDA:13,1,1,0
BRDA:13,1,2,0
BRDA:17,2,0,0
BRDA:17,2,1,0
BRDA:17,3,0,0
BRDA:17,3,1,0
BRDA:17,3,2,0
BRF:10
BRH:0
end_of_record
TN:
SF:src/modules/calendar/controller.ts
FN:5,getUserId
FN:9,create
FN:18,list
FN:27,getById
FN:36,update
FN:49,remove
FN:58,exportIcs
FN:69,googleStatus
FN:76,googleConnect
FN:83,googleDisconnect
FNF:10
FNH:0
FNDA:0,getUserId
FNDA:0,create
FNDA:0,list
FNDA:0,getById
FNDA:0,update
FNDA:0,remove
FNDA:0,exportIcs
FNDA:0,googleStatus
FNDA:0,googleConnect
FNDA:0,googleDisconnect
DA:3,0
DA:6,0
DA:9,0
DA:10,0
DA:11,0
DA:12,0
DA:14,0
DA:18,0
DA:19,0
DA:20,0
DA:21,0
DA:23,0
DA:27,0
DA:28,0
DA:29,0
DA:30,0
DA:32,0
DA:36,0
DA:37,0
DA:38,0
DA:43,0
DA:45,0
DA:49,0
DA:50,0
DA:51,0
DA:52,0
DA:54,0
DA:58,0
DA:59,0
DA:60,0
DA:61,0
DA:62,0
DA:63,0
DA:65,0
DA:69,0
DA:70,0
DA:71,0
DA:72,0
DA:73,0
DA:76,0
DA:77,0
DA:78,0
DA:79,0
DA:80,0
DA:83,0
DA:84,0
DA:85,0
DA:86,0
DA:87,0
LF:49
LH:0
BRF:0
BRH:0
end_of_record
TN:
SF:src/modules/calendar/routes.ts
FNF:0
FNH:0
DA:1,0
DA:2,0
DA:3,0
DA:4,0
DA:5,0
DA:12,0
DA:14,0
DA:16,0
DA:17,0
DA:18,0
DA:21,0
DA:22,0
DA:23,0
DA:25,0
DA:26,0
DA:27,0
DA:29,0
LF:17
LH:0
BRF:0
BRH:0
end_of_record
TN:
SF:src/modules/calendar/service.ts
FN:30,getUserHouseholdId
FN:35,splitDateTime
FN:37,(anonymous_12)
FN:44,joinDateTime
FN:49,toRepeatRule
FN:61,toResponse
FN:63,(anonymous_16)
FN:82,createEvent
FN:117,(anonymous_18)
FN:125,(anonymous_19)
FN:146,listEvents
FN:169,getEventById
FN:184,isHouseholdAdmin
FN:189,assertCanManageEvent
FN:202,updateEvent
FN:239,(anonymous_25)
FN:250,(anonymous_26)
FN:264,deleteEvent
FN:277,(anonymous_28)
FN:290,foldIcsLine
FN:301,escapeIcs
FN:309,toIcsDateTime
FN:315,exportHouseholdIcs
FN:363,notifyUpcomingEvents
FN:367,(anonymous_34)
FN:368,(anonymous_35)
FN:408,(anonymous_36)
FN:425,toGoogleSyncStatusResponse
FN:436,getGoogleSyncStatus
FN:446,connectGoogleCalendar
FN:474,(anonymous_40)
FN:479,disconnectGoogleCalendar
FN:484,pushEventToGoogleIfConnected
FN:517,syncUserCalendar
FN:581,(anonymous_44)
FNF:35
FNH:25
FNDA:14,getUserHouseholdId
FNDA:4,splitDateTime
FNDA:20,(anonymous_12)
FNDA:10,joinDateTime
FNDA:6,toRepeatRule
FNDA:5,toResponse
FNDA:0,(anonymous_16)
FNDA:1,createEvent
FNDA:0,(anonymous_18)
FNDA:0,(anonymous_19)
FNDA:1,listEvents
FNDA:2,getEventById
FNDA:2,isHouseholdAdmin
FNDA:5,assertCanManageEvent
FNDA:3,updateEvent
FNDA:0,(anonymous_25)
FNDA:0,(anonymous_26)
FNDA:2,deleteEvent
FNDA:0,(anonymous_28)
FNDA:25,foldIcsLine
FNDA:2,escapeIcs
FNDA:4,toIcsDateTime
FNDA:2,exportHouseholdIcs
FNDA:4,notifyUpcomingEvents
FNDA:32,(anonymous_34)
FNDA:16,(anonymous_35)
FNDA:0,(anonymous_36)
FNDA:3,toGoogleSyncStatusResponse
FNDA:2,getGoogleSyncStatus
FNDA:1,connectGoogleCalendar
FNDA:0,(anonymous_40)
FNDA:1,disconnectGoogleCalendar
FNDA:0,pushEventToGoogleIfConnected
FNDA:4,syncUserCalendar
FNDA:0,(anonymous_44)
DA:1,1
DA:2,1
DA:3,1
DA:4,1
DA:5,1
DA:6,1
DA:7,1
DA:8,1
DA:16,1
DA:17,1
DA:31,14
DA:36,4
DA:37,20
DA:38,4
DA:39,4
DA:40,4
DA:45,10
DA:46,10
DA:50,6
DA:51,0
DA:55,0
DA:57,0
DA:62,5
DA:63,0
DA:65,5
DA:82,1
DA:86,1
DA:89,1
DA:90,0
DA:93,0
DA:94,0
DA:98,1
DA:99,1
DA:100,1
DA:102,1
DA:115,1
DA:116,0
DA:117,0
DA:124,1
DA:125,0
DA:126,0
DA:131,1
DA:134,1
DA:135,1
DA:137,1
DA:138,1
DA:140,1
DA:143,1
DA:146,1
DA:150,1
DA:152,1
DA:153,1
DA:154,1
DA:157,1
DA:166,1
DA:169,1
DA:173,2
DA:174,2
DA:178,2
DA:179,1
DA:185,2
DA:186,2
DA:195,5
DA:196,2
DA:197,2
DA:202,1
DA:207,3
DA:208,3
DA:209,3
DA:210,3
DA:212,2
DA:213,2
DA:214,2
DA:215,0
DA:216,0
DA:217,0
DA:219,2
DA:220,0
DA:221,0
DA:223,2
DA:224,0
DA:225,0
DA:229,2
DA:230,0
DA:231,0
DA:232,0
DA:235,0
DA:236,0
DA:238,0
DA:239,0
DA:247,2
DA:249,2
DA:250,0
DA:251,0
DA:255,2
DA:258,2
DA:259,2
DA:264,1
DA:268,2
DA:269,2
DA:270,2
DA:271,2
DA:273,1
DA:274,0
DA:275,0
DA:276,0
DA:277,0
DA:278,0
DA:283,1
DA:284,1
DA:291,25
DA:292,0
DA:293,0
DA:294,0
DA:295,0
DA:296,0
DA:298,0
DA:302,2
DA:311,4
DA:312,4
DA:315,1
DA:316,2
DA:317,2
DA:325,2
DA:332,2
DA:333,2
DA:334,2
DA:335,2
DA:336,2
DA:337,2
DA:339,2
DA:340,2
DA:341,2
DA:342,2
DA:343,2
DA:344,2
DA:345,2
DA:346,2
DA:347,1
DA:348,1
DA:350,2
DA:353,2
DA:354,2
DA:363,1
DA:364,4
DA:365,4
DA:367,32
DA:368,16
DA:374,4
DA:375,4
DA:382,4
DA:387,4
DA:388,4
DA:389,5
DA:394,5
DA:395,5
DA:396,5
DA:398,3
DA:399,3
DA:400,3
DA:408,0
DA:409,3
DA:411,4
DA:426,3
DA:427,1
DA:429,2
DA:436,1
DA:437,2
DA:438,2
DA:446,1
DA:450,1
DA:451,1
DA:453,1
DA:454,1
DA:455,0
DA:456,0
DA:457,0
DA:458,0
DA:459,0
DA:460,0
DA:461,0
DA:463,1
DA:474,1
DA:476,1
DA:479,1
DA:480,1
DA:485,0
DA:486,0
DA:488,0
DA:489,0
DA:490,0
DA:492,0
DA:505,0
DA:506,0
DA:507,0
DA:517,1
DA:518,4
DA:519,4
DA:521,3
DA:522,3
DA:525,3
DA:527,3
DA:528,2
DA:530,2
DA:531,1
DA:532,1
DA:535,1
DA:536,1
DA:537,1
DA:539,1
DA:540,1
DA:541,1
DA:542,1
DA:544,1
DA:545,0
DA:546,0
DA:547,0
DA:548,0
DA:549,0
DA:550,0
DA:551,0
DA:552,0
DA:554,1
DA:570,3
DA:571,3
DA:572,3
DA:577,3
DA:580,3
DA:581,0
DA:582,0
LF:230
LH:165
BRDA:45,0,0,10
BRDA:45,0,1,0
BRDA:50,1,0,6
BRDA:51,2,0,0
BRDA:51,2,1,0
BRDA:51,2,2,0
BRDA:51,2,3,0
BRDA:62,3,0,5
BRDA:62,3,1,0
BRDA:71,4,0,5
BRDA:71,4,1,0
BRDA:89,5,0,0
BRDA:89,6,0,1
BRDA:89,6,1,0
BRDA:93,7,0,0
BRDA:100,8,0,1
BRDA:100,8,1,1
BRDA:106,9,0,1
BRDA:106,9,1,0
BRDA:111,10,0,1
BRDA:111,10,1,0
BRDA:115,11,0,0
BRDA:115,12,0,1
BRDA:115,12,1,0
BRDA:124,13,0,0
BRDA:134,14,0,0
BRDA:153,15,0,1
BRDA:178,16,0,1
BRDA:195,17,0,3
BRDA:196,18,0,0
BRDA:209,19,0,0
BRDA:212,20,0,2
BRDA:213,21,0,1
BRDA:214,22,0,0
BRDA:219,23,0,0
BRDA:223,24,0,0
BRDA:225,25,0,0
BRDA:225,25,1,0
BRDA:229,26,0,0
BRDA:231,27,0,0
BRDA:235,28,0,0
BRDA:249,29,0,0
BRDA:249,30,0,2
BRDA:249,30,1,2
BRDA:258,31,0,0
BRDA:270,32,0,0
BRDA:273,33,0,0
BRDA:275,34,0,0
BRDA:291,35,0,25
BRDA:311,36,0,4
BRDA:311,36,1,0
BRDA:334,37,0,2
BRDA:334,37,1,0
BRDA:337,38,0,0
BRDA:337,38,1,2
BRDA:345,39,0,0
BRDA:346,40,0,1
BRDA:346,41,0,2
BRDA:346,41,1,1
BRDA:389,42,0,5
BRDA:389,42,1,0
BRDA:394,43,0,5
BRDA:394,43,1,0
BRDA:396,44,0,2
BRDA:396,45,0,5
BRDA:396,45,1,4
BRDA:426,46,0,1
BRDA:426,47,0,3
BRDA:426,47,1,2
BRDA:432,48,0,0
BRDA:432,48,1,2
BRDA:454,49,0,0
BRDA:454,49,1,1
BRDA:486,50,0,0
BRDA:490,51,0,0
BRDA:490,51,1,0
BRDA:500,52,0,0
BRDA:500,52,1,0
BRDA:505,53,0,0
BRDA:519,54,0,1
BRDA:530,55,0,1
BRDA:531,56,0,1
BRDA:535,57,0,1
BRDA:535,57,1,0
BRDA:535,58,0,0
BRDA:535,58,1,0
BRDA:536,59,0,1
BRDA:536,59,1,0
BRDA:536,60,0,0
BRDA:536,60,1,0
BRDA:537,61,0,0
BRDA:540,62,0,1
BRDA:540,62,1,0
BRDA:542,63,0,1
BRDA:542,63,1,1
BRDA:544,64,0,0
BRDA:544,64,1,1
BRDA:545,65,0,0
BRDA:545,65,1,0
BRDA:546,66,0,0
BRDA:546,66,1,0
BRDA:551,67,0,0
BRDA:551,67,1,0
BRDA:558,68,0,1
BRDA:558,68,1,0
BRDA:559,69,0,1
BRDA:559,69,1,1
BRDA:564,70,0,1
BRDA:564,70,1,0
BRF:109
BRH:47
end_of_record
TN:
SF:src/modules/calendar/types.ts
FN:72,toInviteeResponse
FNF:1
FNH:0
FNDA:0,toInviteeResponse
DA:72,0
DA:73,0
LF:2
LH:0
BRF:0
BRH:0
end_of_record
TN:
SF:src/modules/calendar/validation.ts
FN:4,(anonymous_0)
FNF:1
FNH:0
FNDA:0,(anonymous_0)
DA:1,0
DA:4,0
DA:8,0
DA:20,0
DA:35,0
DA:44,0
LF:6
LH:0
BRF:0
BRH:0
end_of_record
TN:
SF:src/modules/chat/controller.ts
FN:5,getUserId
FN:9,getUserRole
FN:13,uploadVoiceCtrl
FN:39,uploadChatImageCtrl
FN:62,sendMessageCtrl
FN:75,listMessagesCtrl
FN:88,getMessageByIdCtrl
FN:101,updateMessageCtrl
FN:114,deleteMessageCtrl
FN:127,addReactionCtrl
FN:140,removeReactionCtrl
FN:155,createConversationCtrl
FN:168,getUserConversationsCtrl
FN:181,addParticipantCtrl
FN:194,inviteParticipantCtrl
FN:207,removeParticipantCtrl
FN:220,deleteConversationCtrl
FNF:17
FNH:0
FNDA:0,getUserId
FNDA:0,getUserRole
FNDA:0,uploadVoiceCtrl
FNDA:0,uploadChatImageCtrl
FNDA:0,sendMessageCtrl
FNDA:0,listMessagesCtrl
FNDA:0,getMessageByIdCtrl
FNDA:0,updateMessageCtrl
FNDA:0,deleteMessageCtrl
FNDA:0,addReactionCtrl
FNDA:0,removeReactionCtrl
FNDA:0,createConversationCtrl
FNDA:0,getUserConversationsCtrl
FNDA:0,addParticipantCtrl
FNDA:0,inviteParticipantCtrl
FNDA:0,removeParticipantCtrl
FNDA:0,deleteConversationCtrl
DA:2,0
DA:3,0
DA:6,0
DA:10,0
DA:13,0
DA:18,0
DA:19,0
DA:20,0
DA:21,0
DA:22,0
DA:24,0
DA:25,0
DA:30,0
DA:35,0
DA:39,0
DA:44,0
DA:45,0
DA:46,0
DA:47,0
DA:48,0
DA:50,0
DA:53,0
DA:58,0
DA:62,0
DA:67,0
DA:68,0
DA:69,0
DA:71,0
DA:75,0
DA:80,0
DA:81,0
DA:82,0
DA:84,0
DA:88,0
DA:93,0
DA:94,0
DA:95,0
DA:97,0
DA:101,0
DA:106,0
DA:107,0
DA:108,0
DA:110,0
DA:114,0
DA:119,0
DA:120,0
DA:121,0
DA:123,0
DA:127,0
DA:132,0
DA:133,0
DA:134,0
DA:136,0
DA:140,0
DA:145,0
DA:146,0
DA:147,0
DA:149,0
DA:155,0
DA:160,0
DA:161,0
DA:162,0
DA:164,0
DA:168,0
DA:173,0
DA:174,0
DA:175,0
DA:177,0
DA:181,0
DA:186,0
DA:187,0
DA:188,0
DA:190,0
DA:194,0
DA:199,0
DA:200,0
DA:201,0
DA:203,0
DA:207,0
DA:212,0
DA:213,0
DA:214,0
DA:216,0
DA:220,0
DA:225,0
DA:226,0
DA:227,0
DA:229,0
LF:88
LH:0
BRDA:20,0,0,0
BRDA:24,1,0,0
BRDA:24,1,1,0
BRDA:46,2,0,0
BRF:4
BRH:0
end_of_record
TN:
SF:src/modules/chat/routes.ts
FNF:0
FNH:0
DA:1,0
DA:2,0
DA:3,0
DA:4,0
DA:5,0
DA:6,0
DA:19,0
DA:21,0
DA:24,0
DA:25,0
DA:26,0
DA:27,0
DA:28,0
DA:29,0
DA:40,0
DA:41,0
DA:44,0
DA:45,0
DA:46,0
DA:47,0
DA:48,0
DA:51,0
DA:52,0
DA:54,0
LF:24
LH:0
BRF:0
BRH:0
end_of_record
TN:
SF:src/modules/chat/service.ts
FN:33,toConversationResponse
FN:42,(anonymous_1)
FN:59,createConversation
FN:69,(anonymous_3)
FN:85,(anonymous_4)
FN:86,(anonymous_5)
FN:86,(anonymous_6)
FN:90,(anonymous_7)
FN:134,(anonymous_8)
FN:162,joinSocketsToRoom
FN:174,getOrCreateDm
FN:181,(anonymous_11)
FN:183,(anonymous_12)
FN:184,(anonymous_13)
FN:189,(anonymous_14)
FN:211,getUserConversations
FN:219,(anonymous_16)
FN:243,ensureHouseholdMember
FN:247,isHouseholdAdmin
FN:252,assertCanManageParticipants
FN:268,toSenderResponse
FN:280,toMessageResponse
FN:287,(anonymous_22)
FN:289,(anonymous_23)
FN:332,sendMessage
FN:414,listMessages
FN:456,(anonymous_26)
FN:462,(anonymous_27)
FN:465,(anonymous_28)
FN:482,getMessageById
FN:514,(anonymous_30)
FN:522,updateMessage
FN:570,deleteMessage
FN:593,(anonymous_33)
FN:612,addReaction
FN:646,removeReaction
FN:675,getReactions
FN:678,(anonymous_37)
FN:679,(anonymous_38)
FN:696,addParticipant
FN:723,inviteToGroup
FN:756,removeParticipant
FN:765,deleteConversation
FN:792,(anonymous_43)
FN:794,(anonymous_44)
FNF:45
FNH:27
FNDA:1,toConversationResponse
FNDA:0,(anonymous_1)
FNDA:2,createConversation
FNDA:2,(anonymous_3)
FNDA:0,(anonymous_4)
FNDA:0,(anonymous_5)
FNDA:0,(anonymous_6)
FNDA:0,(anonymous_7)
FNDA:2,(anonymous_8)
FNDA:1,joinSocketsToRoom
FNDA:0,getOrCreateDm
FNDA:0,(anonymous_11)
FNDA:0,(anonymous_12)
FNDA:0,(anonymous_13)
FNDA:0,(anonymous_14)
FNDA:0,getUserConversations
FNDA:0,(anonymous_16)
FNDA:29,ensureHouseholdMember
FNDA:4,isHouseholdAdmin
FNDA:2,assertCanManageParticipants
FNDA:7,toSenderResponse
FNDA:7,toMessageResponse
FNDA:35,(anonymous_22)
FNDA:0,(anonymous_23)
FNDA:5,sendMessage
FNDA:3,listMessages
FNDA:1,(anonymous_26)
FNDA:1,(anonymous_27)
FNDA:0,(anonymous_28)
FNDA:3,getMessageById
FNDA:0,(anonymous_30)
FNDA:3,updateMessage
FNDA:4,deleteMessage
FNDA:3,(anonymous_33)
FNDA:2,addReaction
FNDA:1,removeReaction
FNDA:2,getReactions
FNDA:10,(anonymous_37)
FNDA:5,(anonymous_38)
FNDA:2,addParticipant
FNDA:0,inviteToGroup
FNDA:0,removeParticipant
FNDA:4,deleteConversation
FNDA:2,(anonymous_43)
FNDA:0,(anonymous_44)
DA:1,1
DA:2,1
DA:3,1
DA:14,1
DA:15,1
DA:16,1
DA:17,1
DA:29,1
DA:34,1
DA:35,1
DA:36,1
DA:42,0
DA:59,1
DA:63,2
DA:69,2
DA:70,2
DA:71,2
DA:74,2
DA:75,1
DA:80,1
DA:81,0
DA:83,0
DA:84,0
DA:85,0
DA:86,0
DA:88,0
DA:89,0
DA:90,0
DA:91,0
DA:92,0
DA:93,0
DA:94,0
DA:100,0
DA:110,1
DA:111,0
DA:112,0
DA:113,0
DA:119,0
DA:123,1
DA:132,1
DA:133,1
DA:134,2
DA:141,1
DA:153,1
DA:156,1
DA:158,1
DA:163,1
DA:164,1
DA:165,0
DA:166,0
DA:179,0
DA:180,0
DA:181,0
DA:182,0
DA:183,0
DA:184,0
DA:186,0
DA:187,0
DA:188,0
DA:189,0
DA:190,0
DA:192,0
DA:193,0
DA:196,0
DA:203,0
DA:207,0
DA:208,0
DA:211,1
DA:212,0
DA:215,0
DA:219,0
DA:221,0
DA:223,0
DA:238,0
DA:244,29
DA:248,4
DA:249,4
DA:257,2
DA:258,2
DA:259,2
DA:260,2
DA:261,2
DA:262,2
DA:263,0
DA:265,2
DA:271,7
DA:272,7
DA:281,7
DA:282,7
DA:283,7
DA:284,7
DA:287,35
DA:289,0
DA:293,7
DA:294,7
DA:295,7
DA:297,0
DA:300,0
DA:301,0
DA:302,0
DA:310,7
DA:332,1
DA:336,5
DA:339,4
DA:342,4
DA:344,4
DA:345,1
DA:348,3
DA:349,3
DA:350,3
DA:356,3
DA:357,1
DA:361,1
DA:362,1
DA:363,1
DA:365,2
DA:367,1
DA:368,1
DA:369,1
DA:373,3
DA:374,0
DA:375,0
DA:378,3
DA:390,3
DA:397,3
DA:399,3
DA:402,3
DA:403,3
DA:404,3
DA:409,3
DA:414,1
DA:418,3
DA:419,3
DA:421,3
DA:422,3
DA:428,1
DA:431,1
DA:432,1
DA:434,0
DA:436,2
DA:438,2
DA:439,0
DA:442,2
DA:453,2
DA:454,2
DA:456,2
DA:459,2
DA:462,1
DA:465,2
DA:467,2
DA:468,1
DA:469,5
DA:473,2
DA:477,2
DA:482,1
DA:486,3
DA:488,3
DA:496,3
DA:501,2
DA:502,2
DA:505,2
DA:506,1
DA:509,1
DA:512,1
DA:513,1
DA:514,5
DA:517,1
DA:522,1
DA:528,3
DA:530,3
DA:531,3
DA:533,3
DA:536,3
DA:537,3
DA:538,1
DA:541,2
DA:546,2
DA:553,2
DA:555,2
DA:558,2
DA:559,2
DA:560,2
DA:565,2
DA:570,1
DA:575,4
DA:577,4
DA:578,4
DA:580,4
DA:581,4
DA:582,4
DA:583,4
DA:586,4
DA:587,1
DA:588,1
DA:589,1
DA:593,3
DA:594,3
DA:595,3
DA:599,3
DA:600,3
DA:601,3
DA:612,1
DA:617,2
DA:619,2
DA:620,2
DA:621,2
DA:624,1
DA:630,1
DA:633,1
DA:634,1
DA:635,1
DA:636,1
DA:641,1
DA:646,1
DA:651,1
DA:653,1
DA:657,1
DA:659,1
DA:660,1
DA:661,1
DA:662,1
DA:663,1
DA:664,1
DA:670,1
DA:675,1
DA:676,2
DA:678,2
DA:679,10
DA:680,10
DA:683,2
DA:696,1
DA:701,2
DA:706,2
DA:709,2
DA:710,1
DA:713,1
DA:723,1
DA:728,0
DA:731,0
DA:734,0
DA:735,0
DA:739,0
DA:745,0
DA:746,0
DA:747,0
DA:748,0
DA:750,0
DA:756,1
DA:761,0
DA:762,0
DA:765,1
DA:769,4
DA:770,4
DA:771,4
DA:776,4
DA:780,2
DA:781,2
DA:782,1
DA:785,2
DA:786,2
DA:787,2
DA:788,1
DA:792,2
DA:793,2
DA:794,2
DA:795,2
DA:796,0
DA:797,0
DA:799,2
DA:800,2
LF:270
LH:203
BRDA:34,0,0,1
BRDA:34,0,1,0
BRDA:35,1,0,1
BRDA:35,1,1,1
BRDA:47,2,0,0
BRDA:47,2,1,1
BRDA:50,3,0,0
BRDA:50,3,1,0
BRDA:52,4,0,0
BRDA:52,4,1,0
BRDA:70,5,0,2
BRDA:74,6,0,1
BRDA:80,7,0,0
BRDA:80,8,0,1
BRDA:80,8,1,0
BRDA:91,9,0,0
BRDA:91,10,0,0
BRDA:91,10,1,0
BRDA:91,10,2,0
BRDA:93,11,0,0
BRDA:93,12,0,0
BRDA:93,12,1,0
BRDA:100,13,0,0
BRDA:110,14,0,0
BRDA:112,15,0,0
BRDA:119,16,0,0
BRDA:127,17,0,1
BRDA:127,17,1,0
BRDA:153,18,0,0
BRDA:166,19,0,0
BRDA:166,20,0,0
BRDA:166,20,1,0
BRDA:188,21,0,0
BRDA:190,22,0,0
BRDA:190,23,0,0
BRDA:190,23,1,0
BRDA:193,24,0,0
BRDA:193,25,0,0
BRDA:193,25,1,0
BRDA:221,26,0,0
BRDA:259,27,0,0
BRDA:262,28,0,0
BRDA:262,29,0,2
BRDA:262,29,1,0
BRDA:271,30,0,0
BRDA:274,31,0,7
BRDA:274,31,1,0
BRDA:281,32,0,7
BRDA:281,32,1,0
BRDA:282,33,0,7
BRDA:282,33,1,0
BRDA:283,34,0,7
BRDA:283,34,1,7
BRDA:295,35,0,0
BRDA:300,36,0,0
BRDA:301,37,0,0
BRDA:301,37,1,0
BRDA:305,38,0,0
BRDA:305,38,1,0
BRDA:314,39,0,7
BRDA:314,39,1,0
BRDA:323,40,0,7
BRDA:323,40,1,7
BRDA:326,41,0,7
BRDA:326,41,1,7
BRDA:342,42,0,0
BRDA:344,43,0,1
BRDA:344,44,0,4
BRDA:344,44,1,2
BRDA:344,44,2,0
BRDA:344,44,3,2
BRDA:356,45,0,1
BRDA:356,45,1,2
BRDA:356,46,0,3
BRDA:356,46,1,1
BRDA:361,47,0,1
BRDA:365,48,0,1
BRDA:368,49,0,1
BRDA:368,49,1,0
BRDA:369,50,0,1
BRDA:369,50,1,0
BRDA:373,51,0,0
BRDA:375,52,0,0
BRDA:382,53,0,3
BRDA:382,53,1,1
BRDA:386,54,0,3
BRDA:386,54,1,3
BRDA:397,55,0,0
BRDA:419,56,0,3
BRDA:419,56,1,2
BRDA:422,57,0,1
BRDA:422,57,1,2
BRDA:431,58,0,1
BRDA:438,59,0,0
BRDA:454,60,0,0
BRDA:454,60,1,2
BRDA:473,61,0,0
BRDA:473,61,1,2
BRDA:474,62,0,0
BRDA:474,62,1,0
BRDA:496,63,0,1
BRDA:505,64,0,1
BRDA:531,65,0,0
BRDA:537,66,0,1
BRDA:537,67,0,3
BRDA:537,67,1,2
BRDA:542,68,0,2
BRDA:542,68,1,0
BRDA:553,69,0,0
BRDA:578,70,0,0
BRDA:586,71,0,1
BRDA:586,72,0,4
BRDA:586,72,1,2
BRDA:588,73,0,1
BRDA:620,74,0,0
BRDA:621,75,0,1
BRDA:661,76,0,1
BRDA:709,77,0,1
BRDA:734,78,0,0
BRDA:747,79,0,0
BRDA:747,79,1,0
BRDA:748,80,0,0
BRDA:748,80,1,0
BRDA:771,81,0,0
BRDA:776,82,0,2
BRDA:776,82,1,2
BRDA:781,83,0,1
BRDA:787,84,0,1
BRDA:787,85,0,2
BRDA:787,85,1,1
BRDA:795,86,0,0
BRF:131
BRH:61
end_of_record
TN:
SF:src/modules/chat/validation.ts
FN:13,(anonymous_0)
FNF:1
FNH:0
FNDA:0,(anonymous_0)
DA:1,0
DA:3,0
DA:13,0
DA:18,0
DA:25,0
DA:32,0
DA:39,0
DA:47,0
DA:55,0
DA:59,0
DA:64,0
DA:68,0
LF:12
LH:0
BRDA:13,0,0,0
BRDA:13,0,1,0
BRDA:13,0,2,0
BRDA:13,0,3,0
BRF:4
BRH:0
end_of_record
TN:
SF:src/modules/checkin/controller.ts
FN:5,getUserId
FN:9,create
FN:16,list
FN:23,listByMember
FNF:4
FNH:0
FNDA:0,getUserId
FNDA:0,create
FNDA:0,list
FNDA:0,listByMember
DA:3,0
DA:6,0
DA:9,0
DA:10,0
DA:11,0
DA:12,0
DA:13,0
DA:16,0
DA:17,0
DA:18,0
DA:19,0
DA:20,0
DA:23,0
DA:24,0
DA:25,0
DA:26,0
DA:31,0
DA:32,0
LF:18
LH:0
BRDA:25,0,0,0
BRDA:25,0,1,0
BRF:2
BRH:0
end_of_record
TN:
SF:src/modules/checkin/routes.ts
FNF:0
FNH:0
DA:1,0
DA:2,0
DA:3,0
DA:4,0
DA:5,0
DA:7,0
DA:9,0
DA:12,0
DA:15,0
DA:18,0
DA:20,0
LF:11
LH:0
BRF:0
BRH:0
end_of_record
TN:
SF:src/modules/checkin/service.ts
FN:17,getUserHousehold
FN:21,toCheckInResponse
FN:50,createCheckIn
FN:82,(anonymous_13)
FN:95,(anonymous_14)
FN:115,listCheckIns
FN:151,listMemberCheckIns
FNF:7
FNH:5
FNDA:7,getUserHousehold
FNDA:5,toCheckInResponse
FNDA:3,createCheckIn
FNDA:0,(anonymous_13)
FNDA:0,(anonymous_14)
FNDA:2,listCheckIns
FNDA:2,listMemberCheckIns
DA:1,1
DA:2,1
DA:3,1
DA:4,1
DA:5,1
DA:6,1
DA:7,1
DA:8,1
DA:18,7
DA:22,5
DA:23,5
DA:50,1
DA:54,3
DA:56,2
DA:57,2
DA:59,2
DA:70,2
DA:73,2
DA:86,2
DA:97,2
DA:100,2
DA:102,2
DA:103,2
DA:105,2
DA:108,2
DA:115,1
DA:119,2
DA:120,2
DA:122,2
DA:123,2
DA:124,1
DA:126,2
DA:127,0
DA:130,2
DA:137,2
DA:138,2
DA:140,2
DA:151,1
DA:156,2
DA:158,2
DA:161,2
DA:163,1
DA:164,1
DA:174,1
LF:44
LH:43
BRDA:22,0,0,5
BRDA:22,0,1,0
BRDA:27,1,0,5
BRDA:27,1,1,0
BRDA:34,2,0,0
BRDA:34,2,1,5
BRDA:35,3,0,0
BRDA:35,3,1,5
BRDA:57,4,0,2
BRDA:57,4,1,0
BRDA:63,5,0,2
BRDA:63,5,1,1
BRDA:64,6,0,2
BRDA:64,6,1,1
BRDA:65,7,0,2
BRDA:65,7,1,1
BRDA:66,8,0,2
BRDA:66,8,1,0
BRDA:70,9,0,2
BRDA:70,9,1,1
BRDA:100,10,0,2
BRDA:100,10,1,0
BRDA:120,11,0,2
BRDA:120,11,1,0
BRDA:123,12,0,1
BRDA:126,13,0,0
BRDA:142,14,0,0
BRDA:142,14,1,2
BRDA:142,15,0,2
BRDA:142,15,1,0
BRDA:154,16,0,0
BRDA:161,17,0,1
BRF:32
BRH:20
end_of_record
TN:
SF:src/modules/checkin/validation.ts
FN:13,(anonymous_0)
FNF:1
FNH:0
FNDA:0,(anonymous_0)
DA:1,0
DA:4,0
DA:14,0
DA:20,0
LF:4
LH:0
BRDA:14,0,0,0
BRDA:14,0,1,0
BRDA:14,0,2,0
BRDA:14,0,3,0
BRF:4
BRH:0
end_of_record
TN:
SF:src/modules/dashboard/controller.ts
FN:5,getDashboard
FN:15,quickNotify
FNF:2
FNH:0
FNDA:0,getDashboard
FNDA:0,quickNotify
DA:3,0
DA:5,0
DA:6,0
DA:7,0
DA:8,0
DA:9,0
DA:10,0
DA:11,0
DA:12,0
DA:15,0
DA:16,0
DA:17,0
DA:18,0
DA:19,0
DA:20,0
DA:22,0
DA:23,0
DA:24,0
DA:26,0
DA:27,0
DA:28,0
LF:21
LH:0
BRDA:9,0,0,0
BRDA:9,0,1,0
BRDA:19,1,0,0
BRDA:19,2,0,0
BRDA:19,2,1,0
BRDA:19,2,2,0
BRDA:22,3,0,0
BRDA:22,3,1,0
BRDA:23,4,0,0
BRDA:26,5,0,0
BRDA:26,5,1,0
BRF:11
BRH:0
end_of_record
TN:
SF:src/modules/dashboard/routes.ts
FNF:0
FNH:0
DA:1,0
DA:2,0
DA:3,0
DA:5,0
DA:7,0
DA:9,0
DA:10,0
DA:12,0
LF:8
LH:0
BRF:0
BRH:0
end_of_record
TN:
SF:src/modules/dashboard/service.ts
FN:66,getUserHousehold
FN:71,isValidTimeZone
FN:80,getDashboard
FN:91,(anonymous_13)
FN:108,(anonymous_14)
FN:113,(anonymous_15)
FN:154,dateKey
FN:159,keyMinusDays
FN:163,(anonymous_18)
FN:173,daysAgo
FN:189,loadActivity
FN:222,(anonymous_21)
FN:244,(anonymous_22)
FN:273,buildActivity
FN:290,totalFor
FN:299,computeStreak
FN:305,(anonymous_26)
FN:332,buildLeaderboard
FN:337,(anonymous_28)
FN:347,(anonymous_29)
FN:350,computeEngagement
FN:362,(anonymous_31)
FN:365,(anonymous_32)
FN:367,(anonymous_33)
FN:392,quickNotify
FN:415,(anonymous_35)
FN:422,(anonymous_36)
FNF:27
FNH:24
FNDA:12,getUserHousehold
FNDA:2,isValidTimeZone
FNDA:9,getDashboard
FNDA:8,(anonymous_13)
FNDA:0,(anonymous_14)
FNDA:0,(anonymous_15)
FNDA:55,dateKey
FNDA:566,keyMinusDays
FNDA:1132,(anonymous_18)
FNDA:16,daysAgo
FNDA:8,loadActivity
FNDA:7,(anonymous_21)
FNDA:5,(anonymous_22)
FNDA:8,buildActivity
FNDA:550,totalFor
FNDA:8,computeStreak
FNDA:494,(anonymous_26)
FNDA:8,buildLeaderboard
FNDA:10,(anonymous_28)
FNDA:2,(anonymous_29)
FNDA:8,computeEngagement
FNDA:10,(anonymous_31)
FNDA:7,(anonymous_32)
FNDA:11,(anonymous_33)
FNDA:3,quickNotify
FNDA:2,(anonymous_35)
FNDA:0,(anonymous_36)
DA:1,1
DA:2,1
DA:3,1
DA:15,1
DA:16,1
DA:17,1
DA:18,1
DA:19,1
DA:20,1
DA:21,1
DA:22,1
DA:32,1
DA:33,1
DA:34,1
DA:57,1
DA:67,12
DA:72,2
DA:73,2
DA:74,1
DA:76,1
DA:80,1
DA:84,9
DA:87,8
DA:91,8
DA:104,8
DA:105,8
DA:106,1
DA:107,1
DA:108,0
DA:112,8
DA:113,0
DA:116,8
DA:122,8
DA:155,55
DA:160,566
DA:161,566
DA:162,566
DA:163,1132
DA:164,566
DA:174,16
DA:175,16
DA:176,16
DA:190,8
DA:191,8
DA:192,8
DA:194,8
DA:216,8
DA:217,8
DA:218,8
DA:219,8
DA:222,8
DA:229,7
DA:230,7
DA:231,7
DA:232,7
DA:233,7
DA:234,7
DA:235,7
DA:236,7
DA:237,7
DA:238,7
DA:244,8
DA:245,5
DA:246,5
DA:247,5
DA:248,5
DA:249,5
DA:250,4
DA:251,4
DA:252,4
DA:253,4
DA:257,8
DA:258,8
DA:259,8
DA:264,8
DA:265,8
DA:266,8
DA:267,8
DA:269,8
DA:278,8
DA:279,8
DA:280,8
DA:282,8
DA:283,56
DA:284,56
DA:285,56
DA:287,8
DA:291,550
DA:304,8
DA:305,494
DA:306,8
DA:307,8
DA:310,8
DA:311,480
DA:312,480
DA:313,7
DA:314,7
DA:316,473
DA:321,8
DA:322,8
DA:323,14
DA:324,14
DA:325,8
DA:328,8
DA:336,8
DA:338,10
DA:339,10
DA:347,2
DA:360,8
DA:362,10
DA:363,8
DA:365,7
DA:368,11
DA:369,11
DA:380,8
DA:392,1
DA:398,3
DA:401,3
DA:404,3
DA:405,1
DA:409,2
DA:410,2
DA:412,2
DA:415,2
DA:416,2
DA:422,0
DA:425,2
LF:127
LH:124
BRDA:104,0,0,8
BRDA:104,0,1,0
BRDA:105,1,0,1
BRDA:105,2,0,8
BRDA:105,2,1,2
BRDA:105,2,2,2
BRDA:112,3,0,0
BRDA:112,3,1,8
BRDA:113,4,0,0
BRDA:113,4,1,0
BRDA:136,5,0,8
BRDA:136,5,1,8
BRDA:137,6,0,8
BRDA:137,6,1,8
BRDA:229,7,0,0
BRDA:232,8,0,7
BRDA:232,8,1,5
BRDA:235,9,0,0
BRDA:236,10,0,7
BRDA:237,11,0,7
BRDA:237,11,1,4
BRDA:245,12,0,0
BRDA:249,13,0,1
BRDA:250,14,0,4
BRDA:252,15,0,4
BRDA:252,15,1,2
BRDA:257,16,0,5
BRDA:257,16,1,0
BRDA:284,17,0,56
BRDA:284,17,1,51
BRDA:285,18,0,56
BRDA:285,18,1,51
BRDA:291,19,0,14
BRDA:291,19,1,536
BRDA:305,20,0,494
BRDA:305,20,1,485
BRDA:312,21,0,7
BRDA:312,21,1,473
BRDA:314,22,0,6
BRDA:324,23,0,6
BRDA:324,23,1,8
BRDA:341,24,0,10
BRDA:341,24,1,0
BRDA:342,25,0,10
BRDA:342,25,1,10
BRDA:343,26,0,10
BRDA:343,26,1,10
BRDA:344,27,0,10
BRDA:344,27,1,4
BRDA:372,28,0,11
BRDA:372,28,1,0
BRDA:373,29,0,11
BRDA:373,29,1,11
BRDA:374,30,0,11
BRDA:374,30,1,11
BRDA:404,31,0,1
BRDA:410,32,0,2
BRDA:410,32,1,0
BRDA:412,33,0,2
BRDA:412,33,1,1
BRF:60
BRH:49
end_of_record
TN:
SF:src/modules/expense/controller.ts
FN:4,getUserId
FN:8,getUserRole
FN:12,createExpenseCtrl
FN:25,listExpensesCtrl
FN:38,getExpenseByIdCtrl
FN:51,updateExpenseCtrl
FN:69,deleteExpenseCtrl
FN:82,sendExpenseReminderCtrl
FN:95,markExpenseSettledCtrl
FN:112,getExpenseSummaryCtrl
FN:125,getPairwiseBalancesCtrl
FN:138,recordSettlementCtrl
FN:151,listSettlementsCtrl
FN:164,getLedgerCtrl
FNF:14
FNH:0
FNDA:0,getUserId
FNDA:0,getUserRole
FNDA:0,createExpenseCtrl
FNDA:0,listExpensesCtrl
FNDA:0,getExpenseByIdCtrl
FNDA:0,updateExpenseCtrl
FNDA:0,deleteExpenseCtrl
FNDA:0,sendExpenseReminderCtrl
FNDA:0,markExpenseSettledCtrl
FNDA:0,getExpenseSummaryCtrl
FNDA:0,getPairwiseBalancesCtrl
FNDA:0,recordSettlementCtrl
FNDA:0,listSettlementsCtrl
FNDA:0,getLedgerCtrl
DA:2,0
DA:5,0
DA:9,0
DA:12,0
DA:17,0
DA:18,0
DA:19,0
DA:21,0
DA:25,0
DA:30,0
DA:31,0
DA:32,0
DA:34,0
DA:38,0
DA:43,0
DA:44,0
DA:45,0
DA:47,0
DA:51,0
DA:56,0
DA:57,0
DA:63,0
DA:65,0
DA:69,0
DA:74,0
DA:75,0
DA:76,0
DA:78,0
DA:82,0
DA:87,0
DA:88,0
DA:89,0
DA:91,0
DA:95,0
DA:100,0
DA:101,0
DA:106,0
DA:108,0
DA:112,0
DA:117,0
DA:118,0
DA:119,0
DA:121,0
DA:125,0
DA:130,0
DA:131,0
DA:132,0
DA:134,0
DA:138,0
DA:143,0
DA:144,0
DA:145,0
DA:147,0
DA:151,0
DA:156,0
DA:157,0
DA:158,0
DA:160,0
DA:164,0
DA:169,0
DA:170,0
DA:171,0
DA:173,0
LF:63
LH:0
BRF:0
BRH:0
end_of_record
TN:
SF:src/modules/expense/routes.ts
FNF:0
FNH:0
DA:1,0
DA:2,0
DA:3,0
DA:4,0
DA:5,0
DA:14,0
DA:16,0
DA:19,0
DA:20,0
DA:21,0
DA:22,0
DA:23,0
DA:24,0
DA:25,0
DA:26,0
DA:27,0
DA:28,0
DA:29,0
DA:30,0
DA:32,0
LF:20
LH:0
BRF:0
BRH:0
end_of_record
TN:
SF:src/modules/expense/service.ts
FN:24,getUserHousehold
FN:28,toExpenseResponse
FN:40,(anonymous_11)
FN:66,calculateShares
FN:75,(anonymous_13)
FN:78,(anonymous_14)
FN:85,(anonymous_15)
FN:86,(anonymous_16)
FN:89,(anonymous_17)
FN:98,toSettlementResponse
FN:128,createExpense
FN:149,(anonymous_20)
FN:170,(anonymous_21)
FN:192,listExpenses
FN:225,getExpenseById
FN:248,updateExpense
FN:281,(anonymous_25)
FN:289,(anonymous_26)
FN:300,(anonymous_27)
FN:331,deleteExpense
FN:356,sendExpenseReminder
FN:377,(anonymous_30)
FN:380,(anonymous_31)
FN:400,markExpenseSettled
FN:423,(anonymous_33)
FN:425,(anonymous_34)
FN:428,(anonymous_35)
FN:457,getExpenseSummary
FN:479,(anonymous_37)
FN:481,(anonymous_38)
FN:489,(anonymous_39)
FN:500,(anonymous_40)
FN:513,(anonymous_41)
FN:529,(anonymous_42)
FN:534,(anonymous_43)
FN:540,getLedger
FN:553,getPairwiseBalances
FN:563,(anonymous_46)
FN:575,(anonymous_47)
FN:582,(anonymous_48)
FN:585,(anonymous_49)
FN:590,(anonymous_50)
FN:595,(anonymous_51)
FN:596,(anonymous_52)
FN:608,(anonymous_53)
FN:611,computeSimplifiedLedger
FN:615,(anonymous_55)
FN:616,(anonymous_56)
FN:618,(anonymous_57)
FN:619,(anonymous_58)
FN:649,recordSettlement
FN:692,getSettlements
FNF:52
FNH:44
FNDA:41,getUserHousehold
FNDA:12,toExpenseResponse
FNDA:14,(anonymous_11)
FNDA:6,calculateShares
FNDA:5,(anonymous_13)
FNDA:1,(anonymous_14)
FNDA:8,(anonymous_15)
FNDA:8,(anonymous_16)
FNDA:6,(anonymous_17)
FNDA:2,toSettlementResponse
FNDA:8,createExpense
FNDA:15,(anonymous_20)
FNDA:9,(anonymous_21)
FNDA:2,listExpenses
FNDA:3,getExpenseById
FNDA:3,updateExpense
FNDA:0,(anonymous_25)
FNDA:0,(anonymous_26)
FNDA:0,(anonymous_27)
FNDA:3,deleteExpense
FNDA:0,sendExpenseReminder
FNDA:0,(anonymous_30)
FNDA:0,(anonymous_31)
FNDA:6,markExpenseSettled
FNDA:6,(anonymous_33)
FNDA:4,(anonymous_34)
FNDA:2,(anonymous_35)
FNDA:12,getExpenseSummary
FNDA:7,(anonymous_37)
FNDA:3,(anonymous_38)
FNDA:6,(anonymous_39)
FNDA:1,(anonymous_40)
FNDA:7,(anonymous_41)
FNDA:7,(anonymous_42)
FNDA:3,(anonymous_43)
FNDA:1,getLedger
FNDA:3,getPairwiseBalances
FNDA:3,(anonymous_46)
FNDA:9,(anonymous_47)
FNDA:3,(anonymous_48)
FNDA:8,(anonymous_49)
FNDA:1,(anonymous_50)
FNDA:5,(anonymous_51)
FNDA:3,(anonymous_52)
FNDA:3,(anonymous_53)
FNDA:4,computeSimplifiedLedger
FNDA:7,(anonymous_55)
FNDA:0,(anonymous_56)
FNDA:7,(anonymous_57)
FNDA:0,(anonymous_58)
FNDA:2,recordSettlement
FNDA:1,getSettlements
DA:1,2
DA:2,2
DA:10,2
DA:11,2
DA:12,2
DA:25,41
DA:29,12
DA:30,12
DA:40,14
DA:72,6
DA:73,2
DA:74,2
DA:75,5
DA:76,2
DA:77,2
DA:78,1
DA:79,1
DA:80,1
DA:82,2
DA:85,8
DA:86,8
DA:87,1
DA:89,6
DA:90,3
DA:91,1
DA:95,2
DA:99,2
DA:100,2
DA:101,2
DA:128,2
DA:139,8
DA:140,8
DA:143,8
DA:144,8
DA:145,1
DA:149,15
DA:150,7
DA:153,7
DA:154,1
DA:158,6
DA:160,4
DA:169,4
DA:170,9
DA:178,4
DA:184,4
DA:185,0
DA:188,4
DA:192,2
DA:196,2
DA:197,2
DA:198,2
DA:199,2
DA:200,1
DA:203,2
DA:212,2
DA:213,2
DA:214,2
DA:218,2
DA:225,2
DA:229,3
DA:235,3
DA:236,1
DA:239,2
DA:240,2
DA:241,1
DA:244,1
DA:248,2
DA:260,3
DA:264,3
DA:265,0
DA:268,3
DA:269,3
DA:270,0
DA:274,3
DA:275,1
DA:279,2
DA:280,0
DA:281,0
DA:282,0
DA:283,0
DA:284,0
DA:286,0
DA:289,0
DA:290,0
DA:293,0
DA:294,0
DA:298,0
DA:299,0
DA:300,0
DA:309,2
DA:310,2
DA:311,2
DA:312,2
DA:314,2
DA:317,2
DA:323,2
DA:324,0
DA:327,2
DA:331,2
DA:336,3
DA:338,3
DA:339,0
DA:342,3
DA:343,3
DA:344,0
DA:347,3
DA:348,1
DA:352,2
DA:356,2
DA:360,0
DA:364,0
DA:365,0
DA:368,0
DA:369,0
DA:370,0
DA:373,0
DA:374,0
DA:376,0
DA:377,0
DA:379,0
DA:381,0
DA:391,0
DA:400,2
DA:405,6
DA:409,6
DA:410,1
DA:413,5
DA:414,5
DA:415,0
DA:418,5
DA:419,1
DA:422,4
DA:423,6
DA:425,4
DA:426,4
DA:427,2
DA:428,2
DA:437,4
DA:443,4
DA:449,4
DA:450,0
DA:453,4
DA:457,2
DA:458,12
DA:461,12
DA:467,12
DA:475,4
DA:478,4
DA:479,7
DA:481,4
DA:482,3
DA:483,3
DA:484,3
DA:485,3
DA:486,3
DA:488,3
DA:489,3
DA:490,6
DA:491,6
DA:492,6
DA:493,6
DA:499,4
DA:500,4
DA:501,1
DA:502,1
DA:506,1
DA:513,4
DA:514,7
DA:515,7
DA:516,7
DA:529,7
DA:531,4
DA:534,3
DA:540,2
DA:543,1
DA:544,1
DA:553,2
DA:557,3
DA:559,3
DA:563,3
DA:564,1
DA:567,2
DA:571,2
DA:574,2
DA:575,2
DA:576,9
DA:577,6
DA:578,6
DA:579,6
DA:582,2
DA:583,3
DA:584,3
DA:585,3
DA:586,8
DA:590,2
DA:591,1
DA:594,2
DA:595,5
DA:597,3
DA:598,3
DA:599,3
DA:600,3
DA:608,3
DA:614,4
DA:615,7
DA:616,0
DA:617,4
DA:618,7
DA:619,0
DA:621,4
DA:622,4
DA:623,4
DA:625,4
DA:626,2
DA:627,2
DA:628,2
DA:630,2
DA:638,2
DA:639,2
DA:641,2
DA:642,2
DA:645,4
DA:649,2
DA:653,2
DA:656,2
DA:661,2
DA:662,0
DA:666,2
DA:667,1
DA:670,1
DA:677,1
DA:684,1
DA:685,0
DA:688,1
DA:692,2
DA:696,1
DA:697,1
DA:699,1
DA:700,1
DA:701,0
DA:704,1
DA:714,1
DA:715,1
DA:716,1
DA:720,1
LF:245
LH:206
BRDA:29,0,0,12
BRDA:29,0,1,4
BRDA:47,1,0,14
BRDA:47,1,1,0
BRDA:72,2,0,2
BRDA:77,3,0,1
BRDA:79,4,0,1
BRDA:79,4,1,0
BRDA:85,5,0,8
BRDA:85,5,1,0
BRDA:86,6,0,1
BRDA:90,7,0,1
BRDA:108,8,0,2
BRDA:108,8,1,0
BRDA:116,9,0,2
BRDA:116,9,1,0
BRDA:144,10,0,1
BRDA:153,11,0,1
BRDA:184,12,0,0
BRDA:197,13,0,2
BRDA:197,13,1,0
BRDA:199,14,0,1
BRDA:213,15,0,0
BRDA:213,15,1,2
BRDA:214,16,0,0
BRDA:214,16,1,2
BRDA:235,17,0,1
BRDA:240,18,0,1
BRDA:264,19,0,0
BRDA:269,20,0,0
BRDA:274,21,0,1
BRDA:274,22,0,3
BRDA:274,22,1,2
BRDA:279,23,0,0
BRDA:279,24,0,2
BRDA:279,24,1,2
BRDA:279,24,2,2
BRDA:281,25,0,0
BRDA:281,25,1,0
BRDA:282,26,0,0
BRDA:282,26,1,0
BRDA:283,27,0,0
BRDA:283,27,1,0
BRDA:284,28,0,0
BRDA:284,28,1,0
BRDA:293,29,0,0
BRDA:309,30,0,2
BRDA:310,31,0,0
BRDA:311,32,0,0
BRDA:312,33,0,0
BRDA:323,34,0,0
BRDA:338,35,0,0
BRDA:343,36,0,0
BRDA:347,37,0,1
BRDA:347,38,0,3
BRDA:347,38,1,2
BRDA:364,39,0,0
BRDA:369,40,0,0
BRDA:374,41,0,0
BRDA:374,41,1,0
BRDA:377,42,0,0
BRDA:377,42,1,0
BRDA:409,43,0,1
BRDA:414,44,0,0
BRDA:418,45,0,1
BRDA:418,46,0,5
BRDA:418,46,1,2
BRDA:423,47,0,6
BRDA:423,47,1,5
BRDA:426,48,0,2
BRDA:449,49,0,0
BRDA:484,50,0,3
BRDA:484,50,1,0
BRDA:488,51,0,3
BRDA:488,51,1,0
BRDA:491,52,0,6
BRDA:491,52,1,0
BRDA:504,53,0,1
BRDA:504,53,1,1
BRDA:508,54,0,1
BRDA:508,54,1,1
BRDA:515,55,0,7
BRDA:515,55,1,5
BRDA:563,56,0,1
BRDA:576,57,0,3
BRDA:577,58,0,6
BRDA:577,58,1,4
BRDA:578,59,0,6
BRDA:578,59,1,5
BRDA:584,60,0,3
BRDA:584,60,1,0
BRDA:597,61,0,3
BRDA:597,61,1,2
BRDA:598,62,0,3
BRDA:598,62,1,0
BRDA:625,63,0,6
BRDA:625,63,1,2
BRDA:641,64,0,2
BRDA:642,65,0,2
BRDA:661,66,0,0
BRDA:661,67,0,2
BRDA:661,67,1,2
BRDA:666,68,0,1
BRDA:684,69,0,0
BRDA:697,70,0,1
BRDA:697,70,1,0
BRDA:700,71,0,0
BRDA:715,72,0,0
BRDA:715,72,1,1
BRDA:716,73,0,0
BRDA:716,73,1,1
BRF:111
BRH:65
end_of_record
TN:
SF:src/modules/expense/validation.ts
FNF:0
FNH:0
DA:1,0
DA:3,0
DA:21,0
DA:41,0
DA:48,0
DA:56,0
DA:60,0
LF:7
LH:0
BRF:0
BRH:0
end_of_record
TN:
SF:src/modules/feed/controller.ts
FN:6,getUserId
FN:10,getUserRole
FN:14,create
FN:21,list
FN:28,getById
FN:35,remove
FN:42,toggleLike
FN:49,removeLike
FN:56,addComment
FN:63,removeComment
FN:70,toggleReaction
FN:81,listComments
FN:88,uploadMedia
FN:96,(anonymous_22)
FNF:14
FNH:0
FNDA:0,getUserId
FNDA:0,getUserRole
FNDA:0,create
FNDA:0,list
FNDA:0,getById
FNDA:0,remove
FNDA:0,toggleLike
FNDA:0,removeLike
FNDA:0,addComment
FNDA:0,removeComment
FNDA:0,toggleReaction
FNDA:0,listComments
FNDA:0,uploadMedia
FNDA:0,(anonymous_22)
DA:3,0
DA:4,0
DA:7,0
DA:11,0
DA:14,0
DA:15,0
DA:16,0
DA:17,0
DA:18,0
DA:21,0
DA:22,0
DA:23,0
DA:24,0
DA:25,0
DA:28,0
DA:29,0
DA:30,0
DA:31,0
DA:32,0
DA:35,0
DA:36,0
DA:37,0
DA:38,0
DA:39,0
DA:42,0
DA:43,0
DA:44,0
DA:45,0
DA:46,0
DA:49,0
DA:50,0
DA:51,0
DA:52,0
DA:53,0
DA:56,0
DA:57,0
DA:58,0
DA:59,0
DA:60,0
DA:63,0
DA:64,0
DA:65,0
DA:66,0
DA:67,0
DA:70,0
DA:71,0
DA:72,0
DA:77,0
DA:78,0
DA:81,0
DA:82,0
DA:83,0
DA:84,0
DA:85,0
DA:88,0
DA:89,0
DA:90,0
DA:91,0
DA:92,0
DA:93,0
DA:95,0
DA:97,0
DA:98,0
DA:107,0
DA:115,0
DA:116,0
LF:66
LH:0
BRDA:75,0,0,0
BRDA:75,0,1,0
BRDA:91,1,0,0
BRDA:91,2,0,0
BRDA:91,2,1,0
BRDA:100,3,0,0
BRDA:100,3,1,0
BRF:7
BRH:0
end_of_record
TN:
SF:src/modules/feed/routes.ts
FNF:0
FNH:0
DA:1,0
DA:2,0
DA:3,0
DA:4,0
DA:5,0
DA:6,0
DA:13,0
DA:16,0
DA:19,0
DA:20,0
DA:21,0
DA:22,0
DA:25,0
DA:26,0
DA:29,0
DA:30,0
DA:31,0
DA:34,0
DA:35,0
DA:38,0
DA:40,0
LF:21
LH:0
BRF:0
BRH:0
end_of_record
TN:
SF:src/modules/feed/service.ts
FN:34,toAuthorResponse
FN:43,toMediaResponse
FN:44,(anonymous_12)
FN:57,getUserHousehold
FN:69,getLikeData
FN:86,(anonymous_15)
FN:89,(anonymous_16)
FN:103,getCommentCounts
FN:126,toPostResponse
FN:134,(anonymous_19)
FN:135,(anonymous_20)
FN:168,createPost
FN:188,(anonymous_22)
FN:202,(anonymous_23)
FN:233,(anonymous_24)
FN:251,getFeed
FN:300,(anonymous_26)
FN:308,(anonymous_27)
FN:323,getPostById
FN:353,deletePost
FN:380,likePost
FN:409,unlikePost
FN:436,toCommentResponse
FN:469,(anonymous_33)
FN:470,(anonymous_34)
FN:478,(anonymous_35)
FN:488,(anonymous_36)
FN:500,addComment
FN:550,loadCommentInHousehold
FN:560,deleteComment
FN:590,toggleCommentReaction
FN:620,getComments
FN:659,(anonymous_42)
FNF:33
FNH:23
FNDA:26,toAuthorResponse
FNDA:23,toMediaResponse
FNDA:0,(anonymous_12)
FNDA:21,getUserHousehold
FNDA:4,getLikeData
FNDA:0,(anonymous_15)
FNDA:0,(anonymous_16)
FNDA:4,getCommentCounts
FNDA:23,toPostResponse
FNDA:0,(anonymous_19)
FNDA:0,(anonymous_20)
FNDA:2,createPost
FNDA:0,(anonymous_22)
FNDA:0,(anonymous_23)
FNDA:0,(anonymous_24)
FNDA:2,getFeed
FNDA:21,(anonymous_26)
FNDA:21,(anonymous_27)
FNDA:2,getPostById
FNDA:3,deletePost
FNDA:2,likePost
FNDA:2,unlikePost
FNDA:3,toCommentResponse
FNDA:18,(anonymous_33)
FNDA:0,(anonymous_34)
FNDA:1,(anonymous_35)
FNDA:0,(anonymous_36)
FNDA:1,addComment
FNDA:6,loadCommentInHousehold
FNDA:4,deleteComment
FNDA:2,toggleCommentReaction
FNDA:1,getComments
FNDA:1,(anonymous_42)
DA:1,1
DA:2,1
DA:3,1
DA:4,1
DA:13,1
DA:14,1
DA:15,1
DA:16,1
DA:17,1
DA:18,1
DA:19,1
DA:35,26
DA:44,23
DA:58,21
DA:73,4
DA:86,4
DA:87,4
DA:89,0
DA:93,4
DA:94,4
DA:95,23
DA:100,4
DA:106,4
DA:115,4
DA:116,4
DA:117,0
DA:120,4
DA:121,23
DA:123,4
DA:131,23
DA:132,23
DA:134,0
DA:136,0
DA:137,0
DA:145,23
DA:168,1
DA:172,2
DA:174,1
DA:186,1
DA:187,0
DA:188,0
DA:200,1
DA:201,0
DA:202,0
DA:211,1
DA:218,1
DA:220,1
DA:221,1
DA:222,1
DA:223,1
DA:226,1
DA:227,1
DA:228,1
DA:229,1
DA:230,2
DA:231,2
DA:233,0
DA:238,1
DA:239,1
DA:241,1
DA:244,1
DA:251,1
DA:260,2
DA:261,2
DA:262,2
DA:263,2
DA:264,0
DA:268,2
DA:269,0
DA:273,0
DA:274,0
DA:279,2
DA:280,0
DA:286,2
DA:298,2
DA:299,2
DA:300,21
DA:303,2
DA:308,2
DA:309,21
DA:310,21
DA:313,2
DA:323,1
DA:327,2
DA:329,2
DA:337,2
DA:339,1
DA:344,1
DA:345,1
DA:353,1
DA:358,3
DA:360,3
DA:363,3
DA:365,3
DA:368,3
DA:370,3
DA:371,1
DA:374,2
DA:380,1
DA:384,2
DA:387,2
DA:390,2
DA:393,2
DA:396,2
DA:398,1
DA:403,1
DA:409,1
DA:413,2
DA:416,2
DA:419,2
DA:421,2
DA:424,2
DA:426,1
DA:431,1
DA:442,3
DA:459,3
DA:464,3
DA:465,3
DA:466,0
DA:469,18
DA:470,0
DA:477,3
DA:478,1
DA:481,3
DA:488,0
DA:500,1
DA:505,1
DA:507,1
DA:510,1
DA:512,1
DA:513,1
DA:514,0
DA:518,0
DA:520,0
DA:523,1
DA:531,1
DA:535,1
DA:537,1
DA:551,6
DA:552,6
DA:554,6
DA:555,6
DA:557,4
DA:560,1
DA:565,4
DA:566,4
DA:568,3
DA:570,3
DA:572,3
DA:573,3
DA:574,1
DA:575,1
DA:578,3
DA:579,1
DA:583,2
DA:584,2
DA:590,1
DA:595,2
DA:596,2
DA:598,1
DA:602,1
DA:603,0
DA:604,0
DA:607,1
DA:614,1
DA:620,1
DA:625,1
DA:626,1
DA:629,1
DA:632,1
DA:634,1
DA:637,1
DA:638,0
DA:642,0
DA:643,0
DA:647,1
DA:655,1
DA:656,1
DA:658,1
DA:659,1
DA:662,1
LF:181
LH:155
BRDA:97,0,0,23
BRDA:97,0,1,23
BRDA:121,1,0,23
BRDA:133,2,0,23
BRDA:133,2,1,23
BRDA:150,3,0,23
BRDA:150,3,1,0
BRDA:155,4,0,23
BRDA:155,4,1,23
BRDA:156,5,0,23
BRDA:156,5,1,23
BRDA:158,6,0,23
BRDA:158,6,1,23
BRDA:178,7,0,1
BRDA:178,7,1,0
BRDA:179,8,0,1
BRDA:179,8,1,1
BRDA:180,9,0,1
BRDA:180,9,1,1
BRDA:181,10,0,1
BRDA:181,10,1,1
BRDA:182,11,0,1
BRDA:182,11,1,1
BRDA:186,12,0,0
BRDA:186,13,0,1
BRDA:186,13,1,0
BRDA:193,14,0,0
BRDA:193,14,1,0
BRDA:194,15,0,0
BRDA:194,15,1,0
BRDA:200,16,0,0
BRDA:200,17,0,1
BRDA:200,17,1,0
BRDA:218,18,0,0
BRDA:221,19,0,1
BRDA:221,19,1,0
BRDA:223,20,0,1
BRDA:223,20,1,1
BRDA:228,21,0,1
BRDA:228,21,1,0
BRDA:230,22,0,2
BRDA:261,23,0,2
BRDA:261,23,1,0
BRDA:263,24,0,0
BRDA:268,25,0,0
BRDA:273,26,0,0
BRDA:279,27,0,0
BRDA:281,28,0,0
BRDA:281,28,1,0
BRDA:309,29,0,21
BRDA:309,29,1,0
BRDA:310,30,0,21
BRDA:310,30,1,21
BRDA:315,31,0,1
BRDA:315,31,1,1
BRDA:315,32,0,2
BRDA:315,32,1,1
BRDA:337,33,0,1
BRDA:344,34,0,1
BRDA:344,34,1,0
BRDA:345,35,0,1
BRDA:345,35,1,1
BRDA:363,36,0,0
BRDA:368,37,0,3
BRDA:368,37,1,1
BRDA:370,38,0,1
BRDA:370,39,0,3
BRDA:370,39,1,1
BRDA:390,40,0,0
BRDA:396,41,0,1
BRDA:419,42,0,0
BRDA:424,43,0,1
BRDA:440,44,0,0
BRDA:449,45,0,1
BRDA:449,45,1,2
BRDA:466,46,0,0
BRDA:466,46,1,0
BRDA:472,47,0,0
BRDA:472,47,1,0
BRDA:488,48,0,0
BRDA:488,48,1,3
BRDA:490,49,0,3
BRDA:490,49,1,3
BRDA:510,50,0,0
BRDA:513,51,0,0
BRDA:518,52,0,0
BRDA:520,53,0,0
BRDA:520,53,1,0
BRDA:535,54,0,0
BRDA:552,55,0,0
BRDA:555,56,0,2
BRDA:570,57,0,3
BRDA:570,57,1,1
BRDA:573,58,0,1
BRDA:573,59,0,3
BRDA:573,59,1,1
BRDA:575,60,0,1
BRDA:575,60,1,1
BRDA:578,61,0,1
BRDA:578,62,0,3
BRDA:578,62,1,1
BRDA:578,62,2,1
BRDA:602,63,0,0
BRDA:626,64,0,1
BRDA:626,64,1,0
BRDA:632,65,0,0
BRDA:637,66,0,0
BRDA:642,67,0,0
BRDA:664,68,0,0
BRDA:664,68,1,1
BRDA:664,69,0,1
BRDA:664,69,1,0
BRF:112
BRH:67
end_of_record
TN:
SF:src/modules/feed/validation.ts
FN:24,(anonymous_0)
FNF:1
FNH:0
FNDA:0,(anonymous_0)
DA:1,0
DA:4,0
DA:24,0
DA:29,0
DA:35,0
DA:44,0
DA:51,0
LF:7
LH:0
BRDA:24,0,0,0
BRDA:24,0,1,0
BRDA:24,0,2,0
BRF:3
BRH:0
end_of_record
TN:
SF:src/modules/grocery/controller.ts
FN:5,getUserId
FN:8,getUserRole
FN:12,create
FN:19,list
FN:26,update
FN:33,remove
FN:40,toggle
FN:47,archive
FN:54,summary
FNF:9
FNH:0
FNDA:0,getUserId
FNDA:0,getUserRole
FNDA:0,create
FNDA:0,list
FNDA:0,update
FNDA:0,remove
FNDA:0,toggle
FNDA:0,archive
FNDA:0,summary
DA:3,0
DA:6,0
DA:9,0
DA:12,0
DA:13,0
DA:14,0
DA:15,0
DA:16,0
DA:19,0
DA:20,0
DA:21,0
DA:22,0
DA:23,0
DA:26,0
DA:27,0
DA:28,0
DA:29,0
DA:30,0
DA:33,0
DA:34,0
DA:35,0
DA:36,0
DA:37,0
DA:40,0
DA:41,0
DA:42,0
DA:43,0
DA:44,0
DA:47,0
DA:48,0
DA:49,0
DA:50,0
DA:51,0
DA:54,0
DA:55,0
DA:56,0
DA:57,0
DA:58,0
LF:38
LH:0
BRF:0
BRH:0
end_of_record
TN:
SF:src/modules/grocery/routes.ts
FNF:0
FNH:0
DA:1,0
DA:2,0
DA:3,0
DA:4,0
DA:5,0
DA:7,0
DA:9,0
DA:11,0
DA:12,0
DA:13,0
DA:14,0
DA:15,0
DA:16,0
DA:17,0
DA:19,0
LF:15
LH:0
BRF:0
BRH:0
end_of_record
TN:
SF:src/modules/grocery/service.ts
FN:21,toAssignee
FN:31,getUserHousehold
FN:35,toGroceryResponse
FN:52,createItem
FN:79,getItems
FN:114,updateItem
FN:145,deleteItem
FN:163,toggleBought
FN:212,archiveItem
FN:241,getSummary
FNF:10
FNH:10
FNDA:16,toAssignee
FNDA:9,getUserHousehold
FNDA:8,toGroceryResponse
FNDA:2,createItem
FNDA:1,getItems
FNDA:1,updateItem
FNDA:1,deleteItem
FNDA:2,toggleBought
FNDA:1,archiveItem
FNDA:1,getSummary
DA:1,1
DA:2,1
DA:6,1
DA:7,1
DA:8,1
DA:9,1
DA:22,16
DA:23,0
DA:32,9
DA:36,8
DA:52,1
DA:56,2
DA:58,1
DA:68,1
DA:74,1
DA:75,1
DA:79,1
DA:82,1
DA:84,1
DA:93,1
DA:99,1
DA:100,3
DA:101,3
DA:102,1
DA:103,2
DA:104,1
DA:106,1
DA:110,1
DA:114,1
DA:120,1
DA:121,1
DA:128,1
DA:131,1
DA:132,0
DA:135,1
DA:136,1
DA:137,1
DA:138,1
DA:140,1
DA:141,1
DA:145,1
DA:150,1
DA:151,1
DA:152,1
DA:155,1
DA:156,0
DA:159,1
DA:163,1
DA:168,2
DA:169,2
DA:176,2
DA:179,2
DA:180,2
DA:181,2
DA:182,0
DA:185,2
DA:186,2
DA:187,1
DA:188,1
DA:189,1
DA:191,1
DA:192,1
DA:193,1
DA:196,2
DA:197,2
DA:200,2
DA:201,1
DA:202,1
DA:204,1
DA:208,2
DA:212,1
DA:217,1
DA:218,1
DA:225,1
DA:228,1
DA:229,1
DA:230,1
DA:231,1
DA:232,0
DA:235,1
DA:236,1
DA:237,1
DA:241,1
DA:244,1
DA:245,1
DA:246,1
DA:247,1
DA:248,1
DA:250,1
DA:255,1
DA:256,1
DA:258,1
DA:259,3
DA:260,3
DA:261,1
DA:262,1
DA:265,2
DA:269,1
LF:98
LH:93
BRDA:22,0,0,16
BRDA:44,1,0,2
BRDA:44,1,1,6
BRDA:62,2,0,1
BRDA:62,2,1,1
BRDA:63,3,0,1
BRDA:63,3,1,1
BRDA:64,4,0,1
BRDA:64,4,1,1
BRDA:74,5,0,0
BRDA:101,6,0,1
BRDA:101,6,1,2
BRDA:103,7,0,1
BRDA:103,7,1,1
BRDA:128,8,0,0
BRDA:131,9,0,0
BRDA:135,10,0,1
BRDA:136,11,0,0
BRDA:137,12,0,0
BRDA:138,13,0,0
BRDA:152,14,0,0
BRDA:155,15,0,0
BRDA:176,16,0,0
BRDA:181,17,0,0
BRDA:181,18,0,2
BRDA:181,18,1,0
BRDA:186,19,0,1
BRDA:186,19,1,1
BRDA:200,20,0,1
BRDA:225,21,0,0
BRDA:230,22,0,1
BRDA:230,22,1,0
BRDA:230,22,2,0
BRDA:231,23,0,0
BRDA:259,24,0,0
BRDA:260,25,0,1
BRDA:260,25,1,2
BRDA:261,26,0,1
BRDA:261,27,0,1
BRDA:261,27,1,1
BRDA:261,27,2,1
BRF:41
BRH:25
end_of_record
TN:
SF:src/modules/grocery/validation.ts
FNF:0
FNH:0
DA:1,0
DA:4,0
DA:13,0
LF:3
LH:0
BRF:0
BRH:0
end_of_record
TN:
SF:src/modules/household/controller.ts
FN:6,getUserId
FN:10,create
FN:17,getById
FN:24,listMyHouseholds
FN:31,generateInvitation
FN:38,join
FN:45,removeMember
FN:52,leave
FN:59,getMyPendingActionRequest
FN:66,transferAdmin
FN:73,changeMemberRole
FN:80,uploadCoverPhoto
FN:93,removeCoverPhoto
FN:100,listMembers
FN:107,rotateInviteCode
FN:114,requestDeletion
FN:121,cancelDeletion
FNF:17
FNH:0
FNDA:0,getUserId
FNDA:0,create
FNDA:0,getById
FNDA:0,listMyHouseholds
FNDA:0,generateInvitation
FNDA:0,join
FNDA:0,removeMember
FNDA:0,leave
FNDA:0,getMyPendingActionRequest
FNDA:0,transferAdmin
FNDA:0,changeMemberRole
FNDA:0,uploadCoverPhoto
FNDA:0,removeCoverPhoto
FNDA:0,listMembers
FNDA:0,rotateInviteCode
FNDA:0,requestDeletion
FNDA:0,cancelDeletion
DA:3,0
DA:4,0
DA:7,0
DA:10,0
DA:11,0
DA:12,0
DA:13,0
DA:14,0
DA:17,0
DA:18,0
DA:19,0
DA:20,0
DA:21,0
DA:24,0
DA:25,0
DA:26,0
DA:27,0
DA:28,0
DA:31,0
DA:32,0
DA:33,0
DA:34,0
DA:35,0
DA:38,0
DA:39,0
DA:40,0
DA:41,0
DA:42,0
DA:45,0
DA:46,0
DA:47,0
DA:48,0
DA:49,0
DA:52,0
DA:53,0
DA:54,0
DA:55,0
DA:56,0
DA:59,0
DA:60,0
DA:61,0
DA:62,0
DA:63,0
DA:66,0
DA:67,0
DA:68,0
DA:69,0
DA:70,0
DA:73,0
DA:74,0
DA:75,0
DA:76,0
DA:77,0
DA:80,0
DA:81,0
DA:82,0
DA:83,0
DA:84,0
DA:85,0
DA:87,0
DA:88,0
DA:89,0
DA:90,0
DA:93,0
DA:94,0
DA:95,0
DA:96,0
DA:97,0
DA:100,0
DA:101,0
DA:102,0
DA:103,0
DA:104,0
DA:107,0
DA:108,0
DA:109,0
DA:110,0
DA:111,0
DA:114,0
DA:115,0
DA:116,0
DA:117,0
DA:118,0
DA:121,0
DA:122,0
DA:123,0
DA:124,0
DA:125,0
LF:88
LH:0
BRDA:83,0,0,0
BRF:1
BRH:0
end_of_record
TN:
SF:src/modules/household/routes.ts
FNF:0
FNH:0
DA:1,0
DA:2,0
DA:3,0
DA:4,0
DA:5,0
DA:6,0
DA:7,0
DA:9,0
DA:12,0
DA:41,0
DA:42,0
DA:61,0
DA:82,0
DA:105,0
DA:127,0
DA:130,0
DA:131,0
DA:134,0
DA:135,0
DA:170,0
DA:194,0
DA:195,0
DA:242,0
DA:243,0
DA:244,0
DA:246,0
LF:26
LH:0
BRF:0
BRH:0
end_of_record
TN:
SF:src/modules/household/service.ts
FN:17,generateCode
FN:26,addToHouseholdConversation
FN:34,removeFromHouseholdConversation
FN:40,toHouseholdResponse
FN:56,createHousehold
FN:69,(anonymous_15)
FN:89,getHousehold
FN:101,listUserHouseholds
FN:108,(anonymous_18)
FN:115,generateInvitation
FN:158,rotateInviteCode
FN:174,joinViaCode
FN:183,(anonymous_22)
FN:258,updateCoverPhoto
FN:280,(anonymous_24)
FN:289,removeCoverPhoto
FN:295,getMembership
FN:301,removeMember
FN:329,leaveHousehold
FN:341,transferAdmin
FN:369,changeMemberRole
FN:414,listMembers
FN:426,(anonymous_32)
FN:445,toActionRequestResponse
FN:458,assertNoPendingRequest
FN:467,requestLeaveHousehold
FN:488,(anonymous_36)
FN:491,requestHouseholdDeletion
FN:513,(anonymous_38)
FN:522,getMyPendingActionRequest
FN:533,listActionRequests
FN:543,approveActionRequest
FN:547,(anonymous_42)
FN:571,(anonymous_43)
FN:583,rejectActionRequest
FN:601,cancelHouseholdDeletion
FN:622,(anonymous_46)
FN:625,finalizeHouseholdDeletion
FN:641,finalizeDueHouseholdDeletions
FNF:39
FNH:29
FNDA:3,generateCode
FNDA:1,addToHouseholdConversation
FNDA:3,removeFromHouseholdConversation
FNDA:9,toHouseholdResponse
FNDA:2,createHousehold
FNDA:2,(anonymous_15)
FNDA:2,getHousehold
FNDA:0,listUserHouseholds
FNDA:0,(anonymous_18)
FNDA:3,generateInvitation
FNDA:2,rotateInviteCode
FNDA:5,joinViaCode
FNDA:5,(anonymous_22)
FNDA:3,updateCoverPhoto
FNDA:0,(anonymous_24)
FNDA:1,removeCoverPhoto
FNDA:32,getMembership
FNDA:5,removeMember
FNDA:4,leaveHousehold
FNDA:4,transferAdmin
FNDA:4,changeMemberRole
FNDA:2,listMembers
FNDA:2,(anonymous_32)
FNDA:4,toActionRequestResponse
FNDA:4,assertNoPendingRequest
FNDA:3,requestLeaveHousehold
FNDA:0,(anonymous_36)
FNDA:3,requestHouseholdDeletion
FNDA:0,(anonymous_38)
FNDA:2,getMyPendingActionRequest
FNDA:0,listActionRequests
FNDA:4,approveActionRequest
FNDA:4,(anonymous_42)
FNDA:0,(anonymous_43)
FNDA:3,rejectActionRequest
FNDA:2,cancelHouseholdDeletion
FNDA:0,(anonymous_46)
FNDA:0,finalizeHouseholdDeletion
FNDA:0,finalizeDueHouseholdDeletions
DA:1,1
DA:2,1
DA:3,1
DA:4,1
DA:5,1
DA:6,1
DA:7,1
DA:8,1
DA:9,1
DA:10,1
DA:18,3
DA:27,1
DA:28,1
DA:29,0
DA:30,0
DA:31,0
DA:35,3
DA:36,3
DA:37,0
DA:41,9
DA:56,1
DA:60,2
DA:67,2
DA:70,2
DA:71,2
DA:72,1
DA:75,1
DA:76,1
DA:78,1
DA:82,1
DA:84,1
DA:89,1
DA:90,2
DA:91,2
DA:93,2
DA:94,2
DA:96,2
DA:98,2
DA:101,1
DA:102,0
DA:107,0
DA:109,0
DA:110,0
DA:115,1
DA:120,3
DA:121,3
DA:122,2
DA:123,1
DA:128,1
DA:129,1
DA:130,1
DA:131,1
DA:134,1
DA:136,1
DA:144,1
DA:158,1
DA:159,2
DA:160,2
DA:161,1
DA:164,1
DA:165,1
DA:167,1
DA:168,1
DA:170,1
DA:171,1
DA:174,1
DA:175,5
DA:181,5
DA:184,5
DA:185,5
DA:186,1
DA:190,4
DA:198,4
DA:199,3
DA:200,0
DA:202,3
DA:203,1
DA:205,2
DA:206,1
DA:208,1
DA:211,1
DA:212,1
DA:213,1
DA:215,0
DA:219,1
DA:223,1
DA:224,0
DA:228,1
DA:236,1
DA:239,1
DA:240,1
DA:243,1
DA:249,1
DA:251,1
DA:255,1
DA:258,1
DA:263,3
DA:264,3
DA:265,0
DA:268,3
DA:269,3
DA:271,3
DA:272,3
DA:273,3
DA:279,3
DA:280,2
DA:281,0
DA:285,3
DA:286,3
DA:289,1
DA:290,1
DA:296,32
DA:297,32
DA:298,30
DA:301,1
DA:306,5
DA:307,5
DA:308,1
DA:310,4
DA:311,1
DA:314,3
DA:315,3
DA:316,2
DA:317,1
DA:320,1
DA:321,1
DA:329,1
DA:330,4
DA:331,3
DA:332,1
DA:336,2
DA:337,2
DA:338,2
DA:341,1
DA:346,4
DA:347,4
DA:348,1
DA:350,3
DA:351,1
DA:354,2
DA:355,2
DA:357,1
DA:358,1
DA:360,1
DA:361,1
DA:363,1
DA:364,1
DA:365,1
DA:366,1
DA:369,1
DA:375,4
DA:376,4
DA:377,1
DA:379,3
DA:380,1
DA:388,2
DA:389,1
DA:392,1
DA:396,1
DA:397,1
DA:399,1
DA:400,1
DA:402,1
DA:414,1
DA:418,2
DA:420,1
DA:426,2
DA:446,4
DA:459,4
DA:462,4
DA:463,2
DA:467,1
DA:468,3
DA:469,3
DA:470,1
DA:475,2
DA:477,1
DA:484,1
DA:485,1
DA:488,0
DA:491,1
DA:492,3
DA:493,3
DA:494,1
DA:497,2
DA:499,1
DA:500,1
DA:502,1
DA:509,1
DA:510,1
DA:513,0
DA:522,1
DA:526,2
DA:530,2
DA:533,1
DA:536,0
DA:540,0
DA:543,1
DA:547,4
DA:548,4
DA:549,4
DA:550,3
DA:551,1
DA:554,2
DA:555,1
DA:557,1
DA:558,1
DA:559,1
DA:560,1
DA:562,1
DA:574,2
DA:575,2
DA:576,2
DA:577,2
DA:579,2
DA:583,1
DA:587,3
DA:588,3
DA:589,2
DA:590,1
DA:593,1
DA:594,1
DA:595,1
DA:596,1
DA:598,1
DA:601,1
DA:602,2
DA:603,2
DA:604,1
DA:607,1
DA:608,1
DA:610,1
DA:611,1
DA:613,1
DA:630,0
DA:631,0
DA:641,1
DA:642,0
DA:645,0
DA:646,0
DA:648,0
LF:241
LH:218
BRDA:28,0,0,1
BRDA:30,1,0,0
BRDA:36,2,0,3
BRDA:47,3,0,6
BRDA:47,3,1,3
BRDA:52,4,0,0
BRDA:52,4,1,9
BRDA:71,5,0,1
BRDA:91,6,0,0
BRDA:94,7,0,0
BRDA:121,8,0,1
BRDA:122,9,0,1
BRDA:132,10,0,1
BRDA:132,10,1,0
BRDA:160,11,0,1
BRDA:165,12,0,0
BRDA:185,13,0,1
BRDA:198,14,0,3
BRDA:198,14,1,1
BRDA:199,15,0,0
BRDA:202,16,0,1
BRDA:205,17,0,1
BRDA:212,18,0,1
BRDA:223,19,0,0
BRDA:239,20,0,1
BRDA:239,21,0,1
BRDA:239,21,1,1
BRDA:264,22,0,0
BRDA:269,23,0,0
BRDA:279,24,0,2
BRDA:279,25,0,3
BRDA:279,25,1,2
BRDA:297,26,0,2
BRDA:307,27,0,1
BRDA:310,28,0,1
BRDA:315,29,0,1
BRDA:316,30,0,1
BRDA:331,31,0,1
BRDA:347,32,0,1
BRDA:350,33,0,1
BRDA:355,34,0,1
BRDA:365,35,0,0
BRDA:376,36,0,1
BRDA:379,37,0,1
BRDA:388,38,0,1
BRDA:396,39,0,0
BRDA:397,40,0,0
BRDA:453,41,0,3
BRDA:453,41,1,1
BRDA:462,42,0,2
BRDA:469,43,0,1
BRDA:487,44,0,1
BRDA:487,44,1,0
BRDA:487,45,0,1
BRDA:487,45,1,0
BRDA:493,46,0,1
BRDA:500,47,0,0
BRDA:512,48,0,1
BRDA:512,48,1,0
BRDA:512,49,0,1
BRDA:512,49,1,0
BRDA:530,50,0,1
BRDA:530,50,1,1
BRDA:537,51,0,0
BRDA:537,51,1,0
BRDA:549,52,0,1
BRDA:550,53,0,1
BRDA:554,54,0,1
BRDA:554,54,1,1
BRDA:558,55,0,0
BRDA:576,56,0,2
BRDA:576,56,1,1
BRDA:588,57,0,1
BRDA:589,58,0,1
BRDA:595,59,0,1
BRDA:595,59,1,0
BRDA:603,60,0,1
BRDA:608,61,0,0
BRF:78
BRH:55
end_of_record
TN:
SF:src/modules/household/validation.ts
FN:31,(anonymous_0)
FNF:1
FNH:0
FNDA:0,(anonymous_0)
DA:1,0
DA:4,0
DA:13,0
DA:22,0
DA:28,0
DA:31,0
LF:6
LH:0
BRF:0
BRH:0
end_of_record
TN:
SF:src/modules/journal/controller.ts
FN:6,getUserId
FN:11,getClientTimeZone
FN:16,create
FN:23,list
FN:30,getById
FN:37,update
FN:44,remove
FN:51,stats
FN:58,history
FN:66,onThisDay
FN:74,uploadMedia
FN:84,(anonymous_20)
FN:89,(anonymous_21)
FNF:13
FNH:0
FNDA:0,getUserId
FNDA:0,getClientTimeZone
FNDA:0,create
FNDA:0,list
FNDA:0,getById
FNDA:0,update
FNDA:0,remove
FNDA:0,stats
FNDA:0,history
FNDA:0,onThisDay
FNDA:0,uploadMedia
FNDA:0,(anonymous_20)
FNDA:0,(anonymous_21)
DA:3,0
DA:4,0
DA:7,0
DA:12,0
DA:13,0
DA:16,0
DA:17,0
DA:18,0
DA:19,0
DA:20,0
DA:23,0
DA:24,0
DA:25,0
DA:26,0
DA:27,0
DA:30,0
DA:31,0
DA:32,0
DA:33,0
DA:34,0
DA:37,0
DA:38,0
DA:39,0
DA:40,0
DA:41,0
DA:44,0
DA:45,0
DA:46,0
DA:47,0
DA:48,0
DA:51,0
DA:52,0
DA:53,0
DA:54,0
DA:55,0
DA:58,0
DA:59,0
DA:60,0
DA:61,0
DA:62,0
DA:63,0
DA:66,0
DA:67,0
DA:68,0
DA:69,0
DA:70,0
DA:71,0
DA:74,0
DA:75,0
DA:76,0
DA:77,0
DA:78,0
DA:79,0
DA:84,0
DA:85,0
DA:86,0
DA:88,0
DA:90,0
DA:99,0
DA:107,0
DA:108,0
LF:61
LH:0
BRDA:13,0,0,0
BRDA:13,0,1,0
BRDA:77,1,0,0
BRDA:77,2,0,0
BRDA:77,2,1,0
BRDA:84,3,0,0
BRF:6
BRH:0
end_of_record
TN:
SF:src/modules/journal/routes.ts
FNF:0
FNH:0
DA:1,0
DA:2,0
DA:3,0
DA:4,0
DA:5,0
DA:6,0
DA:15,0
DA:17,0
DA:21,0
DA:22,0
DA:23,0
DA:24,0
DA:27,0
DA:28,0
DA:29,0
DA:30,0
DA:31,0
DA:33,0
LF:18
LH:0
BRF:0
BRH:0
end_of_record
TN:
SF:src/modules/journal/service.ts
FN:30,getUserHousehold
FN:40,getTimeZone
FN:46,isValidTimeZone
FN:56,dateKey
FN:61,keyMinusDays
FN:69,countWords
FN:75,moodScore
FN:81,normalizeTags
FN:85,toMediaResponse
FN:86,(anonymous_9)
FN:95,toEntryResponse
FN:117,createEntry
FN:134,(anonymous_12)
FN:153,listEntries
FN:189,getEntryById
FN:204,updateEntry
FN:231,(anonymous_16)
FN:232,(anonymous_17)
FN:233,(anonymous_18)
FN:243,(anonymous_19)
FN:263,deleteEntry
FN:280,(anonymous_21)
FN:282,(anonymous_22)
FN:312,promptForDay
FN:328,computeStreak
FN:339,computeBestStreak
FN:351,getStats
FN:424,monthStart
FN:429,monthMinus
FN:436,averageScore
FN:438,(anonymous_30)
FN:441,getHistory
FN:488,(anonymous_32)
FN:489,(anonymous_33)
FN:501,(anonymous_34)
FN:509,(anonymous_35)
FN:510,(anonymous_36)
FN:524,(anonymous_37)
FN:535,getOnThisDay
FN:564,(anonymous_39)
FN:580,(anonymous_40)
FNF:41
FNH:37
FNDA:26,getUserHousehold
FNDA:15,getTimeZone
FNDA:15,isValidTimeZone
FNDA:50,dateKey
FNDA:83,keyMinusDays
FNDA:20,countWords
FNDA:16,moodScore
FNDA:12,normalizeTags
FNDA:6,toMediaResponse
FNDA:1,(anonymous_9)
FNDA:6,toEntryResponse
FNDA:3,createEntry
FNDA:1,(anonymous_12)
FNDA:2,listEntries
FNDA:2,getEntryById
FNDA:2,updateEntry
FNDA:0,(anonymous_16)
FNDA:0,(anonymous_17)
FNDA:0,(anonymous_18)
FNDA:0,(anonymous_19)
FNDA:2,deleteEntry
FNDA:12,(anonymous_21)
FNDA:5,(anonymous_22)
FNDA:8,promptForDay
FNDA:8,computeStreak
FNDA:8,computeBestStreak
FNDA:8,getStats
FNDA:10,monthStart
FNDA:10,monthMinus
FNDA:10,averageScore
FNDA:6,(anonymous_30)
FNDA:5,getHistory
FNDA:2,(anonymous_32)
FNDA:5,(anonymous_33)
FNDA:5,(anonymous_34)
FNDA:2,(anonymous_35)
FNDA:1,(anonymous_36)
FNDA:5,(anonymous_37)
FNDA:2,getOnThisDay
FNDA:6,(anonymous_39)
FNDA:6,(anonymous_40)
DA:1,1
DA:2,1
DA:3,1
DA:4,1
DA:5,1
DA:6,1
DA:7,1
DA:8,1
DA:31,26
DA:41,15
DA:42,0
DA:43,0
DA:47,15
DA:48,15
DA:49,15
DA:51,0
DA:57,50
DA:62,83
DA:63,83
DA:64,83
DA:65,83
DA:70,20
DA:71,19
DA:72,19
DA:78,16
DA:82,12
DA:86,6
DA:96,6
DA:97,6
DA:117,1
DA:121,3
DA:123,2
DA:132,2
DA:133,1
DA:134,1
DA:145,2
DA:148,2
DA:150,2
DA:153,1
DA:157,2
DA:158,2
DA:159,2
DA:161,2
DA:162,0
DA:167,0
DA:168,0
DA:172,2
DA:179,2
DA:180,2
DA:182,2
DA:189,1
DA:193,2
DA:195,2
DA:199,2
DA:201,1
DA:204,1
DA:209,2
DA:211,2
DA:214,2
DA:218,1
DA:219,1
DA:220,1
DA:221,1
DA:222,1
DA:229,1
DA:230,0
DA:231,0
DA:232,0
DA:233,0
DA:235,0
DA:241,0
DA:242,0
DA:243,0
DA:255,1
DA:258,1
DA:260,1
DA:263,1
DA:264,2
DA:266,2
DA:269,2
DA:271,1
DA:278,1
DA:280,12
DA:282,5
DA:289,1
DA:304,1
DA:315,8
DA:316,8
DA:317,8
DA:329,8
DA:330,8
DA:331,8
DA:332,8
DA:333,8
DA:335,8
DA:340,8
DA:341,8
DA:342,8
DA:343,8
DA:344,14
DA:345,14
DA:346,14
DA:348,8
DA:351,1
DA:355,8
DA:356,8
DA:357,8
DA:359,8
DA:368,8
DA:384,8
DA:385,8
DA:387,8
DA:388,15
DA:389,15
DA:391,15
DA:394,8
DA:395,8
DA:396,8
DA:400,15
DA:401,14
DA:402,14
DA:405,8
DA:406,8
DA:407,8
DA:408,56
DA:409,56
DA:412,8
DA:425,10
DA:430,10
DA:431,10
DA:432,10
DA:437,10
DA:438,6
DA:441,1
DA:446,5
DA:447,5
DA:448,5
DA:449,5
DA:453,5
DA:466,5
DA:467,5
DA:470,5
DA:471,5
DA:473,5
DA:474,9
DA:475,9
DA:476,3
DA:477,3
DA:479,6
DA:480,6
DA:481,6
DA:482,6
DA:483,3
DA:487,5
DA:488,2
DA:489,5
DA:494,5
DA:495,5
DA:496,5
DA:497,5
DA:498,4
DA:501,5
DA:502,5
DA:504,5
DA:508,5
DA:509,2
DA:510,1
DA:513,5
DA:514,5
DA:516,5
DA:518,5
DA:524,5
DA:535,1
DA:540,2
DA:541,2
DA:542,2
DA:543,2
DA:549,2
DA:550,2
DA:551,10
DA:554,10
DA:555,6
DA:556,6
DA:563,2
DA:565,6
DA:570,6
DA:571,2
DA:580,6
LF:188
LH:174
BRDA:41,0,0,15
BRDA:41,1,0,15
BRDA:41,1,1,15
BRDA:43,2,0,0
BRDA:43,2,1,0
BRDA:70,3,0,1
BRDA:72,4,0,19
BRDA:72,4,1,0
BRDA:82,5,0,2
BRDA:82,5,1,10
BRDA:96,6,0,6
BRDA:96,6,1,0
BRDA:100,7,0,6
BRDA:100,7,1,6
BRDA:127,8,0,2
BRDA:127,8,1,1
BRDA:128,9,0,2
BRDA:128,9,1,2
BRDA:129,10,0,0
BRDA:129,10,1,2
BRDA:129,11,0,2
BRDA:129,11,1,0
BRDA:132,12,0,1
BRDA:132,13,0,2
BRDA:132,13,1,1
BRDA:139,14,0,1
BRDA:139,14,1,1
BRDA:140,15,0,1
BRDA:140,15,1,0
BRDA:148,16,0,0
BRDA:158,17,0,2
BRDA:158,17,1,0
BRDA:161,18,0,0
BRDA:167,19,0,0
BRDA:184,20,0,1
BRDA:184,20,1,1
BRDA:199,21,0,1
BRDA:214,22,0,1
BRDA:219,23,0,1
BRDA:220,24,0,0
BRDA:221,25,0,0
BRDA:221,26,0,0
BRDA:221,26,1,0
BRDA:222,27,0,1
BRDA:229,28,0,0
BRDA:238,29,0,0
BRDA:238,29,1,0
BRDA:241,30,0,0
BRDA:248,31,0,0
BRDA:248,31,1,0
BRDA:249,32,0,0
BRDA:249,32,1,0
BRDA:258,33,0,0
BRDA:269,34,0,1
BRDA:282,35,0,5
BRDA:282,35,1,1
BRDA:282,35,2,4
BRDA:329,36,0,3
BRDA:329,36,1,5
BRDA:344,37,0,6
BRDA:344,37,1,8
BRDA:344,38,0,14
BRDA:344,38,1,8
BRDA:346,39,0,12
BRDA:391,40,0,0
BRDA:400,41,0,1
BRDA:409,42,0,56
BRDA:409,42,1,56
BRDA:437,43,0,6
BRDA:448,44,0,5
BRDA:448,44,1,1
BRDA:475,45,0,3
BRDA:476,46,0,3
BRDA:479,47,0,0
BRDA:481,48,0,6
BRDA:483,49,0,3
BRDA:483,49,1,2
BRDA:495,50,0,5
BRDA:495,50,1,4
BRDA:498,51,0,3
BRDA:498,52,0,4
BRDA:498,52,1,1
BRDA:504,53,0,1
BRDA:504,53,1,4
BRDA:504,54,0,5
BRDA:504,54,1,3
BRDA:504,54,2,1
BRDA:510,55,0,1
BRDA:510,55,1,0
BRDA:523,56,0,3
BRDA:523,56,1,2
BRDA:542,57,0,2
BRDA:542,57,1,0
BRDA:554,58,0,4
BRDA:554,59,0,10
BRDA:554,59,1,5
BRDA:554,59,2,5
BRDA:570,60,0,4
BRDA:575,61,0,2
BRDA:575,61,1,0
BRF:100
BRH:71
end_of_record
TN:
SF:src/modules/journal/validation.ts
FN:15,(anonymous_0)
FN:38,(anonymous_1)
FN:38,(anonymous_2)
FN:47,(anonymous_3)
FN:63,(anonymous_4)
FNF:5
FNH:0
FNDA:0,(anonymous_0)
FNDA:0,(anonymous_1)
FNDA:0,(anonymous_2)
FNDA:0,(anonymous_3)
FNDA:0,(anonymous_4)
DA:1,1
DA:5,1
DA:7,1
DA:12,1
DA:15,0
DA:21,1
DA:30,1
DA:35,1
DA:38,0
DA:40,1
DA:47,0
DA:52,1
DA:64,0
DA:73,1
DA:77,1
DA:84,1
DA:93,1
LF:17
LH:13
BRDA:47,0,0,0
BRDA:47,0,1,0
BRDA:47,0,2,0
BRDA:64,1,0,0
BRDA:64,1,1,0
BRDA:64,1,2,0
BRDA:64,1,3,0
BRF:7
BRH:0
end_of_record
TN:
SF:src/modules/notification/controller.ts
FN:5,getUserId
FN:9,registerToken
FN:16,unregisterToken
FN:23,getHistory
FN:33,markAsRead
FN:40,markAllAsRead
FN:47,getUnreadCount
FN:54,getPreferences
FN:61,updatePreferences
FNF:9
FNH:0
FNDA:0,getUserId
FNDA:0,registerToken
FNDA:0,unregisterToken
FNDA:0,getHistory
FNDA:0,markAsRead
FNDA:0,markAllAsRead
FNDA:0,getUnreadCount
FNDA:0,getPreferences
FNDA:0,updatePreferences
DA:3,0
DA:6,0
DA:9,0
DA:10,0
DA:11,0
DA:12,0
DA:13,0
DA:16,0
DA:17,0
DA:18,0
DA:19,0
DA:20,0
DA:23,0
DA:24,0
DA:25,0
DA:29,0
DA:30,0
DA:33,0
DA:34,0
DA:35,0
DA:36,0
DA:37,0
DA:40,0
DA:41,0
DA:42,0
DA:43,0
DA:44,0
DA:47,0
DA:48,0
DA:49,0
DA:50,0
DA:51,0
DA:54,0
DA:55,0
DA:56,0
DA:57,0
DA:58,0
DA:61,0
DA:62,0
DA:63,0
DA:64,0
DA:65,0
LF:42
LH:0
BRDA:27,0,0,0
BRDA:27,0,1,0
BRF:2
BRH:0
end_of_record
TN:
SF:src/modules/notification/routes.ts
FNF:0
FNH:0
DA:1,0
DA:2,0
DA:3,0
DA:4,0
DA:5,0
DA:7,0
DA:9,0
DA:12,0
DA:13,0
DA:16,0
DA:17,0
DA:18,0
DA:19,0
DA:22,0
DA:23,0
DA:25,0
LF:16
LH:0
BRF:0
BRH:0
end_of_record
TN:
SF:src/modules/notification/service.ts
FN:41,registerToken
FN:62,unregisterToken
FN:70,getUserTokens
FN:75,(anonymous_4)
FN:81,getHistory
FN:112,markAsRead
FN:129,markAllAsRead
FN:139,getPreferences
FN:174,updatePreferences
FN:219,sendToUser
FN:252,(anonymous_11)
FN:258,getUnreadCount
FN:266,toHistoryResponse
FNF:13
FNH:12
FNDA:3,registerToken
FNDA:1,unregisterToken
FNDA:2,getUserTokens
FNDA:2,(anonymous_4)
FNDA:1,getHistory
FNDA:1,markAsRead
FNDA:1,markAllAsRead
FNDA:1,getPreferences
FNDA:1,updatePreferences
FNDA:6,sendToUser
FNDA:0,(anonymous_11)
FNDA:1,getUnreadCount
FNDA:2,toHistoryResponse
DA:1,4
DA:2,4
DA:3,4
DA:8,4
DA:9,4
DA:10,4
DA:11,4
DA:26,4
DA:41,4
DA:53,3
DA:62,4
DA:66,1
DA:70,4
DA:71,2
DA:75,2
DA:81,4
DA:85,1
DA:87,1
DA:88,1
DA:89,0
DA:92,1
DA:98,1
DA:99,1
DA:100,1
DA:104,1
DA:112,4
DA:116,1
DA:119,1
DA:121,1
DA:122,1
DA:123,1
DA:125,1
DA:129,4
DA:130,1
DA:139,4
DA:142,1
DA:144,1
DA:145,1
DA:160,1
DA:174,4
DA:178,1
DA:180,1
DA:181,0
DA:187,1
DA:188,1
DA:189,1
DA:190,1
DA:191,1
DA:192,1
DA:193,1
DA:194,1
DA:195,1
DA:196,1
DA:199,1
DA:219,4
DA:228,6
DA:241,6
DA:242,6
DA:243,4
DA:244,4
DA:248,5
DA:249,2
DA:250,2
DA:251,2
DA:252,0
DA:258,4
DA:259,1
DA:267,2
LF:68
LH:65
BRDA:85,0,0,1
BRDA:85,0,1,1
BRDA:88,1,0,0
BRDA:100,2,0,0
BRDA:100,2,1,1
BRDA:100,3,0,1
BRDA:100,3,1,0
BRDA:119,4,0,0
BRDA:144,5,0,1
BRDA:180,6,0,0
BRDA:180,6,1,1
BRDA:187,7,0,1
BRDA:188,8,0,0
BRDA:189,9,0,0
BRDA:190,10,0,0
BRDA:191,11,0,0
BRDA:192,12,0,0
BRDA:193,13,0,0
BRDA:194,14,0,0
BRDA:195,15,0,0
BRDA:233,16,0,6
BRDA:233,16,1,0
BRDA:234,17,0,6
BRDA:234,17,1,4
BRDA:242,18,0,4
BRDA:244,19,0,1
BRDA:244,20,0,4
BRDA:244,20,1,2
BRDA:248,21,0,2
BRDA:248,22,0,5
BRDA:248,22,1,2
BRDA:250,23,0,2
BRDA:251,24,0,2
BRDA:251,24,1,0
BRDA:251,25,0,2
BRDA:251,25,1,2
BRDA:274,26,0,1
BRDA:274,26,1,1
BRF:38
BRH:23
end_of_record
TN:
SF:src/modules/notification/validation.ts
FNF:0
FNH:0
DA:1,0
DA:4,0
DA:11,0
LF:3
LH:0
BRF:0
BRH:0
end_of_record
TN:
SF:src/modules/ping/controller.ts
FN:5,getUserId
FN:9,create
FN:16,respond
FN:23,list
FN:30,updateLocation
FN:37,stopShareCtrl
FNF:6
FNH:0
FNDA:0,getUserId
FNDA:0,create
FNDA:0,respond
FNDA:0,list
FNDA:0,updateLocation
FNDA:0,stopShareCtrl
DA:3,0
DA:6,0
DA:9,0
DA:10,0
DA:11,0
DA:12,0
DA:13,0
DA:16,0
DA:17,0
DA:18,0
DA:19,0
DA:20,0
DA:23,0
DA:24,0
DA:25,0
DA:26,0
DA:27,0
DA:30,0
DA:31,0
DA:32,0
DA:33,0
DA:34,0
DA:37,0
DA:38,0
DA:39,0
DA:40,0
DA:41,0
LF:27
LH:0
BRF:0
BRH:0
end_of_record
TN:
SF:src/modules/ping/routes.ts
FNF:0
FNH:0
DA:1,0
DA:2,0
DA:3,0
DA:4,0
DA:5,0
DA:13,0
DA:15,0
DA:18,0
DA:21,0
DA:25,0
DA:28,0
DA:31,0
DA:33,0
LF:13
LH:0
BRF:0
BRH:0
end_of_record
TN:
SF:src/modules/ping/service.ts
FN:18,getUserHousehold
FN:22,toPingRequestResponse
FN:48,isShareActive
FN:61,loadFull
FN:71,createPingRequest
FN:124,(anonymous_14)
FN:135,respondToPingRequest
FN:164,(anonymous_16)
FN:201,(anonymous_17)
FN:232,listPingRequests
FN:271,updateSharedLocation
FN:305,stopShare
FNF:12
FNH:9
FNDA:3,getUserHousehold
FNDA:6,toPingRequestResponse
FNDA:2,isShareActive
FNDA:5,loadFull
FNDA:3,createPingRequest
FNDA:0,(anonymous_14)
FNDA:5,respondToPingRequest
FNDA:0,(anonymous_16)
FNDA:0,(anonymous_17)
FNDA:2,listPingRequests
FNDA:3,updateSharedLocation
FNDA:2,stopShare
DA:1,1
DA:2,1
DA:3,1
DA:4,1
DA:5,1
DA:6,1
DA:7,1
DA:19,3
DA:23,6
DA:24,6
DA:25,6
DA:49,2
DA:56,1
DA:62,5
DA:71,1
DA:75,3
DA:77,3
DA:78,1
DA:81,2
DA:84,2
DA:85,1
DA:92,1
DA:95,1
DA:96,0
DA:97,0
DA:100,1
DA:101,1
DA:103,1
DA:112,1
DA:113,1
DA:116,1
DA:126,1
DA:128,1
DA:135,1
DA:140,5
DA:141,5
DA:142,1
DA:144,4
DA:145,1
DA:147,3
DA:148,1
DA:151,2
DA:152,1
DA:153,1
DA:154,1
DA:156,1
DA:166,1
DA:167,1
DA:169,1
DA:180,1
DA:181,1
DA:182,1
DA:183,1
DA:184,1
DA:187,1
DA:188,1
DA:189,1
DA:190,1
DA:192,1
DA:193,1
DA:208,2
DA:221,2
DA:222,2
DA:224,2
DA:226,2
DA:232,1
DA:236,2
DA:238,2
DA:241,2
DA:242,0
DA:244,2
DA:245,0
DA:248,2
DA:255,2
DA:256,2
DA:258,2
DA:271,1
DA:276,3
DA:277,3
DA:278,0
DA:280,3
DA:281,1
DA:283,2
DA:284,1
DA:287,1
DA:288,1
DA:289,1
DA:290,1
DA:292,1
DA:293,1
DA:295,1
DA:297,1
DA:305,1
DA:309,2
DA:310,2
DA:311,0
DA:313,2
DA:314,1
DA:317,1
DA:318,1
DA:320,1
DA:321,1
DA:323,1
DA:325,1
LF:104
LH:98
BRDA:23,0,0,6
BRDA:23,0,1,0
BRDA:24,1,0,6
BRDA:24,1,1,0
BRDA:28,2,0,6
BRDA:28,2,1,0
BRDA:31,3,0,6
BRDA:31,3,1,0
BRDA:37,4,0,0
BRDA:37,4,1,6
BRDA:39,5,0,2
BRDA:39,5,1,4
BRDA:40,6,0,1
BRDA:40,6,1,5
BRDA:41,7,0,1
BRDA:41,7,1,5
BRDA:42,8,0,1
BRDA:42,8,1,5
BRDA:50,9,0,2
BRDA:50,9,1,2
BRDA:50,9,2,2
BRDA:77,10,0,1
BRDA:84,11,0,1
BRDA:95,12,0,0
BRDA:97,13,0,0
BRDA:97,13,1,0
BRDA:101,14,0,1
BRDA:101,14,1,0
BRDA:109,15,0,1
BRDA:109,15,1,1
BRDA:113,16,0,1
BRDA:113,16,1,0
BRDA:141,17,0,1
BRDA:144,18,0,1
BRDA:147,19,0,1
BRDA:151,20,0,1
BRDA:151,20,1,1
BRDA:167,21,0,1
BRDA:167,21,1,0
BRDA:173,22,0,1
BRDA:173,22,1,0
BRDA:174,23,0,1
BRDA:174,23,1,0
BRDA:175,24,0,1
BRDA:175,24,1,0
BRDA:183,25,0,1
BRDA:183,25,1,0
BRDA:184,26,0,1
BRDA:184,26,1,0
BRDA:187,27,0,1
BRDA:187,27,1,0
BRDA:188,28,0,1
BRDA:188,28,1,0
BRDA:192,29,0,1
BRDA:192,29,1,0
BRDA:222,30,0,2
BRDA:222,30,1,0
BRDA:236,31,0,2
BRDA:236,31,1,0
BRDA:239,32,0,1
BRDA:239,32,1,1
BRDA:241,33,0,0
BRDA:244,34,0,0
BRDA:260,35,0,0
BRDA:260,35,1,2
BRDA:260,36,0,2
BRDA:260,36,1,0
BRDA:277,37,0,0
BRDA:280,38,0,1
BRDA:283,39,0,1
BRDA:293,40,0,1
BRDA:293,40,1,0
BRDA:310,41,0,0
BRDA:313,42,0,1
BRDA:321,43,0,1
BRDA:321,43,1,0
BRF:76
BRH:47
end_of_record
TN:
SF:src/modules/ping/validation.ts
FN:21,(anonymous_0)
FN:27,(anonymous_1)
FNF:2
FNH:0
FNDA:0,(anonymous_0)
FNDA:0,(anonymous_1)
DA:1,0
DA:4,0
DA:11,0
DA:22,0
DA:27,0
DA:32,0
DA:40,0
DA:44,0
LF:8
LH:0
BRDA:22,0,0,0
BRDA:22,0,1,0
BRDA:22,0,2,0
BRDA:22,0,3,0
BRDA:27,1,0,0
BRDA:27,1,1,0
BRF:6
BRH:0
end_of_record
TN:
SF:src/modules/place/controller.ts
FN:5,getUserId
FN:9,create
FN:16,list
FN:23,update
FN:30,remove
FNF:5
FNH:0
FNDA:0,getUserId
FNDA:0,create
FNDA:0,list
FNDA:0,update
FNDA:0,remove
DA:3,0
DA:6,0
DA:9,0
DA:10,0
DA:11,0
DA:12,0
DA:13,0
DA:16,0
DA:17,0
DA:18,0
DA:19,0
DA:20,0
DA:23,0
DA:24,0
DA:25,0
DA:26,0
DA:27,0
DA:30,0
DA:31,0
DA:32,0
DA:33,0
DA:34,0
LF:22
LH:0
BRF:0
BRH:0
end_of_record
TN:
SF:src/modules/place/routes.ts
FNF:0
FNH:0
DA:1,0
DA:2,0
DA:3,0
DA:4,0
DA:5,0
DA:7,0
DA:9,0
DA:12,0
DA:15,0
DA:18,0
DA:19,0
DA:21,0
LF:12
LH:0
BRF:0
BRH:0
end_of_record
TN:
SF:src/modules/place/service.ts
FN:9,getUserHousehold
FN:13,toSavedPlaceResponse
FN:31,createSavedPlace
FN:52,listSavedPlaces
FN:64,updateSavedPlace
FN:86,deleteSavedPlace
FNF:6
FNH:6
FNDA:3,getUserHousehold
FNDA:3,toSavedPlaceResponse
FNDA:2,createSavedPlace
FNDA:1,listSavedPlaces
FNDA:3,updateSavedPlace
FNDA:2,deleteSavedPlace
DA:1,1
DA:2,1
DA:3,1
DA:4,1
DA:10,3
DA:14,3
DA:31,1
DA:35,2
DA:37,1
DA:48,1
DA:52,1
DA:53,1
DA:55,1
DA:60,1
DA:64,1
DA:69,3
DA:70,3
DA:71,2
DA:72,1
DA:75,1
DA:76,1
DA:77,1
DA:78,1
DA:79,1
DA:80,1
DA:82,1
DA:86,1
DA:87,2
DA:88,2
DA:89,2
DA:90,1
DA:92,1
LF:32
LH:32
BRDA:45,0,0,1
BRDA:45,0,1,0
BRDA:70,1,0,1
BRDA:71,2,0,1
BRDA:75,3,0,1
BRDA:76,4,0,0
BRDA:77,5,0,0
BRDA:78,6,0,0
BRDA:79,7,0,0
BRDA:88,8,0,0
BRDA:89,9,0,1
BRF:11
BRH:5
end_of_record
TN:
SF:src/modules/place/validation.ts
FNF:0
FNH:0
DA:1,0
DA:4,0
DA:6,0
DA:16,0
LF:4
LH:0
BRF:0
BRH:0
end_of_record
TN:
SF:src/modules/task/controller.ts
FN:5,getUserId
FN:9,getUserRole
FN:13,create
FN:20,list
FN:27,getById
FN:34,update
FN:41,remove
FN:48,complete
FN:55,reopen
FN:62,summary
FNF:10
FNH:0
FNDA:0,getUserId
FNDA:0,getUserRole
FNDA:0,create
FNDA:0,list
FNDA:0,getById
FNDA:0,update
FNDA:0,remove
FNDA:0,complete
FNDA:0,reopen
FNDA:0,summary
DA:3,0
DA:6,0
DA:10,0
DA:13,0
DA:14,0
DA:15,0
DA:16,0
DA:17,0
DA:20,0
DA:21,0
DA:22,0
DA:23,0
DA:24,0
DA:27,0
DA:28,0
DA:29,0
DA:30,0
DA:31,0
DA:34,0
DA:35,0
DA:36,0
DA:37,0
DA:38,0
DA:41,0
DA:42,0
DA:43,0
DA:44,0
DA:45,0
DA:48,0
DA:49,0
DA:50,0
DA:51,0
DA:52,0
DA:55,0
DA:56,0
DA:57,0
DA:58,0
DA:59,0
DA:62,0
DA:63,0
DA:64,0
DA:65,0
DA:66,0
LF:43
LH:0
BRF:0
BRH:0
end_of_record
TN:
SF:src/modules/task/routes.ts
FNF:0
FNH:0
DA:1,0
DA:2,0
DA:3,0
DA:4,0
DA:5,0
DA:6,0
DA:12,0
DA:14,0
DA:16,0
DA:17,0
DA:18,0
DA:19,0
DA:20,0
DA:21,0
DA:22,0
DA:23,0
DA:25,0
LF:17
LH:0
BRF:0
BRH:0
end_of_record
TN:
SF:src/modules/task/service.ts
FN:24,toAuthorResponse
FN:33,toAssigneeResponse
FN:42,getUserHousehold
FN:46,todayStart
FN:52,todayEnd
FN:58,computeNextDueDate
FN:83,toISODateString
FN:92,toISOTimestamp
FN:98,toTaskResponse
FN:121,createTask
FN:146,(anonymous_20)
FN:168,(anonymous_21)
FN:175,getTasks
FN:231,getTaskById
FN:249,updateTask
FN:293,deleteTask
FN:309,completeTask
FN:326,(anonymous_27)
FN:365,(anonymous_28)
FN:389,reopenTask
FN:420,getTaskSummary
FNF:21
FNH:18
FNDA:9,toAuthorResponse
FNDA:2,toAssigneeResponse
FNDA:15,getUserHousehold
FNDA:2,todayStart
FNDA:2,todayEnd
FNDA:1,computeNextDueDate
FNDA:19,toISODateString
FNDA:18,toISOTimestamp
FNDA:9,toTaskResponse
FNDA:2,createTask
FNDA:0,(anonymous_20)
FNDA:0,(anonymous_21)
FNDA:2,getTasks
FNDA:2,getTaskById
FNDA:2,updateTask
FNDA:3,deleteTask
FNDA:2,completeTask
FNDA:2,(anonymous_27)
FNDA:0,(anonymous_28)
FNDA:1,reopenTask
FNDA:1,getTaskSummary
DA:1,1
DA:2,1
DA:7,1
DA:8,1
DA:9,1
DA:10,1
DA:11,1
DA:25,9
DA:34,2
DA:43,15
DA:47,2
DA:48,2
DA:49,2
DA:53,2
DA:54,2
DA:55,2
DA:62,1
DA:63,1
DA:64,1
DA:66,1
DA:67,1
DA:69,0
DA:70,0
DA:72,0
DA:73,0
DA:75,0
DA:76,0
DA:78,0
DA:80,1
DA:84,19
DA:85,10
DA:87,2
DA:89,8
DA:93,18
DA:94,12
DA:95,12
DA:99,9
DA:121,1
DA:125,2
DA:129,1
DA:131,1
DA:144,1
DA:145,0
DA:146,0
DA:154,1
DA:161,1
DA:164,1
DA:165,1
DA:166,0
DA:168,0
DA:171,1
DA:175,1
DA:179,2
DA:180,2
DA:186,2
DA:187,1
DA:193,1
DA:194,1
DA:195,1
DA:196,1
DA:202,1
DA:203,2
DA:204,2
DA:205,1
DA:206,1
DA:208,1
DA:209,1
DA:211,0
DA:215,1
DA:218,1
DA:219,1
DA:221,1
DA:227,1
DA:231,1
DA:235,2
DA:236,2
DA:244,2
DA:245,1
DA:249,1
DA:255,2
DA:256,2
DA:264,2
DA:267,2
DA:268,1
DA:271,1
DA:272,1
DA:273,1
DA:274,0
DA:276,1
DA:277,1
DA:278,0
DA:280,1
DA:283,0
DA:284,0
DA:285,0
DA:288,1
DA:289,1
DA:293,1
DA:298,3
DA:299,3
DA:300,3
DA:302,3
DA:303,1
DA:305,2
DA:309,1
DA:313,2
DA:314,2
DA:322,2
DA:325,2
DA:326,2
DA:327,0
DA:330,2
DA:331,2
DA:332,2
DA:333,2
DA:336,2
DA:337,1
DA:342,1
DA:346,1
DA:360,1
DA:363,1
DA:364,0
DA:365,0
DA:375,2
DA:379,2
DA:380,2
DA:382,2
DA:385,2
DA:389,1
DA:394,1
DA:395,1
DA:403,1
DA:407,1
DA:408,0
DA:411,1
DA:412,1
DA:413,1
DA:414,1
DA:416,1
DA:420,1
DA:423,1
DA:424,1
DA:425,1
DA:426,1
DA:428,1
DA:433,1
DA:434,1
DA:435,1
DA:437,1
DA:438,3
DA:439,1
DA:440,1
DA:442,2
DA:443,1
DA:445,1
DA:449,1
LF:156
LH:135
BRDA:62,0,0,0
BRDA:62,1,0,1
BRDA:62,1,1,1
BRDA:64,2,0,1
BRDA:64,2,1,0
BRDA:64,2,2,0
BRDA:64,2,3,0
BRDA:64,2,4,0
BRDA:84,3,0,9
BRDA:85,4,0,2
BRDA:93,5,0,6
BRDA:94,6,0,0
BRDA:107,7,0,9
BRDA:107,7,1,9
BRDA:108,8,0,9
BRDA:108,8,1,0
BRDA:110,9,0,0
BRDA:110,9,1,9
BRDA:114,10,0,9
BRDA:114,10,1,0
BRDA:129,11,0,1
BRDA:129,11,1,0
BRDA:136,12,0,1
BRDA:136,12,1,1
BRDA:137,13,0,1
BRDA:137,13,1,1
BRDA:139,14,0,1
BRDA:139,14,1,1
BRDA:140,15,0,1
BRDA:140,15,1,1
BRDA:141,16,0,0
BRDA:141,16,1,1
BRDA:141,17,0,1
BRDA:141,17,1,1
BRDA:144,18,0,0
BRDA:144,19,0,1
BRDA:144,19,1,0
BRDA:161,20,0,0
BRDA:164,21,0,1
BRDA:164,21,1,1
BRDA:186,22,0,1
BRDA:204,23,0,1
BRDA:204,23,1,1
BRDA:205,24,0,1
BRDA:205,25,0,1
BRDA:205,25,1,1
BRDA:205,25,2,1
BRDA:208,26,0,1
BRDA:208,26,1,0
BRDA:208,27,0,1
BRDA:208,27,1,1
BRDA:219,28,0,0
BRDA:244,29,0,1
BRDA:264,30,0,0
BRDA:267,31,0,1
BRDA:267,32,0,2
BRDA:267,32,1,1
BRDA:271,33,0,1
BRDA:272,34,0,0
BRDA:273,35,0,0
BRDA:274,36,0,0
BRDA:274,36,1,0
BRDA:276,37,0,0
BRDA:277,38,0,0
BRDA:278,39,0,0
BRDA:278,39,1,0
BRDA:280,40,0,0
BRDA:283,41,0,0
BRDA:283,41,1,0
BRDA:284,42,0,0
BRDA:284,42,1,0
BRDA:285,43,0,0
BRDA:285,43,1,0
BRDA:300,44,0,0
BRDA:302,45,0,1
BRDA:302,46,0,3
BRDA:302,46,1,1
BRDA:322,47,0,0
BRDA:325,48,0,2
BRDA:325,48,1,0
BRDA:326,49,0,0
BRDA:336,50,0,1
BRDA:342,51,0,1
BRDA:343,52,0,1
BRDA:343,52,1,1
BRDA:343,52,2,0
BRDA:363,53,0,0
BRDA:403,54,0,0
BRDA:407,55,0,0
BRDA:407,56,0,1
BRDA:407,56,1,0
BRDA:438,57,0,1
BRDA:438,57,1,2
BRDA:439,58,0,1
BRDA:439,59,0,1
BRDA:439,59,1,1
BRDA:439,59,2,1
BRDA:442,60,0,1
BRDA:442,60,1,1
BRDA:442,61,0,2
BRDA:442,61,1,2
BRF:101
BRH:60
end_of_record
TN:
SF:src/modules/task/validation.ts
FNF:0
FNH:0
DA:1,0
DA:4,0
DA:22,0
DA:41,0
LF:4
LH:0
BRF:0
BRH:0
end_of_record
TN:
SF:src/modules/todo/controller.ts
FN:5,getUserId
FN:9,getUserRole
FN:13,create
FN:20,list
FN:28,update
FN:35,remove
FN:42,toggle
FN:49,summary
FNF:8
FNH:0
FNDA:0,getUserId
FNDA:0,getUserRole
FNDA:0,create
FNDA:0,list
FNDA:0,update
FNDA:0,remove
FNDA:0,toggle
FNDA:0,summary
DA:3,0
DA:6,0
DA:10,0
DA:13,0
DA:14,0
DA:15,0
DA:16,0
DA:17,0
DA:20,0
DA:21,0
DA:22,0
DA:23,0
DA:24,0
DA:25,0
DA:28,0
DA:29,0
DA:30,0
DA:31,0
DA:32,0
DA:35,0
DA:36,0
DA:37,0
DA:38,0
DA:39,0
DA:42,0
DA:43,0
DA:44,0
DA:45,0
DA:46,0
DA:49,0
DA:50,0
DA:51,0
DA:52,0
DA:53,0
LF:34
LH:0
BRDA:22,0,0,0
BRDA:22,0,1,0
BRF:2
BRH:0
end_of_record
TN:
SF:src/modules/todo/routes.ts
FNF:0
FNH:0
DA:1,0
DA:2,0
DA:3,0
DA:4,0
DA:5,0
DA:7,0
DA:9,0
DA:11,0
DA:12,0
DA:13,0
DA:14,0
DA:15,0
DA:16,0
DA:18,0
LF:14
LH:0
BRF:0
BRH:0
end_of_record
TN:
SF:src/modules/todo/service.ts
FN:21,toAssignee
FN:31,getUserHousehold
FN:35,toTodoResponse
FN:51,createItem
FN:75,(anonymous_14)
FN:81,getItems
FN:113,updateItem
FN:141,deleteItem
FN:158,toggleComplete
FN:199,getSummary
FNF:10
FNH:9
FNDA:5,toAssignee
FNDA:7,getUserHousehold
FNDA:5,toTodoResponse
FNDA:2,createItem
FNDA:0,(anonymous_14)
FNDA:1,getItems
FNDA:1,updateItem
FNDA:1,deleteItem
FNDA:1,toggleComplete
FNDA:1,getSummary
DA:1,1
DA:2,1
DA:6,1
DA:7,1
DA:8,1
DA:9,1
DA:10,1
DA:22,5
DA:23,0
DA:32,7
DA:36,5
DA:51,1
DA:55,2
DA:57,1
DA:66,1
DA:69,1
DA:72,1
DA:73,0
DA:75,0
DA:78,1
DA:81,1
DA:85,1
DA:87,1
DA:89,1
DA:90,0
DA:91,1
DA:92,0
DA:95,1
DA:101,1
DA:102,1
DA:103,2
DA:104,2
DA:105,1
DA:107,1
DA:110,1
DA:113,1
DA:119,1
DA:120,1
DA:124,1
DA:127,1
DA:128,0
DA:131,1
DA:132,1
DA:133,0
DA:135,1
DA:137,1
DA:138,1
DA:141,1
DA:146,1
DA:147,1
DA:148,1
DA:151,1
DA:152,0
DA:155,1
DA:158,1
DA:163,1
DA:164,1
DA:168,1
DA:171,1
DA:172,0
DA:175,1
DA:176,1
DA:177,0
DA:178,0
DA:180,1
DA:181,1
DA:184,1
DA:185,1
DA:188,1
DA:189,1
DA:190,1
DA:192,1
DA:196,1
DA:199,1
DA:202,1
DA:203,1
DA:204,1
DA:205,1
DA:206,1
DA:208,1
DA:213,1
DA:214,1
DA:216,1
DA:217,3
DA:218,1
DA:219,1
DA:222,2
DA:226,1
LF:88
LH:77
BRDA:22,0,0,5
BRDA:39,1,0,5
BRDA:39,1,1,0
BRDA:40,2,0,0
BRDA:40,2,1,5
BRDA:46,3,0,2
BRDA:46,3,1,3
BRDA:61,4,0,0
BRDA:61,4,1,1
BRDA:62,5,0,1
BRDA:62,5,1,1
BRDA:69,6,0,0
BRDA:72,7,0,0
BRDA:72,8,0,1
BRDA:72,8,1,0
BRDA:83,9,0,1
BRDA:89,10,0,0
BRDA:89,10,1,1
BRDA:91,11,0,0
BRDA:104,12,0,1
BRDA:104,12,1,1
BRDA:124,13,0,0
BRDA:127,14,0,0
BRDA:127,15,0,1
BRDA:127,15,1,0
BRDA:127,15,2,0
BRDA:131,16,0,1
BRDA:132,17,0,0
BRDA:133,18,0,0
BRDA:133,18,1,0
BRDA:135,19,0,0
BRDA:148,20,0,0
BRDA:151,21,0,0
BRDA:151,22,0,1
BRDA:151,22,1,0
BRDA:151,22,2,0
BRDA:168,23,0,0
BRDA:171,24,0,0
BRDA:171,25,0,1
BRDA:171,25,1,0
BRDA:171,25,2,0
BRDA:176,26,0,0
BRDA:176,26,1,1
BRDA:188,27,0,1
BRDA:217,28,0,1
BRDA:217,28,1,2
BRDA:218,29,0,1
BRDA:218,30,0,1
BRDA:218,30,1,1
BRDA:218,30,2,1
BRF:50
BRH:25
end_of_record
TN:
SF:src/modules/todo/validation.ts
FNF:0
FNH:0
DA:1,0
DA:4,0
DA:12,0
LF:3
LH:0
BRF:0
BRH:0
end_of_record
TN:
SF:src/modules/vault/controller.ts
FN:10,getUserId
FN:14,getUserRole
FN:18,uploadDocumentCtrl
FN:40,listDocumentsCtrl
FN:53,getDocumentByIdCtrl
FN:66,updateDocumentCtrl
FN:84,deleteDocumentCtrl
FN:97,hardDeleteDocumentCtrl
FN:110,getStorageUsageCtrl
FN:123,storeUserKeyCtrl
FN:136,getUserKeyCtrl
FN:149,getDocumentKeyCtrl
FNF:12
FNH:0
FNDA:0,getUserId
FNDA:0,getUserRole
FNDA:0,uploadDocumentCtrl
FNDA:0,listDocumentsCtrl
FNDA:0,getDocumentByIdCtrl
FNDA:0,updateDocumentCtrl
FNDA:0,deleteDocumentCtrl
FNDA:0,hardDeleteDocumentCtrl
FNDA:0,getStorageUsageCtrl
FNDA:0,storeUserKeyCtrl
FNDA:0,getUserKeyCtrl
FNDA:0,getDocumentKeyCtrl
DA:2,0
DA:3,0
DA:5,0
DA:11,0
DA:15,0
DA:18,0
DA:23,0
DA:24,0
DA:25,0
DA:28,0
DA:34,0
DA:36,0
DA:40,0
DA:45,0
DA:46,0
DA:47,0
DA:49,0
DA:53,0
DA:58,0
DA:59,0
DA:60,0
DA:62,0
DA:66,0
DA:71,0
DA:72,0
DA:78,0
DA:80,0
DA:84,0
DA:89,0
DA:90,0
DA:91,0
DA:93,0
DA:97,0
DA:102,0
DA:103,0
DA:104,0
DA:106,0
DA:110,0
DA:115,0
DA:116,0
DA:117,0
DA:119,0
DA:123,0
DA:128,0
DA:129,0
DA:130,0
DA:132,0
DA:136,0
DA:141,0
DA:142,0
DA:143,0
DA:145,0
DA:149,0
DA:154,0
DA:155,0
DA:156,0
DA:158,0
LF:57
LH:0
BRDA:24,0,0,0
BRF:1
BRH:0
end_of_record
TN:
SF:src/modules/vault/routes.ts
FNF:0
FNH:0
DA:1,0
DA:2,0
DA:3,0
DA:4,0
DA:5,0
DA:6,0
DA:13,0
DA:15,0
DA:18,0
DA:19,0
DA:20,0
DA:23,0
DA:24,0
DA:27,0
DA:28,0
DA:29,0
DA:32,0
DA:35,0
DA:37,0
LF:19
LH:0
BRF:0
BRH:0
end_of_record
TN:
SF:src/modules/vault/service.ts
FN:25,getUserHousehold
FN:29,toDocumentResponse
FN:48,toKeyResponse
FN:57,checkStorageQuota
FN:71,uploadDocument
FN:89,(anonymous_5)
FN:125,listDocuments
FN:159,getDocumentById
FN:179,getDocumentKey
FN:215,updateDocument
FN:259,deleteDocument
FN:283,(anonymous_11)
FN:291,getStorageUsage
FN:299,(anonymous_13)
FN:311,hardDeleteDocument
FN:338,(anonymous_15)
FN:346,storeUserKey
FN:368,getUserKey
FNF:18
FNH:18
FNDA:17,getUserHousehold
FNDA:6,toDocumentResponse
FNDA:2,toKeyResponse
FNDA:2,checkStorageQuota
FNDA:3,uploadDocument
FNDA:1,(anonymous_5)
FNDA:1,listDocuments
FNDA:2,getDocumentById
FNDA:1,getDocumentKey
FNDA:3,updateDocument
FNDA:3,deleteDocument
FNDA:2,(anonymous_11)
FNDA:1,getStorageUsage
FNDA:2,(anonymous_13)
FNDA:2,hardDeleteDocument
FNDA:1,(anonymous_15)
FNDA:1,storeUserKey
FNDA:2,getUserKey
DA:1,1
DA:2,1
DA:9,1
DA:10,1
DA:11,1
DA:22,1
DA:23,1
DA:25,1
DA:26,17
DA:30,6
DA:49,2
DA:58,2
DA:62,2
DA:63,1
DA:71,1
DA:76,3
DA:79,3
DA:80,1
DA:84,2
DA:86,1
DA:89,1
DA:90,1
DA:102,1
DA:108,1
DA:112,1
DA:116,1
DA:117,0
DA:120,1
DA:125,1
DA:129,1
DA:130,1
DA:132,1
DA:133,1
DA:134,0
DA:137,1
DA:144,1
DA:145,1
DA:146,1
DA:150,1
DA:159,1
DA:163,2
DA:165,2
DA:170,2
DA:171,1
DA:174,1
DA:179,1
DA:183,1
DA:186,1
DA:191,1
DA:192,0
DA:196,1
DA:200,1
DA:201,1
DA:206,0
DA:215,1
DA:221,3
DA:223,3
DA:228,3
DA:229,0
DA:236,3
DA:237,1
DA:240,2
DA:241,2
DA:244,2
DA:246,2
DA:250,2
DA:251,0
DA:254,2
DA:259,1
DA:264,3
DA:266,3
DA:270,3
DA:271,0
DA:275,3
DA:276,1
DA:280,2
DA:283,2
DA:284,2
DA:285,2
DA:291,1
DA:292,1
DA:294,1
DA:299,2
DA:300,1
DA:302,1
DA:311,1
DA:316,2
DA:322,2
DA:323,1
DA:326,1
DA:330,1
DA:331,0
DA:335,1
DA:338,1
DA:339,1
DA:340,1
DA:346,1
DA:350,1
DA:352,1
DA:362,1
DA:363,1
DA:365,1
DA:368,1
DA:369,2
DA:370,2
LF:105
LH:97
BRDA:58,0,0,2
BRDA:58,0,1,1
BRDA:62,1,0,1
BRDA:79,2,0,1
BRDA:116,3,0,0
BRDA:130,4,0,1
BRDA:130,4,1,0
BRDA:133,5,0,0
BRDA:145,6,0,0
BRDA:145,6,1,1
BRDA:146,7,0,0
BRDA:146,7,1,1
BRDA:170,8,0,1
BRDA:191,9,0,0
BRDA:200,10,0,1
BRDA:228,11,0,0
BRDA:236,12,0,1
BRDA:236,13,0,3
BRDA:236,13,1,2
BRDA:240,14,0,2
BRDA:250,15,0,0
BRDA:270,16,0,0
BRDA:275,17,0,1
BRDA:275,18,0,3
BRDA:275,18,1,2
BRDA:322,19,0,1
BRDA:330,20,0,0
BRDA:363,21,0,0
BRDA:370,22,0,1
BRDA:370,22,1,1
BRF:30
BRH:19
end_of_record
TN:
SF:src/modules/vault/validation.ts
FNF:0
FNH:0
DA:1,0
DA:4,0
DA:14,0
DA:23,0
DA:30,0
LF:5
LH:0
BRF:0
BRH:0
end_of_record
TN:
SF:src/shared/middleware/adminApiKey.ts
FN:11,requireAdminApiKey
FNF:1
FNH:1
FNDA:4,requireAdminApiKey
DA:2,1
DA:3,1
DA:11,1
DA:12,4
DA:14,4
DA:15,3
DA:18,1
LF:7
LH:7
BRDA:14,0,0,3
BRDA:14,1,0,4
BRDA:14,1,1,3
BRDA:14,1,2,2
BRF:4
BRH:4
end_of_record
TN:
SF:src/shared/middleware/auth.ts
FN:21,authenticate
FNF:1
FNH:0
FNDA:0,authenticate
DA:2,0
DA:3,0
DA:4,0
DA:21,0
DA:22,0
DA:24,0
DA:25,0
DA:28,0
DA:30,0
DA:31,0
DA:32,0
DA:33,0
DA:35,0
LF:13
LH:0
BRDA:24,0,0,0
BRDA:24,1,0,0
BRDA:24,1,1,0
BRF:3
BRH:0
end_of_record
TN:
SF:src/shared/middleware/errorHandler.ts
FN:5,errorHandler
FNF:1
FNH:0
FNDA:0,errorHandler
DA:2,0
DA:3,0
DA:5,0
DA:11,0
DA:12,0
DA:18,0
DA:21,0
DA:23,0
LF:8
LH:0
BRDA:11,0,0,0
BRF:1
BRH:0
end_of_record
TN:
SF:src/shared/middleware/rbac.ts
FN:13,requireRole
FN:14,(anonymous_1)
FNF:2
FNH:0
FNDA:0,requireRole
FNDA:0,(anonymous_1)
DA:3,0
DA:7,0
DA:13,0
DA:14,0
DA:15,0
DA:16,0
DA:17,0
DA:20,0
DA:21,0
DA:23,0
DA:24,0
DA:29,0
LF:12
LH:0
BRDA:16,0,0,0
BRDA:20,1,0,0
BRDA:20,1,1,0
BRDA:23,2,0,0
BRF:4
BRH:0
end_of_record
TN:
SF:src/shared/middleware/socketAuth.ts
FN:23,socketAuthMiddleware
FN:24,(anonymous_2)
FN:74,setupSocketConnectionHandlers
FN:75,(anonymous_4)
FN:94,(anonymous_5)
FN:125,(anonymous_6)
FN:131,(anonymous_7)
FN:153,requireHouseholdAccess
FNF:8
FNH:0
FNDA:0,socketAuthMiddleware
FNDA:0,(anonymous_2)
FNDA:0,setupSocketConnectionHandlers
FNDA:0,(anonymous_4)
FNDA:0,(anonymous_5)
FNDA:0,(anonymous_6)
FNDA:0,(anonymous_7)
FNDA:0,requireHouseholdAccess
DA:2,0
DA:3,0
DA:4,0
DA:5,0
DA:23,0
DA:24,0
DA:25,0
DA:27,0
DA:28,0
DA:29,0
DA:32,0
DA:33,0
DA:41,0
DA:42,0
DA:43,0
DA:44,0
DA:47,0
DA:48,0
DA:54,0
DA:55,0
DA:59,0
DA:61,0
DA:65,0
DA:66,0
DA:74,0
DA:75,0
DA:76,0
DA:79,0
DA:81,0
DA:82,0
DA:83,0
DA:87,0
DA:94,0
DA:95,0
DA:96,0
DA:97,0
DA:101,0
DA:106,0
DA:107,0
DA:108,0
DA:112,0
DA:113,0
DA:116,0
DA:117,0
DA:118,0
DA:119,0
DA:125,0
DA:126,0
DA:131,0
DA:132,0
DA:133,0
DA:134,0
DA:135,0
DA:136,0
DA:139,0
DA:140,0
DA:141,0
DA:143,0
DA:144,0
DA:153,0
DA:157,0
DA:158,0
DA:161,0
DA:163,0
LF:64
LH:0
BRDA:27,0,0,0
BRDA:44,1,0,0
BRDA:44,1,1,0
BRDA:47,2,0,0
BRDA:54,3,0,0
BRDA:61,4,0,0
BRDA:61,4,1,0
BRDA:81,5,0,0
BRDA:81,5,1,0
BRDA:95,6,0,0
BRDA:95,7,0,0
BRDA:95,7,1,0
BRDA:106,8,0,0
BRDA:112,9,0,0
BRDA:133,10,0,0
BRDA:157,11,0,0
BRF:16
BRH:0
end_of_record
TN:
SF:src/shared/middleware/upload.ts
FN:8,(anonymous_1)
FN:17,(anonymous_2)
FN:26,(anonymous_3)
FNF:3
FNH:0
FNDA:0,(anonymous_1)
FNDA:0,(anonymous_2)
FNDA:0,(anonymous_3)
DA:1,0
DA:3,0
DA:4,0
DA:5,0
DA:6,0
DA:8,0
DA:9,0
DA:10,0
DA:11,0
DA:13,0
DA:17,0
DA:18,0
DA:19,0
DA:20,0
DA:22,0
DA:26,0
DA:27,0
DA:28,0
DA:29,0
DA:31,0
DA:35,0
DA:37,0
DA:43,0
DA:49,0
DA:55,0
DA:61,0
LF:26
LH:0
BRDA:9,0,0,0
BRDA:9,0,1,0
BRDA:10,1,0,0
BRDA:10,1,1,0
BRDA:18,2,0,0
BRDA:18,2,1,0
BRDA:19,3,0,0
BRDA:19,3,1,0
BRDA:27,4,0,0
BRDA:27,4,1,0
BRDA:28,5,0,0
BRDA:28,5,1,0
BRF:12
BRH:0
end_of_record
TN:
SF:src/shared/middleware/validate.ts
FN:11,validate
FN:12,(anonymous_1)
FN:27,(anonymous_2)
FNF:3
FNH:0
FNDA:0,validate
FNDA:0,(anonymous_1)
FNDA:0,(anonymous_2)
DA:2,0
DA:3,0
DA:11,0
DA:12,0
DA:13,0
DA:14,0
DA:15,0
DA:17,0
DA:18,0
DA:20,0
DA:21,0
DA:23,0
DA:25,0
DA:26,0
DA:27,0
DA:29,0
DA:31,0
LF:17
LH:0
BRDA:14,0,0,0
BRDA:17,1,0,0
BRDA:20,2,0,0
BRDA:25,3,0,0
BRDA:25,3,1,0
BRF:5
BRH:0
end_of_record
TN:
SF:src/shared/services/notifications.ts
FN:8,notifyUser
FN:27,notifyHousehold
FN:36,(anonymous_12)
FN:43,(anonymous_13)
FN:44,(anonymous_14)
FN:47,(anonymous_15)
FNF:6
FNH:0
FNDA:0,notifyUser
FNDA:0,notifyHousehold
FNDA:0,(anonymous_12)
FNDA:0,(anonymous_13)
FNDA:0,(anonymous_14)
FNDA:0,(anonymous_15)
DA:1,1
DA:2,1
DA:8,1
DA:16,0
DA:17,0
DA:19,0
DA:27,1
DA:35,0
DA:36,0
DA:37,0
DA:42,0
DA:43,0
DA:44,0
DA:46,0
DA:47,0
DA:50,0
LF:16
LH:4
BRF:0
BRH:0
end_of_record
TN:
SF:src/shared/utils/crypto.ts
FN:8,getKey
FN:13,encrypt
FN:27,decrypt
FNF:3
FNH:3
FNDA:7,getKey
FNDA:3,encrypt
FNDA:5,decrypt
DA:1,1
DA:2,1
DA:4,1
DA:9,7
DA:13,1
DA:14,3
DA:15,3
DA:16,3
DA:17,3
DA:18,3
DA:27,1
DA:28,5
DA:29,5
DA:31,4
DA:32,4
DA:33,4
DA:34,4
DA:35,3
DA:39,3
DA:41,1
LF:20
LH:20
BRDA:29,0,0,1
BRF:1
BRH:1
end_of_record
TN:
SF:src/shared/utils/errors.ts
FN:2,(anonymous_0)
FN:14,(anonymous_1)
FN:20,(anonymous_2)
FN:26,(anonymous_3)
FN:32,(anonymous_4)
FN:38,(anonymous_5)
FNF:6
FNH:6
FNDA:130,(anonymous_0)
FNDA:29,(anonymous_1)
FNDA:3,(anonymous_2)
FNDA:53,(anonymous_3)
FNDA:4,(anonymous_4)
FNDA:10,(anonymous_5)
DA:1,18
DA:3,130
DA:4,130
DA:5,130
DA:7,130
DA:8,130
DA:9,130
DA:13,18
DA:15,29
DA:19,18
DA:21,3
DA:25,18
DA:27,53
DA:31,18
DA:33,4
DA:37,18
DA:39,10
LF:17
LH:17
BRDA:14,0,0,0
BRDA:20,1,0,0
BRDA:26,2,0,0
BRDA:32,3,0,0
BRDA:38,4,0,0
BRF:5
BRH:0
end_of_record
TN:
SF:src/shared/utils/fcm.ts
FN:10,getFirebaseApp
FN:49,sendFCM
FN:61,(anonymous_3)
FN:70,(anonymous_4)
FN:71,(anonymous_5)
FNF:5
FNH:0
FNDA:0,getFirebaseApp
FNDA:0,sendFCM
FNDA:0,(anonymous_3)
FNDA:0,(anonymous_4)
FNDA:0,(anonymous_5)
DA:1,3
DA:2,3
DA:3,3
DA:4,3
DA:5,3
DA:6,3
DA:8,3
DA:11,0
DA:12,0
DA:13,0
DA:17,0
DA:18,0
DA:19,0
DA:35,0
DA:36,0
DA:37,0
DA:38,0
DA:40,0
DA:46,0
DA:49,3
DA:55,0
DA:57,0
DA:58,0
DA:59,0
DA:61,0
DA:67,0
DA:68,0
DA:69,0
DA:70,0
DA:71,0
DA:73,0
DA:76,0
LF:32
LH:8
BRDA:11,0,0,0
BRDA:12,1,0,0
BRDA:12,2,0,0
BRDA:12,2,1,0
BRDA:18,3,0,0
BRDA:18,3,1,0
BRDA:55,4,0,0
BRDA:55,5,0,0
BRDA:55,5,1,0
BRDA:64,6,0,0
BRDA:64,6,1,0
BRDA:68,7,0,0
BRF:12
BRH:0
end_of_record
TN:
SF:src/shared/utils/googleCalendar.ts
FN:38,exchangeCodeForTokens
FN:73,refreshAccessToken
FN:95,getValidAccessToken
FN:111,getPrimaryCalendarId
FN:118,(anonymous_5)
FN:143,listGoogleEvents
FN:201,upsertGoogleEvent
FN:230,deleteGoogleEvent
FNF:8
FNH:0
FNDA:0,exchangeCodeForTokens
FNDA:0,refreshAccessToken
FNDA:0,getValidAccessToken
FNDA:0,getPrimaryCalendarId
FNDA:0,(anonymous_5)
FNDA:0,listGoogleEvents
FNDA:0,upsertGoogleEvent
FNDA:0,deleteGoogleEvent
DA:1,0
DA:3,0
DA:4,0
DA:38,0
DA:39,0
DA:45,0
DA:47,0
DA:53,0
DA:54,0
DA:55,0
DA:58,0
DA:59,0
DA:63,0
DA:66,0
DA:74,0
DA:85,0
DA:86,0
DA:87,0
DA:90,0
DA:91,0
DA:95,0
DA:96,0
DA:97,0
DA:99,0
DA:100,0
DA:103,0
DA:104,0
DA:105,0
DA:106,0
DA:107,0
DA:111,0
DA:112,0
DA:115,0
DA:117,0
DA:118,0
DA:119,0
DA:120,0
DA:143,0
DA:148,0
DA:150,0
DA:151,0
DA:153,0
DA:154,0
DA:155,0
DA:156,0
DA:157,0
DA:159,0
DA:164,0
DA:166,0
DA:167,0
DA:168,0
DA:169,0
DA:170,0
DA:172,0
DA:174,0
DA:179,0
DA:181,0
DA:182,0
DA:183,0
DA:185,0
DA:186,0
DA:189,0
DA:201,0
DA:207,0
DA:215,0
DA:219,0
DA:225,0
DA:226,0
DA:227,0
DA:230,0
DA:231,0
DA:236,0
DA:237,0
LF:73
LH:0
BRDA:45,0,0,0
BRDA:53,1,0,0
BRDA:59,2,0,0
BRDA:85,3,0,0
BRDA:96,4,0,0
BRDA:96,4,1,0
BRDA:97,5,0,0
BRDA:97,6,0,0
BRDA:97,6,1,0
BRDA:99,7,0,0
BRDA:115,8,0,0
BRDA:118,9,0,0
BRDA:118,9,1,0
BRDA:119,10,0,0
BRDA:155,11,0,0
BRDA:155,11,1,0
BRDA:157,12,0,0
BRDA:164,13,0,0
BRDA:164,14,0,0
BRDA:164,14,1,0
BRDA:172,15,0,0
BRDA:179,16,0,0
BRDA:179,16,1,0
BRDA:181,17,0,0
BRDA:185,18,0,0
BRDA:185,18,1,0
BRDA:209,19,0,0
BRDA:209,19,1,0
BRDA:212,20,0,0
BRDA:212,20,1,0
BRDA:215,21,0,0
BRDA:215,21,1,0
BRDA:220,22,0,0
BRDA:220,22,1,0
BRDA:225,23,0,0
BRDA:236,24,0,0
BRDA:236,25,0,0
BRDA:236,25,1,0
BRDA:236,25,2,0
BRF:39
BRH:0
end_of_record
TN:
SF:src/shared/utils/household.ts
FN:13,getUserHousehold
FN:32,isCurrentHouseholdAdmin
FNF:2
FNH:2
FNDA:207,getUserHousehold
FNDA:13,isCurrentHouseholdAdmin
DA:1,14
DA:2,14
DA:13,14
DA:17,207
DA:18,207
DA:19,11
DA:21,196
DA:32,14
DA:33,13
DA:34,13
LF:10
LH:10
BRDA:15,0,0,30
BRDA:18,1,0,11
BRF:2
BRH:2
end_of_record
TN:
SF:src/shared/utils/logger.ts
FN:12,(anonymous_1)
FNF:1
FNH:0
FNDA:0,(anonymous_1)
DA:1,12
DA:2,12
DA:4,12
DA:13,0
DA:23,12
LF:5
LH:4
BRDA:9,0,0,0
BRDA:9,0,1,12
BRDA:13,1,0,0
BRDA:13,1,1,0
BRF:4
BRH:1
end_of_record
TN:
SF:src/shared/utils/mailer.ts
FN:13,getMailer
FN:47,sendAdminAlertEmail
FNF:2
FNH:1
FNDA:4,getMailer
FNDA:0,sendAdminAlertEmail
DA:1,1
DA:3,1
DA:5,1
DA:6,1
DA:13,1
DA:14,4
DA:15,0
DA:18,4
DA:19,4
DA:32,4
DA:35,4
DA:38,1
DA:47,1
DA:48,0
DA:49,0
DA:50,0
DA:53,0
DA:54,0
DA:55,0
DA:56,0
DA:59,0
LF:21
LH:12
BRDA:14,0,0,0
BRDA:18,1,0,4
BRDA:22,2,0,4
BRDA:22,2,1,0
BRDA:48,3,0,0
BRDA:54,4,0,0
BRF:6
BRH:2
end_of_record
TN:
SF:src/shared/utils/otp.ts
FN:8,hashOtpCode
FNF:1
FNH:1
FNDA:16,hashOtpCode
DA:1,1
DA:8,1
DA:9,16
DA:12,1
LF:4
LH:4
BRF:0
BRH:0
end_of_record
TN:
SF:src/shared/utils/s3.ts
FN:10,uploadBuffer
FN:30,deleteObject
FN:41,getSignedUrl
FNF:3
FNH:1
FNDA:0,uploadBuffer
FNDA:0,deleteObject
FNDA:55,getSignedUrl
DA:1,4
DA:2,4
DA:3,4
DA:4,4
DA:5,4
DA:6,4
DA:8,4
DA:10,4
DA:16,0
DA:17,0
DA:18,0
DA:22,0
DA:23,0
DA:25,0
DA:26,0
DA:30,4
DA:31,0
DA:41,4
DA:42,55
DA:43,3
DA:44,0
LF:21
LH:12
BRDA:16,0,0,0
BRDA:16,0,1,0
BRDA:42,1,0,52
BRDA:43,2,0,3
BRF:4
BRH:2
end_of_record
TN:
SF:src/shared/utils/sms.ts
FN:4,sendSms
FNF:1
FNH:0
FNDA:0,sendSms
DA:1,0
DA:2,0
DA:4,0
DA:5,0
DA:6,0
DA:7,0
DA:10,0
LF:7
LH:0
BRDA:6,0,0,0
BRF:1
BRH:0
end_of_record
TN:
SF:src/shared/utils/socket.ts
FN:5,setIO
FN:9,getIO
FNF:2
FNH:1
FNDA:0,setIO
FNDA:8,getIO
DA:3,6
DA:5,6
DA:6,0
DA:9,6
DA:10,8
DA:11,8
DA:13,0
LF:7
LH:5
BRDA:10,0,0,8
BRF:1
BRH:1
end_of_record
TN:
SF:src/socket/chatSocket.ts
FN:15,registerChatSocket
FN:16,(anonymous_2)
FN:18,(anonymous_3)
FN:27,(anonymous_4)
FN:39,(anonymous_5)
FN:52,(anonymous_6)
FNF:6
FNH:0
FNDA:0,registerChatSocket
FNDA:0,(anonymous_2)
FNDA:0,(anonymous_3)
FNDA:0,(anonymous_4)
FNDA:0,(anonymous_5)
FNDA:0,(anonymous_6)
DA:2,0
DA:6,0
DA:15,0
DA:16,0
DA:18,0
DA:19,0
DA:20,0
DA:22,0
DA:27,0
DA:28,0
DA:29,0
DA:31,0
DA:37,0
DA:40,0
DA:41,0
DA:42,0
DA:44,0
DA:52,0
DA:53,0
DA:54,0
DA:56,0
DA:62,0
LF:22
LH:0
BRDA:19,0,0,0
BRDA:19,1,0,0
BRDA:19,1,1,0
BRDA:20,2,0,0
BRDA:28,3,0,0
BRDA:28,4,0,0
BRDA:28,4,1,0
BRDA:29,5,0,0
BRDA:40,6,0,0
BRDA:40,7,0,0
BRDA:40,7,1,0
BRDA:41,8,0,0
BRDA:41,9,0,0
BRDA:41,9,1,0
BRDA:42,10,0,0
BRDA:53,11,0,0
BRDA:53,12,0,0
BRDA:53,12,1,0
BRDA:54,13,0,0
BRF:19
BRH:0
end_of_record
